# JRE version: Java(TM) SE Runtime Environment (8.0_91-b14) (build 1.8.0_91-b14)
# Java VM: Java HotSpot(TM) 64-Bit Server VM (25.91-b14 mixed mode windows-amd64 compressed oops)
Heap:
 PSYoungGen      total 506368K, used 142946K [0x00000000d6e00000, 0x00000000ff980000, 0x0000000100000000)
  eden space 344576K, 1% used [0x00000000d6e00000,0x00000000d7488a40,0x00000000ebe80000)
  from space 161792K, 84% used [0x00000000ebe80000,0x00000000f438fff0,0x00000000f5c80000)
  to   space 159744K, 0% used [0x00000000f5d80000,0x00000000f5d80000,0x00000000ff980000)
 ParOldGen       total 365568K, used 245745K [0x0000000084a00000, 0x000000009af00000, 0x00000000d6e00000)
  object space 365568K, 67% used [0x0000000084a00000,0x00000000939fc7b0,0x000000009af00000)
 Metaspace       used 25434K, capacity 26044K, committed 26496K, reserved 1073152K
  class space    used 3150K, capacity 3353K, committed 3456K, reserved 1048576K
GC Heap History (10 events):
Event: 54.579 GC heap before
{Heap before GC invocations=67 (full 6):
 PSYoungGen      total 509440K, used 483394K [0x00000000d6e00000, 0x00000000ffe80000, 0x0000000100000000)
  eden space 347648K, 99% used [0x00000000d6e00000,0x00000000ebe5d898,0x00000000ec180000)
  from space 161792K, 85% used [0x00000000f6080000,0x00000000fe833060,0x00000000ffe80000)
  to   space 162304K, 0% used [0x00000000ec180000,0x00000000ec180000,0x00000000f6000000)
 ParOldGen       total 365568K, used 245609K [0x0000000084a00000, 0x000000009af00000, 0x00000000d6e00000)
  object space 365568K, 67% used [0x0000000084a00000,0x00000000939da7a0,0x000000009af00000)
 Metaspace       used 25433K, capacity 26044K, committed 26496K, reserved 1073152K
  class space    used 3150K, capacity 3353K, committed 3456K, reserved 1048576K
Event: 54.609 GC heap after
Heap after GC invocations=67 (full 6):
 PSYoungGen      total 500224K, used 152456K [0x00000000d6e00000, 0x0000000100000000, 0x0000000100000000)
  eden space 347648K, 0% used [0x00000000d6e00000,0x00000000d6e00000,0x00000000ec180000)
  from space 152576K, 99% used [0x00000000ec180000,0x00000000f5662140,0x00000000f5680000)
  to   space 165888K, 0% used [0x00000000f5e00000,0x00000000f5e00000,0x0000000100000000)
 ParOldGen       total 365568K, used 245633K [0x0000000084a00000, 0x000000009af00000, 0x00000000d6e00000)
  object space 365568K, 67% used [0x0000000084a00000,0x00000000939e07a0,0x000000009af00000)
 Metaspace       used 25433K, capacity 26044K, committed 26496K, reserved 1073152K
  class space    used 3150K, capacity 3353K, committed 3456K, reserved 1048576K
}
Event: 55.544 GC heap before
{Heap before GC invocations=68 (full 6):
 PSYoungGen      total 500224K, used 500023K [0x00000000d6e00000, 0x0000000100000000, 0x0000000100000000)
  eden space 347648K, 99% used [0x00000000d6e00000,0x00000000ec16bd20,0x00000000ec180000)
  from space 152576K, 99% used [0x00000000ec180000,0x00000000f5662140,0x00000000f5680000)
  to   space 165888K, 0% used [0x00000000f5e00000,0x00000000f5e00000,0x0000000100000000)
 ParOldGen       total 365568K, used 245633K [0x0000000084a00000, 0x000000009af00000, 0x00000000d6e00000)
  object space 365568K, 67% used [0x0000000084a00000,0x00000000939e07a0,0x000000009af00000)
 Metaspace       used 25433K, capacity 26044K, committed 26496K, reserved 1073152K
  class space    used 3150K, capacity 3353K, committed 3456K, reserved 1048576K
Event: 55.573 GC heap after
Heap after GC invocations=68 (full 6):
 PSYoungGen      total 507904K, used 144356K [0x00000000d6e00000, 0x0000000100000000, 0x0000000100000000)
  eden space 342016K, 0% used [0x00000000d6e00000,0x00000000d6e00000,0x00000000ebc00000)
  from space 165888K, 87% used [0x00000000f5e00000,0x00000000feaf9120,0x0000000100000000)
  to   space 165888K, 0% used [0x00000000ebc00000,0x00000000ebc00000,0x00000000f5e00000)
 ParOldGen       total 365568K, used 245673K [0x0000000084a00000, 0x000000009af00000, 0x00000000d6e00000)
  object space 365568K, 67% used [0x0000000084a00000,0x00000000939ea7b0,0x000000009af00000)
 Metaspace       used 25433K, capacity 26044K, committed 26496K, reserved 1073152K
  class space    used 3150K, capacity 3353K, committed 3456K, reserved 1048576K
}
Event: 56.505 GC heap before
{Heap before GC invocations=69 (full 6):
 PSYoungGen      total 507904K, used 485918K [0x00000000d6e00000, 0x0000000100000000, 0x0000000100000000)
  eden space 342016K, 99% used [0x00000000d6e00000,0x00000000ebb8e908,0x00000000ebc00000)
  from space 165888K, 87% used [0x00000000f5e00000,0x00000000feaf9120,0x0000000100000000)
  to   space 165888K, 0% used [0x00000000ebc00000,0x00000000ebc00000,0x00000000f5e00000)
 ParOldGen       total 365568K, used 245673K [0x0000000084a00000, 0x000000009af00000, 0x00000000d6e00000)
  object space 365568K, 67% used [0x0000000084a00000,0x00000000939ea7b0,0x000000009af00000)
 Metaspace       used 25433K, capacity 26044K, committed 26496K, reserved 1073152K
  class space    used 3150K, capacity 3353K, committed 3456K, reserved 1048576K
Event: 56.535 GC heap after
Heap after GC invocations=69 (full 6):
 PSYoungGen      total 483840K, used 141656K [0x00000000d6e00000, 0x00000000ffd00000, 0x0000000100000000)
  eden space 342016K, 0% used [0x00000000d6e00000,0x00000000d6e00000,0x00000000ebc00000)
  from space 141824K, 99% used [0x00000000ebc00000,0x00000000f4656070,0x00000000f4680000)
  to   space 164352K, 0% used [0x00000000f5c80000,0x00000000f5c80000,0x00000000ffd00000)
 ParOldGen       total 365568K, used 245697K [0x0000000084a00000, 0x000000009af00000, 0x00000000d6e00000)
  object space 365568K, 67% used [0x0000000084a00000,0x00000000939f07b0,0x000000009af00000)
 Metaspace       used 25433K, capacity 26044K, committed 26496K, reserved 1073152K
  class space    used 3150K, capacity 3353K, committed 3456K, reserved 1048576K
}
Event: 57.439 GC heap before
{Heap before GC invocations=70 (full 6):
 PSYoungGen      total 483840K, used 481407K [0x00000000d6e00000, 0x00000000ffd00000, 0x0000000100000000)
  eden space 342016K, 99% used [0x00000000d6e00000,0x00000000eb9c9f70,0x00000000ebc00000)
  from space 141824K, 99% used [0x00000000ebc00000,0x00000000f4656070,0x00000000f4680000)
  to   space 164352K, 0% used [0x00000000f5c80000,0x00000000f5c80000,0x00000000ffd00000)
 ParOldGen       total 365568K, used 245697K [0x0000000084a00000, 0x000000009af00000, 0x00000000d6e00000)
  object space 365568K, 67% used [0x0000000084a00000,0x00000000939f07b0,0x000000009af00000)
 Metaspace       used 25433K, capacity 26044K, committed 26496K, reserved 1073152K
  class space    used 3150K, capacity 3353K, committed 3456K, reserved 1048576K
Event: 57.469 GC heap after
Heap after GC invocations=70 (full 6):
 PSYoungGen      total 508928K, used 137155K [0x00000000d6e00000, 0x0000000100000000, 0x0000000100000000)
  eden space 344576K, 0% used [0x00000000d6e00000,0x00000000d6e00000,0x00000000ebe80000)
  from space 164352K, 83% used [0x00000000f5c80000,0x00000000fe270fb0,0x00000000ffd00000)
  to   space 161792K, 0% used [0x00000000ebe80000,0x00000000ebe80000,0x00000000f5c80000)
 ParOldGen       total 365568K, used 245721K [0x0000000084a00000, 0x000000009af00000, 0x00000000d6e00000)
  object space 365568K, 67% used [0x0000000084a00000,0x00000000939f67b0,0x000000009af00000)
 Metaspace       used 25433K, capacity 26044K, committed 26496K, reserved 1073152K
  class space    used 3150K, capacity 3353K, committed 3456K, reserved 1048576K
}
Event: 58.407 GC heap before
{Heap before GC invocations=71 (full 6):
 PSYoungGen      total 508928K, used 481043K [0x00000000d6e00000, 0x0000000100000000, 0x0000000100000000)
  eden space 344576K, 99% used [0x00000000d6e00000,0x00000000ebdd3e60,0x00000000ebe80000)
  from space 164352K, 83% used [0x00000000f5c80000,0x00000000fe270fb0,0x00000000ffd00000)
  to   space 161792K, 0% used [0x00000000ebe80000,0x00000000ebe80000,0x00000000f5c80000)
 ParOldGen       total 365568K, used 245721K [0x0000000084a00000, 0x000000009af00000, 0x00000000d6e00000)
  object space 365568K, 67% used [0x0000000084a00000,0x00000000939f67b0,0x000000009af00000)
 Metaspace       used 25434K, capacity 26044K, committed 26496K, reserved 1073152K
  class space    used 3150K, capacity 3353K, committed 3456K, reserved 1048576K
Event: 58.436 GC heap after
Heap after GC invocations=71 (full 6):
 PSYoungGen      total 506368K, used 136255K [0x00000000d6e00000, 0x00000000ff980000, 0x0000000100000000)
  eden space 344576K, 0% used [0x00000000d6e00000,0x00000000d6e00000,0x00000000ebe80000)
  from space 161792K, 84% used [0x00000000ebe80000,0x00000000f438fff0,0x00000000f5c80000)
  to   space 159744K, 0% used [0x00000000f5d80000,0x00000000f5d80000,0x00000000ff980000)
 ParOldGen       total 365568K, used 245745K [0x0000000084a00000, 0x000000009af00000, 0x00000000d6e00000)
  object space 365568K, 67% used [0x0000000084a00000,0x00000000939fc7b0,0x000000009af00000)
 Metaspace       used 25434K, capacity 26044K, committed 26496K, reserved 1073152K
  class space    used 3150K, capacity 3353K, committed 3456K, reserved 1048576K
}

