# JRE version: Java(TM) SE Runtime Environment (8.0_91-b14) (build 1.8.0_91-b14)
# Java VM: Java HotSpot(TM) 64-Bit Server VM (25.91-b14 mixed mode windows-amd64 compressed oops)
Heap:
 PSYoungGen      total 488448K, used 175075K [0x00000000d6e00000, 0x0000000100000000, 0x0000000100000000)
  eden space 311296K, 10% used [0x00000000d6e00000,0x00000000d8e6e790,0x00000000e9e00000)
  from space 177152K, 80% used [0x00000000e9e00000,0x00000000f288a5e0,0x00000000f4b00000)
  to   space 178688K, 0% used [0x00000000f5180000,0x00000000f5180000,0x0000000100000000)
 ParOldGen       total 306176K, used 188038K [0x0000000084a00000, 0x0000000097500000, 0x00000000d6e00000)
  object space 306176K, 61% used [0x0000000084a00000,0x00000000901a19d0,0x0000000097500000)
 Metaspace       used 25315K, capacity 25940K, committed 26240K, reserved 1073152K
  class space    used 3145K, capacity 3341K, committed 3456K, reserved 1048576K
GC Heap History (10 events):
Event: 33.308 GC heap before
{Heap before GC invocations=45 (full 6):
 PSYoungGen      total 486912K, used 431640K [0x00000000d6e00000, 0x00000000ffd00000, 0x0000000100000000)
  eden space 304128K, 99% used [0x00000000d6e00000,0x00000000e961fb80,0x00000000e9700000)
  from space 182784K, 70% used [0x00000000f4a80000,0x00000000fc7e6610,0x00000000ffd00000)
  to   space 183296K, 0% used [0x00000000e9700000,0x00000000e9700000,0x00000000f4a00000)
 ParOldGen       total 306176K, used 187910K [0x0000000084a00000, 0x0000000097500000, 0x00000000d6e00000)
  object space 306176K, 61% used [0x0000000084a00000,0x00000000901819d0,0x0000000097500000)
 Metaspace       used 25255K, capacity 25812K, committed 26240K, reserved 1073152K
  class space    used 3144K, capacity 3341K, committed 3456K, reserved 1048576K
Event: 33.339 GC heap after
Heap after GC invocations=45 (full 6):
 PSYoungGen      total 487424K, used 137923K [0x00000000d6e00000, 0x0000000100000000, 0x0000000100000000)
  eden space 304128K, 0% used [0x00000000d6e00000,0x00000000d6e00000,0x00000000e9700000)
  from space 183296K, 75% used [0x00000000e9700000,0x00000000f1db0f80,0x00000000f4a00000)
  to   space 183808K, 0% used [0x00000000f4c80000,0x00000000f4c80000,0x0000000100000000)
 ParOldGen       total 306176K, used 187934K [0x0000000084a00000, 0x0000000097500000, 0x00000000d6e00000)
  object space 306176K, 61% used [0x0000000084a00000,0x00000000901879d0,0x0000000097500000)
 Metaspace       used 25255K, capacity 25812K, committed 26240K, reserved 1073152K
  class space    used 3144K, capacity 3341K, committed 3456K, reserved 1048576K
}
Event: 34.230 GC heap before
{Heap before GC invocations=46 (full 6):
 PSYoungGen      total 487424K, used 440613K [0x00000000d6e00000, 0x0000000100000000, 0x0000000100000000)
  eden space 304128K, 99% used [0x00000000d6e00000,0x00000000e9598568,0x00000000e9700000)
  from space 183296K, 75% used [0x00000000e9700000,0x00000000f1db0f80,0x00000000f4a00000)
  to   space 183808K, 0% used [0x00000000f4c80000,0x00000000f4c80000,0x0000000100000000)
 ParOldGen       total 306176K, used 187934K [0x0000000084a00000, 0x0000000097500000, 0x00000000d6e00000)
  object space 306176K, 61% used [0x0000000084a00000,0x00000000901879d0,0x0000000097500000)
 Metaspace       used 25263K, capacity 25812K, committed 26240K, reserved 1073152K
  class space    used 3144K, capacity 3341K, committed 3456K, reserved 1048576K
Event: 34.262 GC heap after
Heap after GC invocations=46 (full 6):
 PSYoungGen      total 487936K, used 132428K [0x00000000d6e00000, 0x00000000ffd80000, 0x0000000100000000)
  eden space 306688K, 0% used [0x00000000d6e00000,0x00000000d6e00000,0x00000000e9980000)
  from space 181248K, 73% used [0x00000000f4c80000,0x00000000fcdd3128,0x00000000ffd80000)
  to   space 182272K, 0% used [0x00000000e9980000,0x00000000e9980000,0x00000000f4b80000)
 ParOldGen       total 306176K, used 187966K [0x0000000084a00000, 0x0000000097500000, 0x00000000d6e00000)
  object space 306176K, 61% used [0x0000000084a00000,0x000000009018f9d0,0x0000000097500000)
 Metaspace       used 25263K, capacity 25812K, committed 26240K, reserved 1073152K
  class space    used 3144K, capacity 3341K, committed 3456K, reserved 1048576K
}
Event: 35.091 GC heap before
{Heap before GC invocations=47 (full 6):
 PSYoungGen      total 487936K, used 435766K [0x00000000d6e00000, 0x00000000ffd80000, 0x0000000100000000)
  eden space 306688K, 98% used [0x00000000d6e00000,0x00000000e963a710,0x00000000e9980000)
  from space 181248K, 73% used [0x00000000f4c80000,0x00000000fcdd3128,0x00000000ffd80000)
  to   space 182272K, 0% used [0x00000000e9980000,0x00000000e9980000,0x00000000f4b80000)
 ParOldGen       total 306176K, used 187966K [0x0000000084a00000, 0x0000000097500000, 0x00000000d6e00000)
  object space 306176K, 61% used [0x0000000084a00000,0x000000009018f9d0,0x0000000097500000)
 Metaspace       used 25267K, capacity 25812K, committed 26240K, reserved 1073152K
  class space    used 3144K, capacity 3341K, committed 3456K, reserved 1048576K
Event: 35.119 GC heap after
Heap after GC invocations=47 (full 6):
 PSYoungGen      total 434176K, used 127022K [0x00000000d6e00000, 0x00000000ff900000, 0x0000000100000000)
  eden space 306688K, 0% used [0x00000000d6e00000,0x00000000d6e00000,0x00000000e9980000)
  from space 127488K, 99% used [0x00000000e9980000,0x00000000f158bba8,0x00000000f1600000)
  to   space 178176K, 0% used [0x00000000f4b00000,0x00000000f4b00000,0x00000000ff900000)
 ParOldGen       total 306176K, used 187998K [0x0000000084a00000, 0x0000000097500000, 0x00000000d6e00000)
  object space 306176K, 61% used [0x0000000084a00000,0x00000000901979d0,0x0000000097500000)
 Metaspace       used 25267K, capacity 25812K, committed 26240K, reserved 1073152K
  class space    used 3144K, capacity 3341K, committed 3456K, reserved 1048576K
}
Event: 36.060 GC heap before
{Heap before GC invocations=48 (full 6):
 PSYoungGen      total 434176K, used 433035K [0x00000000d6e00000, 0x00000000ff900000, 0x0000000100000000)
  eden space 306688K, 99% used [0x00000000d6e00000,0x00000000e98d7208,0x00000000e9980000)
  from space 127488K, 99% used [0x00000000e9980000,0x00000000f158bba8,0x00000000f1600000)
  to   space 178176K, 0% used [0x00000000f4b00000,0x00000000f4b00000,0x00000000ff900000)
 ParOldGen       total 306176K, used 187998K [0x0000000084a00000, 0x0000000097500000, 0x00000000d6e00000)
  object space 306176K, 61% used [0x0000000084a00000,0x00000000901979d0,0x0000000097500000)
 Metaspace       used 25305K, capacity 25940K, committed 26240K, reserved 1073152K
  class space    used 3144K, capacity 3341K, committed 3456K, reserved 1048576K
Event: 36.097 GC heap after
Heap after GC invocations=48 (full 6):
 PSYoungGen      total 489472K, used 133772K [0x00000000d6e00000, 0x0000000100000000, 0x0000000100000000)
  eden space 311296K, 0% used [0x00000000d6e00000,0x00000000d6e00000,0x00000000e9e00000)
  from space 178176K, 75% used [0x00000000f4b00000,0x00000000fcda30f8,0x00000000ff900000)
  to   space 177152K, 0% used [0x00000000e9e00000,0x00000000e9e00000,0x00000000f4b00000)
 ParOldGen       total 306176K, used 188022K [0x0000000084a00000, 0x0000000097500000, 0x00000000d6e00000)
  object space 306176K, 61% used [0x0000000084a00000,0x000000009019d9d0,0x0000000097500000)
 Metaspace       used 25305K, capacity 25940K, committed 26240K, reserved 1073152K
  class space    used 3144K, capacity 3341K, committed 3456K, reserved 1048576K
}
Event: 37.045 GC heap before
{Heap before GC invocations=49 (full 6):
 PSYoungGen      total 489472K, used 444366K [0x00000000d6e00000, 0x0000000100000000, 0x0000000100000000)
  eden space 311296K, 99% used [0x00000000d6e00000,0x00000000e9d50860,0x00000000e9e00000)
  from space 178176K, 75% used [0x00000000f4b00000,0x00000000fcda30f8,0x00000000ff900000)
  to   space 177152K, 0% used [0x00000000e9e00000,0x00000000e9e00000,0x00000000f4b00000)
 ParOldGen       total 306176K, used 188022K [0x0000000084a00000, 0x0000000097500000, 0x00000000d6e00000)
  object space 306176K, 61% used [0x0000000084a00000,0x000000009019d9d0,0x0000000097500000)
 Metaspace       used 25315K, capacity 25940K, committed 26240K, reserved 1073152K
  class space    used 3145K, capacity 3341K, committed 3456K, reserved 1048576K
Event: 37.083 GC heap after
Heap after GC invocations=49 (full 6):
 PSYoungGen      total 488448K, used 141865K [0x00000000d6e00000, 0x0000000100000000, 0x0000000100000000)
  eden space 311296K, 0% used [0x00000000d6e00000,0x00000000d6e00000,0x00000000e9e00000)
  from space 177152K, 80% used [0x00000000e9e00000,0x00000000f288a5e0,0x00000000f4b00000)
  to   space 178688K, 0% used [0x00000000f5180000,0x00000000f5180000,0x0000000100000000)
 ParOldGen       total 306176K, used 188038K [0x0000000084a00000, 0x0000000097500000, 0x00000000d6e00000)
  object space 306176K, 61% used [0x0000000084a00000,0x00000000901a19d0,0x0000000097500000)
 Metaspace       used 25315K, capacity 25940K, committed 26240K, reserved 1073152K
  class space    used 3145K, capacity 3341K, committed 3456K, reserved 1048576K
}

