# JRE version: Java(TM) SE Runtime Environment (8.0_45-b15) (build 1.8.0_45-b15)
# Java VM: Java HotSpot(TM) 64-Bit Server VM (25.45-b02 mixed mode windows-amd64 compressed oops)
Heap:
 PSYoungGen      total 408064K, used 122844K [0x00000000d5c00000, 0x00000000f1b80000, 0x0000000100000000)
  eden space 359424K, 21% used [0x00000000d5c00000,0x00000000da83e510,0x00000000ebb00000)
  from space 48640K, 92% used [0x00000000eeb00000,0x00000000f16b8e80,0x00000000f1a80000)
  to   space 49152K, 0% used [0x00000000ebb00000,0x00000000ebb00000,0x00000000eeb00000)
 ParOldGen       total 150016K, used 89990K [0x0000000081400000, 0x000000008a680000, 0x00000000d5c00000)
  object space 150016K, 59% used [0x0000000081400000,0x0000000086be1930,0x000000008a680000)
 Metaspace       used 21923K, capacity 22598K, committed 22784K, reserved 1069056K
  class space    used 2776K, capacity 2988K, committed 3072K, reserved 1048576K
GC Heap History (10 events):
Event: 162.931 GC heap before
{Heap before GC invocations=140 (full 2):
 PSYoungGen      total 396288K, used 384004K [0x00000000d5c00000, 0x00000000f1000000, 0x0000000100000000)
  eden space 349696K, 100% used [0x00000000d5c00000,0x00000000eb180000,0x00000000eb180000)
  from space 46592K, 73% used [0x00000000eb180000,0x00000000ed3011d0,0x00000000edf00000)
  to   space 46592K, 0% used [0x00000000ee280000,0x00000000ee280000,0x00000000f1000000)
 ParOldGen       total 150016K, used 89814K [0x0000000081400000, 0x000000008a680000, 0x00000000d5c00000)
  object space 150016K, 59% used [0x0000000081400000,0x0000000086bb5930,0x000000008a680000)
 Metaspace       used 21923K, capacity 22598K, committed 22784K, reserved 1069056K
  class space    used 2776K, capacity 2988K, committed 3072K, reserved 1048576K
Event: 162.941 GC heap after
Heap after GC invocations=140 (full 2):
 PSYoungGen      total 398848K, used 39710K [0x00000000d5c00000, 0x00000000f0f00000, 0x0000000100000000)
  eden space 353280K, 0% used [0x00000000d5c00000,0x00000000d5c00000,0x00000000eb500000)
  from space 45568K, 87% used [0x00000000ee280000,0x00000000f0947830,0x00000000f0f00000)
  to   space 46080K, 0% used [0x00000000eb500000,0x00000000eb500000,0x00000000ee200000)
 ParOldGen       total 150016K, used 89862K [0x0000000081400000, 0x000000008a680000, 0x00000000d5c00000)
  object space 150016K, 59% used [0x0000000081400000,0x0000000086bc1930,0x000000008a680000)
 Metaspace       used 21923K, capacity 22598K, committed 22784K, reserved 1069056K
  class space    used 2776K, capacity 2988K, committed 3072K, reserved 1048576K
}
Event: 164.586 GC heap before
{Heap before GC invocations=141 (full 2):
 PSYoungGen      total 398848K, used 392990K [0x00000000d5c00000, 0x00000000f0f00000, 0x0000000100000000)
  eden space 353280K, 100% used [0x00000000d5c00000,0x00000000eb500000,0x00000000eb500000)
  from space 45568K, 87% used [0x00000000ee280000,0x00000000f0947830,0x00000000f0f00000)
  to   space 46080K, 0% used [0x00000000eb500000,0x00000000eb500000,0x00000000ee200000)
 ParOldGen       total 150016K, used 89862K [0x0000000081400000, 0x000000008a680000, 0x00000000d5c00000)
  object space 150016K, 59% used [0x0000000081400000,0x0000000086bc1930,0x000000008a680000)
 Metaspace       used 21923K, capacity 22598K, committed 22784K, reserved 1069056K
  class space    used 2776K, capacity 2988K, committed 3072K, reserved 1048576K
Event: 164.597 GC heap after
Heap after GC invocations=141 (full 2):
 PSYoungGen      total 399360K, used 43197K [0x00000000d5c00000, 0x00000000f1480000, 0x0000000100000000)
  eden space 353280K, 0% used [0x00000000d5c00000,0x00000000d5c00000,0x00000000eb500000)
  from space 46080K, 93% used [0x00000000eb500000,0x00000000edf2f720,0x00000000ee200000)
  to   space 47104K, 0% used [0x00000000ee680000,0x00000000ee680000,0x00000000f1480000)
 ParOldGen       total 150016K, used 89878K [0x0000000081400000, 0x000000008a680000, 0x00000000d5c00000)
  object space 150016K, 59% used [0x0000000081400000,0x0000000086bc5930,0x000000008a680000)
 Metaspace       used 21923K, capacity 22598K, committed 22784K, reserved 1069056K
  class space    used 2776K, capacity 2988K, committed 3072K, reserved 1048576K
}
Event: 166.282 GC heap before
{Heap before GC invocations=142 (full 2):
 PSYoungGen      total 399360K, used 395719K [0x00000000d5c00000, 0x00000000f1480000, 0x0000000100000000)
  eden space 353280K, 99% used [0x00000000d5c00000,0x00000000eb4426a0,0x00000000eb500000)
  from space 46080K, 93% used [0x00000000eb500000,0x00000000edf2f720,0x00000000ee200000)
  to   space 47104K, 0% used [0x00000000ee680000,0x00000000ee680000,0x00000000f1480000)
 ParOldGen       total 150016K, used 89878K [0x0000000081400000, 0x000000008a680000, 0x00000000d5c00000)
  object space 150016K, 59% used [0x0000000081400000,0x0000000086bc5930,0x000000008a680000)
 Metaspace       used 21923K, capacity 22598K, committed 22784K, reserved 1069056K
  class space    used 2776K, capacity 2988K, committed 3072K, reserved 1048576K
Event: 166.293 GC heap after
Heap after GC invocations=142 (full 2):
 PSYoungGen      total 403456K, used 43282K [0x00000000d5c00000, 0x00000000f1580000, 0x0000000100000000)
  eden space 356352K, 0% used [0x00000000d5c00000,0x00000000d5c00000,0x00000000eb800000)
  from space 47104K, 91% used [0x00000000ee680000,0x00000000f10c4930,0x00000000f1480000)
  to   space 47616K, 0% used [0x00000000eb800000,0x00000000eb800000,0x00000000ee680000)
 ParOldGen       total 150016K, used 89894K [0x0000000081400000, 0x000000008a680000, 0x00000000d5c00000)
  object space 150016K, 59% used [0x0000000081400000,0x0000000086bc9930,0x000000008a680000)
 Metaspace       used 21923K, capacity 22598K, committed 22784K, reserved 1069056K
  class space    used 2776K, capacity 2988K, committed 3072K, reserved 1048576K
}
Event: 168.003 GC heap before
{Heap before GC invocations=143 (full 2):
 PSYoungGen      total 403456K, used 399621K [0x00000000d5c00000, 0x00000000f1580000, 0x0000000100000000)
  eden space 356352K, 99% used [0x00000000d5c00000,0x00000000eb7fcd00,0x00000000eb800000)
  from space 47104K, 91% used [0x00000000ee680000,0x00000000f10c4930,0x00000000f1480000)
  to   space 47616K, 0% used [0x00000000eb800000,0x00000000eb800000,0x00000000ee680000)
 ParOldGen       total 150016K, used 89894K [0x0000000081400000, 0x000000008a680000, 0x00000000d5c00000)
  object space 150016K, 59% used [0x0000000081400000,0x0000000086bc9930,0x000000008a680000)
 Metaspace       used 21923K, capacity 22598K, committed 22784K, reserved 1069056K
  class space    used 2776K, capacity 2988K, committed 3072K, reserved 1048576K
Event: 168.016 GC heap after
Heap after GC invocations=143 (full 2):
 PSYoungGen      total 403968K, used 43904K [0x00000000d5c00000, 0x00000000f1a80000, 0x0000000100000000)
  eden space 356352K, 0% used [0x00000000d5c00000,0x00000000d5c00000,0x00000000eb800000)
  from space 47616K, 92% used [0x00000000eb800000,0x00000000ee2e0040,0x00000000ee680000)
  to   space 48640K, 0% used [0x00000000eeb00000,0x00000000eeb00000,0x00000000f1a80000)
 ParOldGen       total 150016K, used 89950K [0x0000000081400000, 0x000000008a680000, 0x00000000d5c00000)
  object space 150016K, 59% used [0x0000000081400000,0x0000000086bd7930,0x000000008a680000)
 Metaspace       used 21923K, capacity 22598K, committed 22784K, reserved 1069056K
  class space    used 2776K, capacity 2988K, committed 3072K, reserved 1048576K
}
Event: 169.775 GC heap before
{Heap before GC invocations=144 (full 2):
 PSYoungGen      total 403968K, used 400069K [0x00000000d5c00000, 0x00000000f1a80000, 0x0000000100000000)
  eden space 356352K, 99% used [0x00000000d5c00000,0x00000000eb7d1728,0x00000000eb800000)
  from space 47616K, 92% used [0x00000000eb800000,0x00000000ee2e0040,0x00000000ee680000)
  to   space 48640K, 0% used [0x00000000eeb00000,0x00000000eeb00000,0x00000000f1a80000)
 ParOldGen       total 150016K, used 89950K [0x0000000081400000, 0x000000008a680000, 0x00000000d5c00000)
  object space 150016K, 59% used [0x0000000081400000,0x0000000086bd7930,0x000000008a680000)
 Metaspace       used 21923K, capacity 22598K, committed 22784K, reserved 1069056K
  class space    used 2776K, capacity 2988K, committed 3072K, reserved 1048576K
Event: 169.787 GC heap after
Heap after GC invocations=144 (full 2):
 PSYoungGen      total 408064K, used 44771K [0x00000000d5c00000, 0x00000000f1b80000, 0x0000000100000000)
  eden space 359424K, 0% used [0x00000000d5c00000,0x00000000d5c00000,0x00000000ebb00000)
  from space 48640K, 92% used [0x00000000eeb00000,0x00000000f16b8e80,0x00000000f1a80000)
  to   space 49152K, 0% used [0x00000000ebb00000,0x00000000ebb00000,0x00000000eeb00000)
 ParOldGen       total 150016K, used 89990K [0x0000000081400000, 0x000000008a680000, 0x00000000d5c00000)
  object space 150016K, 59% used [0x0000000081400000,0x0000000086be1930,0x000000008a680000)
 Metaspace       used 21923K, capacity 22598K, committed 22784K, reserved 1069056K
  class space    used 2776K, capacity 2988K, committed 3072K, reserved 1048576K
}

