# JRE version: Java(TM) SE Runtime Environment (8.0_91-b14) (build 1.8.0_91-b14)
# Java VM: Java HotSpot(TM) 64-Bit Server VM (25.91-b14 mixed mode windows-amd64 compressed oops)
Heap:
 PSYoungGen      total 488960K, used 174131K [0x00000000d6e00000, 0x00000000fff80000, 0x0000000100000000)
  eden space 315904K, 9% used [0x00000000d6e00000,0x00000000d8be96c8,0x00000000ea280000)
  from space 173056K, 82% used [0x00000000ea280000,0x00000000f2ea38f0,0x00000000f4b80000)
  to   space 173056K, 0% used [0x00000000f5680000,0x00000000f5680000,0x00000000fff80000)
 ParOldGen       total 332800K, used 194257K [0x0000000084a00000, 0x0000000098f00000, 0x00000000d6e00000)
  object space 332800K, 58% used [0x0000000084a00000,0x00000000907b45c8,0x0000000098f00000)
 Metaspace       used 25473K, capacity 26076K, committed 26496K, reserved 1073152K
  class space    used 3149K, capacity 3341K, committed 3456K, reserved 1048576K
GC Heap History (10 events):
Event: 43.585 GC heap before
{Heap before GC invocations=50 (full 5):
 PSYoungGen      total 488960K, used 452038K [0x00000000d6e00000, 0x0000000100000000, 0x0000000100000000)
  eden space 305152K, 99% used [0x00000000d6e00000,0x00000000e97e5c50,0x00000000e9800000)
  from space 183808K, 79% used [0x00000000f4c80000,0x00000000fdc0be90,0x0000000100000000)
  to   space 184320K, 0% used [0x00000000e9800000,0x00000000e9800000,0x00000000f4c00000)
 ParOldGen       total 332800K, used 190625K [0x0000000084a00000, 0x0000000098f00000, 0x00000000d6e00000)
  object space 332800K, 57% used [0x0000000084a00000,0x00000000904285b8,0x0000000098f00000)
 Metaspace       used 25460K, capacity 26076K, committed 26496K, reserved 1073152K
  class space    used 3149K, capacity 3341K, committed 3456K, reserved 1048576K
Event: 43.616 GC heap after
Heap after GC invocations=50 (full 5):
 PSYoungGen      total 430592K, used 125418K [0x00000000d6e00000, 0x00000000ff980000, 0x0000000100000000)
  eden space 305152K, 0% used [0x00000000d6e00000,0x00000000d6e00000,0x00000000e9800000)
  from space 125440K, 99% used [0x00000000e9800000,0x00000000f127a858,0x00000000f1280000)
  to   space 180736K, 0% used [0x00000000f4900000,0x00000000f4900000,0x00000000ff980000)
 ParOldGen       total 332800K, used 190633K [0x0000000084a00000, 0x0000000098f00000, 0x00000000d6e00000)
  object space 332800K, 57% used [0x0000000084a00000,0x000000009042a5b8,0x0000000098f00000)
 Metaspace       used 25460K, capacity 26076K, committed 26496K, reserved 1073152K
  class space    used 3149K, capacity 3341K, committed 3456K, reserved 1048576K
}
Event: 44.515 GC heap before
{Heap before GC invocations=51 (full 5):
 PSYoungGen      total 430592K, used 427379K [0x00000000d6e00000, 0x00000000ff980000, 0x0000000100000000)
  eden space 305152K, 98% used [0x00000000d6e00000,0x00000000e94e2638,0x00000000e9800000)
  from space 125440K, 99% used [0x00000000e9800000,0x00000000f127a858,0x00000000f1280000)
  to   space 180736K, 0% used [0x00000000f4900000,0x00000000f4900000,0x00000000ff980000)
 ParOldGen       total 332800K, used 190633K [0x0000000084a00000, 0x0000000098f00000, 0x00000000d6e00000)
  object space 332800K, 57% used [0x0000000084a00000,0x000000009042a5b8,0x0000000098f00000)
 Metaspace       used 25461K, capacity 26076K, committed 26496K, reserved 1073152K
  class space    used 3149K, capacity 3341K, committed 3456K, reserved 1048576K
Event: 44.547 GC heap after
Heap after GC invocations=51 (full 5):
 PSYoungGen      total 486400K, used 145811K [0x00000000d6e00000, 0x0000000100000000, 0x0000000100000000)
  eden space 305664K, 0% used [0x00000000d6e00000,0x00000000d6e00000,0x00000000e9880000)
  from space 180736K, 80% used [0x00000000f4900000,0x00000000fd764c98,0x00000000ff980000)
  to   space 180736K, 0% used [0x00000000e9880000,0x00000000e9880000,0x00000000f4900000)
 ParOldGen       total 332800K, used 190633K [0x0000000084a00000, 0x0000000098f00000, 0x00000000d6e00000)
  object space 332800K, 57% used [0x0000000084a00000,0x000000009042a5b8,0x0000000098f00000)
 Metaspace       used 25461K, capacity 26076K, committed 26496K, reserved 1073152K
  class space    used 3149K, capacity 3341K, committed 3456K, reserved 1048576K
}
Event: 45.394 GC heap before
{Heap before GC invocations=52 (full 5):
 PSYoungGen      total 486400K, used 451238K [0x00000000d6e00000, 0x0000000100000000, 0x0000000100000000)
  eden space 305664K, 99% used [0x00000000d6e00000,0x00000000e9844b80,0x00000000e9880000)
  from space 180736K, 80% used [0x00000000f4900000,0x00000000fd764c98,0x00000000ff980000)
  to   space 180736K, 0% used [0x00000000e9880000,0x00000000e9880000,0x00000000f4900000)
 ParOldGen       total 332800K, used 190633K [0x0000000084a00000, 0x0000000098f00000, 0x00000000d6e00000)
  object space 332800K, 57% used [0x0000000084a00000,0x000000009042a5b8,0x0000000098f00000)
 Metaspace       used 25461K, capacity 26076K, committed 26496K, reserved 1073152K
  class space    used 3149K, capacity 3341K, committed 3456K, reserved 1048576K
Event: 45.423 GC heap after
Heap after GC invocations=52 (full 5):
 PSYoungGen      total 486400K, used 129658K [0x00000000d6e00000, 0x00000000ff800000, 0x0000000100000000)
  eden space 305664K, 0% used [0x00000000d6e00000,0x00000000d6e00000,0x00000000e9880000)
  from space 180736K, 71% used [0x00000000e9880000,0x00000000f171eae8,0x00000000f4900000)
  to   space 176640K, 0% used [0x00000000f4b80000,0x00000000f4b80000,0x00000000ff800000)
 ParOldGen       total 332800K, used 190633K [0x0000000084a00000, 0x0000000098f00000, 0x00000000d6e00000)
  object space 332800K, 57% used [0x0000000084a00000,0x000000009042a5b8,0x0000000098f00000)
 Metaspace       used 25461K, capacity 26076K, committed 26496K, reserved 1073152K
  class space    used 3149K, capacity 3341K, committed 3456K, reserved 1048576K
}
Event: 46.306 GC heap before
{Heap before GC invocations=53 (full 5):
 PSYoungGen      total 486400K, used 433699K [0x00000000d6e00000, 0x00000000ff800000, 0x0000000100000000)
  eden space 305664K, 99% used [0x00000000d6e00000,0x00000000e96ea3e0,0x00000000e9880000)
  from space 180736K, 71% used [0x00000000e9880000,0x00000000f171eae8,0x00000000f4900000)
  to   space 176640K, 0% used [0x00000000f4b80000,0x00000000f4b80000,0x00000000ff800000)
 ParOldGen       total 332800K, used 190633K [0x0000000084a00000, 0x0000000098f00000, 0x00000000d6e00000)
  object space 332800K, 57% used [0x0000000084a00000,0x000000009042a5b8,0x0000000098f00000)
 Metaspace       used 25466K, capacity 26076K, committed 26496K, reserved 1073152K
  class space    used 3149K, capacity 3341K, committed 3456K, reserved 1048576K
Event: 46.335 GC heap after
Heap after GC invocations=53 (full 5):
 PSYoungGen      total 489472K, used 129611K [0x00000000d6e00000, 0x00000000ff500000, 0x0000000100000000)
  eden space 315904K, 0% used [0x00000000d6e00000,0x00000000d6e00000,0x00000000ea280000)
  from space 173568K, 74% used [0x00000000f4b80000,0x00000000fca12eb0,0x00000000ff500000)
  to   space 173056K, 0% used [0x00000000ea280000,0x00000000ea280000,0x00000000f4b80000)
 ParOldGen       total 332800K, used 190633K [0x0000000084a00000, 0x0000000098f00000, 0x00000000d6e00000)
  object space 332800K, 57% used [0x0000000084a00000,0x000000009042a5b8,0x0000000098f00000)
 Metaspace       used 25466K, capacity 26076K, committed 26496K, reserved 1073152K
  class space    used 3149K, capacity 3341K, committed 3456K, reserved 1048576K
}
Event: 47.325 GC heap before
{Heap before GC invocations=54 (full 5):
 PSYoungGen      total 489472K, used 445444K [0x00000000d6e00000, 0x00000000ff500000, 0x0000000100000000)
  eden space 315904K, 99% used [0x00000000d6e00000,0x00000000ea26e230,0x00000000ea280000)
  from space 173568K, 74% used [0x00000000f4b80000,0x00000000fca12eb0,0x00000000ff500000)
  to   space 173056K, 0% used [0x00000000ea280000,0x00000000ea280000,0x00000000f4b80000)
 ParOldGen       total 332800K, used 190633K [0x0000000084a00000, 0x0000000098f00000, 0x00000000d6e00000)
  object space 332800K, 57% used [0x0000000084a00000,0x000000009042a5b8,0x0000000098f00000)
 Metaspace       used 25473K, capacity 26076K, committed 26496K, reserved 1073152K
  class space    used 3149K, capacity 3341K, committed 3456K, reserved 1048576K
Event: 47.366 GC heap after
Heap after GC invocations=54 (full 5):
 PSYoungGen      total 488960K, used 143502K [0x00000000d6e00000, 0x00000000fff80000, 0x0000000100000000)
  eden space 315904K, 0% used [0x00000000d6e00000,0x00000000d6e00000,0x00000000ea280000)
  from space 173056K, 82% used [0x00000000ea280000,0x00000000f2ea38f0,0x00000000f4b80000)
  to   space 173056K, 0% used [0x00000000f5680000,0x00000000f5680000,0x00000000fff80000)
 ParOldGen       total 332800K, used 194257K [0x0000000084a00000, 0x0000000098f00000, 0x00000000d6e00000)
  object space 332800K, 58% used [0x0000000084a00000,0x00000000907b45c8,0x0000000098f00000)
 Metaspace       used 25473K, capacity 26076K, committed 26496K, reserved 1073152K
  class space    used 3149K, capacity 3341K, committed 3456K, reserved 1048576K
}

