# JRE version: Java(TM) SE Runtime Environment (8.0_91-b14) (build 1.8.0_91-b14)
# Java VM: Java HotSpot(TM) 64-Bit Server VM (25.91-b14 mixed mode windows-amd64 compressed oops)
Heap:
 PSYoungGen      total 497152K, used 181136K [0x00000000d6e00000, 0x0000000100000000, 0x0000000100000000)
  eden space 326144K, 9% used [0x00000000d6e00000,0x00000000d8c35240,0x00000000eac80000)
  from space 171008K, 87% used [0x00000000f5580000,0x00000000fe82f1a0,0x00000000ffc80000)
  to   space 173056K, 0% used [0x00000000eac80000,0x00000000eac80000,0x00000000f5580000)
 ParOldGen       total 316928K, used 315108K [0x0000000084a00000, 0x0000000097f80000, 0x00000000d6e00000)
  object space 316928K, 99% used [0x0000000084a00000,0x0000000097db9248,0x0000000097f80000)
 Metaspace       used 25598K, capacity 26260K, committed 26496K, reserved 1073152K
  class space    used 3141K, capacity 3341K, committed 3456K, reserved 1048576K
GC Heap History (10 events):
Event: 59.352 GC heap before
{Heap before GC invocations=80 (full 6):
 PSYoungGen      total 490496K, used 448275K [0x00000000d6e00000, 0x0000000100000000, 0x0000000100000000)
  eden space 307200K, 99% used [0x00000000d6e00000,0x00000000e9928860,0x00000000e9a00000)
  from space 183296K, 77% used [0x00000000e9a00000,0x00000000f249c470,0x00000000f4d00000)
  to   space 181760K, 0% used [0x00000000f4e80000,0x00000000f4e80000,0x0000000100000000)
 ParOldGen       total 316928K, used 314956K [0x0000000084a00000, 0x0000000097f80000, 0x00000000d6e00000)
  object space 316928K, 99% used [0x0000000084a00000,0x0000000097d93248,0x0000000097f80000)
 Metaspace       used 25573K, capacity 26196K, committed 26496K, reserved 1073152K
  class space    used 3141K, capacity 3341K, committed 3456K, reserved 1048576K
Event: 59.384 GC heap after
Heap after GC invocations=80 (full 6):
 PSYoungGen      total 484864K, used 140608K [0x00000000d6e00000, 0x00000000ffa80000, 0x0000000100000000)
  eden space 308736K, 0% used [0x00000000d6e00000,0x00000000d6e00000,0x00000000e9b80000)
  from space 176128K, 79% used [0x00000000f4e80000,0x00000000fd7d0068,0x00000000ffa80000)
  to   space 179712K, 0% used [0x00000000e9b80000,0x00000000e9b80000,0x00000000f4b00000)
 ParOldGen       total 316928K, used 314988K [0x0000000084a00000, 0x0000000097f80000, 0x00000000d6e00000)
  object space 316928K, 99% used [0x0000000084a00000,0x0000000097d9b248,0x0000000097f80000)
 Metaspace       used 25573K, capacity 26196K, committed 26496K, reserved 1073152K
  class space    used 3141K, capacity 3341K, committed 3456K, reserved 1048576K
}
Event: 60.215 GC heap before
{Heap before GC invocations=81 (full 6):
 PSYoungGen      total 484864K, used 447600K [0x00000000d6e00000, 0x00000000ffa80000, 0x0000000100000000)
  eden space 308736K, 99% used [0x00000000d6e00000,0x00000000e99cc108,0x00000000e9b80000)
  from space 176128K, 79% used [0x00000000f4e80000,0x00000000fd7d0068,0x00000000ffa80000)
  to   space 179712K, 0% used [0x00000000e9b80000,0x00000000e9b80000,0x00000000f4b00000)
 ParOldGen       total 316928K, used 314988K [0x0000000084a00000, 0x0000000097f80000, 0x00000000d6e00000)
  object space 316928K, 99% used [0x0000000084a00000,0x0000000097d9b248,0x0000000097f80000)
 Metaspace       used 25573K, capacity 26196K, committed 26496K, reserved 1073152K
  class space    used 3141K, capacity 3341K, committed 3456K, reserved 1048576K
Event: 60.245 GC heap after
Heap after GC invocations=81 (full 6):
 PSYoungGen      total 488448K, used 132651K [0x00000000d6e00000, 0x00000000ffb80000, 0x0000000100000000)
  eden space 308736K, 0% used [0x00000000d6e00000,0x00000000d6e00000,0x00000000e9b80000)
  from space 179712K, 73% used [0x00000000e9b80000,0x00000000f1d0af48,0x00000000f4b00000)
  to   space 175616K, 0% used [0x00000000f5000000,0x00000000f5000000,0x00000000ffb80000)
 ParOldGen       total 316928K, used 315020K [0x0000000084a00000, 0x0000000097f80000, 0x00000000d6e00000)
  object space 316928K, 99% used [0x0000000084a00000,0x0000000097da3248,0x0000000097f80000)
 Metaspace       used 25573K, capacity 26196K, committed 26496K, reserved 1073152K
  class space    used 3141K, capacity 3341K, committed 3456K, reserved 1048576K
}
Event: 61.173 GC heap before
{Heap before GC invocations=82 (full 6):
 PSYoungGen      total 488448K, used 440185K [0x00000000d6e00000, 0x00000000ffb80000, 0x0000000100000000)
  eden space 308736K, 99% used [0x00000000d6e00000,0x00000000e9a53640,0x00000000e9b80000)
  from space 179712K, 73% used [0x00000000e9b80000,0x00000000f1d0af48,0x00000000f4b00000)
  to   space 175616K, 0% used [0x00000000f5000000,0x00000000f5000000,0x00000000ffb80000)
 ParOldGen       total 316928K, used 315020K [0x0000000084a00000, 0x0000000097f80000, 0x00000000d6e00000)
  object space 316928K, 99% used [0x0000000084a00000,0x0000000097da3248,0x0000000097f80000)
 Metaspace       used 25575K, capacity 26196K, committed 26496K, reserved 1073152K
  class space    used 3141K, capacity 3341K, committed 3456K, reserved 1048576K
Event: 61.208 GC heap after
Heap after GC invocations=82 (full 6):
 PSYoungGen      total 490496K, used 139324K [0x00000000d6e00000, 0x00000000ff800000, 0x0000000100000000)
  eden space 318464K, 0% used [0x00000000d6e00000,0x00000000d6e00000,0x00000000ea500000)
  from space 172032K, 80% used [0x00000000f5000000,0x00000000fd80f070,0x00000000ff800000)
  to   space 173568K, 0% used [0x00000000ea500000,0x00000000ea500000,0x00000000f4e80000)
 ParOldGen       total 316928K, used 315052K [0x0000000084a00000, 0x0000000097f80000, 0x00000000d6e00000)
  object space 316928K, 99% used [0x0000000084a00000,0x0000000097dab248,0x0000000097f80000)
 Metaspace       used 25575K, capacity 26196K, committed 26496K, reserved 1073152K
  class space    used 3141K, capacity 3341K, committed 3456K, reserved 1048576K
}
Event: 62.154 GC heap before
{Heap before GC invocations=83 (full 6):
 PSYoungGen      total 490496K, used 457473K [0x00000000d6e00000, 0x00000000ff800000, 0x0000000100000000)
  eden space 318464K, 99% used [0x00000000d6e00000,0x00000000ea4b1530,0x00000000ea500000)
  from space 172032K, 80% used [0x00000000f5000000,0x00000000fd80f070,0x00000000ff800000)
  to   space 173568K, 0% used [0x00000000ea500000,0x00000000ea500000,0x00000000f4e80000)
 ParOldGen       total 316928K, used 315052K [0x0000000084a00000, 0x0000000097f80000, 0x00000000d6e00000)
  object space 316928K, 99% used [0x0000000084a00000,0x0000000097dab248,0x0000000097f80000)
 Metaspace       used 25575K, capacity 26196K, committed 26496K, reserved 1073152K
  class space    used 3141K, capacity 3341K, committed 3456K, reserved 1048576K
Event: 62.187 GC heap after
Heap after GC invocations=83 (full 6):
 PSYoungGen      total 492032K, used 137965K [0x00000000d6e00000, 0x00000000ffc80000, 0x0000000100000000)
  eden space 318464K, 0% used [0x00000000d6e00000,0x00000000d6e00000,0x00000000ea500000)
  from space 173568K, 79% used [0x00000000ea500000,0x00000000f2bbb5e8,0x00000000f4e80000)
  to   space 171008K, 0% used [0x00000000f5580000,0x00000000f5580000,0x00000000ffc80000)
 ParOldGen       total 316928K, used 315084K [0x0000000084a00000, 0x0000000097f80000, 0x00000000d6e00000)
  object space 316928K, 99% used [0x0000000084a00000,0x0000000097db3248,0x0000000097f80000)
 Metaspace       used 25575K, capacity 26196K, committed 26496K, reserved 1073152K
  class space    used 3141K, capacity 3341K, committed 3456K, reserved 1048576K
}
Event: 63.188 GC heap before
{Heap before GC invocations=84 (full 6):
 PSYoungGen      total 492032K, used 455817K [0x00000000d6e00000, 0x00000000ffc80000, 0x0000000100000000)
  eden space 318464K, 99% used [0x00000000d6e00000,0x00000000ea467100,0x00000000ea500000)
  from space 173568K, 79% used [0x00000000ea500000,0x00000000f2bbb5e8,0x00000000f4e80000)
  to   space 171008K, 0% used [0x00000000f5580000,0x00000000f5580000,0x00000000ffc80000)
 ParOldGen       total 316928K, used 315084K [0x0000000084a00000, 0x0000000097f80000, 0x00000000d6e00000)
  object space 316928K, 99% used [0x0000000084a00000,0x0000000097db3248,0x0000000097f80000)
 Metaspace       used 25598K, capacity 26260K, committed 26496K, reserved 1073152K
  class space    used 3141K, capacity 3341K, committed 3456K, reserved 1048576K
Event: 63.224 GC heap after
Heap after GC invocations=84 (full 6):
 PSYoungGen      total 497152K, used 150204K [0x00000000d6e00000, 0x0000000100000000, 0x0000000100000000)
  eden space 326144K, 0% used [0x00000000d6e00000,0x00000000d6e00000,0x00000000eac80000)
  from space 171008K, 87% used [0x00000000f5580000,0x00000000fe82f1a0,0x00000000ffc80000)
  to   space 173056K, 0% used [0x00000000eac80000,0x00000000eac80000,0x00000000f5580000)
 ParOldGen       total 316928K, used 315108K [0x0000000084a00000, 0x0000000097f80000, 0x00000000d6e00000)
  object space 316928K, 99% used [0x0000000084a00000,0x0000000097db9248,0x0000000097f80000)
 Metaspace       used 25598K, capacity 26260K, committed 26496K, reserved 1073152K
  class space    used 3141K, capacity 3341K, committed 3456K, reserved 1048576K
}

