# JRE version: Java(TM) SE Runtime Environment (8.0_91-b14) (build 1.8.0_91-b14)
# Java VM: Java HotSpot(TM) 64-Bit Server VM (25.91-b14 mixed mode windows-amd64 compressed oops)
Heap:
 PSYoungGen      total 476672K, used 140959K [0x00000000d6e00000, 0x00000000ffc80000, 0x0000000100000000)
  eden space 345088K, 2% used [0x00000000d6e00000,0x00000000d7752f68,0x00000000ebf00000)
  from space 131584K, 99% used [0x00000000ebf00000,0x00000000f3f54e28,0x00000000f3f80000)
  to   space 161792K, 0% used [0x00000000f5e80000,0x00000000f5e80000,0x00000000ffc80000)
 ParOldGen       total 201216K, used 184681K [0x0000000084a00000, 0x0000000090e80000, 0x00000000d6e00000)
  object space 201216K, 91% used [0x0000000084a00000,0x000000008fe5a758,0x0000000090e80000)
 Metaspace       used 25721K, capacity 26444K, committed 26752K, reserved 1073152K
  class space    used 3149K, capacity 3351K, committed 3456K, reserved 1048576K
GC Heap History (10 events):
Event: 63.100 GC heap before
{Heap before GC invocations=65 (full 4):
 PSYoungGen      total 509440K, used 482915K [0x00000000d6e00000, 0x00000000ffa00000, 0x0000000100000000)
  eden space 351232K, 99% used [0x00000000d6e00000,0x00000000ec462bc0,0x00000000ec500000)
  from space 158208K, 83% used [0x00000000f5e00000,0x00000000fdf36320,0x00000000ff880000)
  to   space 156672K, 0% used [0x00000000ec500000,0x00000000ec500000,0x00000000f5e00000)
 ParOldGen       total 201216K, used 184537K [0x0000000084a00000, 0x0000000090e80000, 0x00000000d6e00000)
  object space 201216K, 91% used [0x0000000084a00000,0x000000008fe36758,0x0000000090e80000)
 Metaspace       used 25711K, capacity 26380K, committed 26752K, reserved 1073152K
  class space    used 3149K, capacity 3351K, committed 3456K, reserved 1048576K
Event: 63.132 GC heap after
Heap after GC invocations=65 (full 4):
 PSYoungGen      total 507904K, used 148125K [0x00000000d6e00000, 0x0000000100000000, 0x0000000100000000)
  eden space 351232K, 0% used [0x00000000d6e00000,0x00000000d6e00000,0x00000000ec500000)
  from space 156672K, 94% used [0x00000000ec500000,0x00000000f55a7780,0x00000000f5e00000)
  to   space 160768K, 0% used [0x00000000f6300000,0x00000000f6300000,0x0000000100000000)
 ParOldGen       total 201216K, used 184561K [0x0000000084a00000, 0x0000000090e80000, 0x00000000d6e00000)
  object space 201216K, 91% used [0x0000000084a00000,0x000000008fe3c758,0x0000000090e80000)
 Metaspace       used 25711K, capacity 26380K, committed 26752K, reserved 1073152K
  class space    used 3149K, capacity 3351K, committed 3456K, reserved 1048576K
}
Event: 64.077 GC heap before
{Heap before GC invocations=66 (full 4):
 PSYoungGen      total 507904K, used 498151K [0x00000000d6e00000, 0x0000000100000000, 0x0000000100000000)
  eden space 351232K, 99% used [0x00000000d6e00000,0x00000000ec3d2838,0x00000000ec500000)
  from space 156672K, 94% used [0x00000000ec500000,0x00000000f55a7780,0x00000000f5e00000)
  to   space 160768K, 0% used [0x00000000f6300000,0x00000000f6300000,0x0000000100000000)
 ParOldGen       total 201216K, used 184561K [0x0000000084a00000, 0x0000000090e80000, 0x00000000d6e00000)
  object space 201216K, 91% used [0x0000000084a00000,0x000000008fe3c758,0x0000000090e80000)
 Metaspace       used 25719K, capacity 26444K, committed 26752K, reserved 1073152K
  class space    used 3149K, capacity 3351K, committed 3456K, reserved 1048576K
Event: 64.110 GC heap after
Heap after GC invocations=66 (full 4):
 PSYoungGen      total 506880K, used 148559K [0x00000000d6e00000, 0x0000000100000000, 0x0000000100000000)
  eden space 346112K, 0% used [0x00000000d6e00000,0x00000000d6e00000,0x00000000ec000000)
  from space 160768K, 92% used [0x00000000f6300000,0x00000000ff413d28,0x0000000100000000)
  to   space 163840K, 0% used [0x00000000ec000000,0x00000000ec000000,0x00000000f6000000)
 ParOldGen       total 201216K, used 184585K [0x0000000084a00000, 0x0000000090e80000, 0x00000000d6e00000)
  object space 201216K, 91% used [0x0000000084a00000,0x000000008fe42758,0x0000000090e80000)
 Metaspace       used 25719K, capacity 26444K, committed 26752K, reserved 1073152K
  class space    used 3149K, capacity 3351K, committed 3456K, reserved 1048576K
}
Event: 65.017 GC heap before
{Heap before GC invocations=67 (full 4):
 PSYoungGen      total 506880K, used 493448K [0x00000000d6e00000, 0x0000000100000000, 0x0000000100000000)
  eden space 346112K, 99% used [0x00000000d6e00000,0x00000000ebece6c0,0x00000000ec000000)
  from space 160768K, 92% used [0x00000000f6300000,0x00000000ff413d28,0x0000000100000000)
  to   space 163840K, 0% used [0x00000000ec000000,0x00000000ec000000,0x00000000f6000000)
 ParOldGen       total 201216K, used 184585K [0x0000000084a00000, 0x0000000090e80000, 0x00000000d6e00000)
  object space 201216K, 91% used [0x0000000084a00000,0x000000008fe42758,0x0000000090e80000)
 Metaspace       used 25719K, capacity 26444K, committed 26752K, reserved 1073152K
  class space    used 3149K, capacity 3351K, committed 3456K, reserved 1048576K
Event: 65.048 GC heap after
Heap after GC invocations=67 (full 4):
 PSYoungGen      total 509952K, used 138240K [0x00000000d6e00000, 0x0000000100000000, 0x0000000100000000)
  eden space 346112K, 0% used [0x00000000d6e00000,0x00000000d6e00000,0x00000000ec000000)
  from space 163840K, 84% used [0x00000000ec000000,0x00000000f4700328,0x00000000f6000000)
  to   space 162816K, 0% used [0x00000000f6100000,0x00000000f6100000,0x0000000100000000)
 ParOldGen       total 201216K, used 184609K [0x0000000084a00000, 0x0000000090e80000, 0x00000000d6e00000)
  object space 201216K, 91% used [0x0000000084a00000,0x000000008fe48758,0x0000000090e80000)
 Metaspace       used 25719K, capacity 26444K, committed 26752K, reserved 1073152K
  class space    used 3149K, capacity 3351K, committed 3456K, reserved 1048576K
}
Event: 65.999 GC heap before
{Heap before GC invocations=68 (full 4):
 PSYoungGen      total 509952K, used 482410K [0x00000000d6e00000, 0x0000000100000000, 0x0000000100000000)
  eden space 346112K, 99% used [0x00000000d6e00000,0x00000000ebe1a580,0x00000000ec000000)
  from space 163840K, 84% used [0x00000000ec000000,0x00000000f4700328,0x00000000f6000000)
  to   space 162816K, 0% used [0x00000000f6100000,0x00000000f6100000,0x0000000100000000)
 ParOldGen       total 201216K, used 184609K [0x0000000084a00000, 0x0000000090e80000, 0x00000000d6e00000)
  object space 201216K, 91% used [0x0000000084a00000,0x000000008fe48758,0x0000000090e80000)
 Metaspace       used 25721K, capacity 26444K, committed 26752K, reserved 1073152K
  class space    used 3149K, capacity 3351K, committed 3456K, reserved 1048576K
Event: 66.036 GC heap after
Heap after GC invocations=68 (full 4):
 PSYoungGen      total 507904K, used 146261K [0x00000000d6e00000, 0x0000000100000000, 0x0000000100000000)
  eden space 345088K, 0% used [0x00000000d6e00000,0x00000000d6e00000,0x00000000ebf00000)
  from space 162816K, 89% used [0x00000000f6100000,0x00000000fefd5780,0x0000000100000000)
  to   space 164352K, 0% used [0x00000000ebf00000,0x00000000ebf00000,0x00000000f5f80000)
 ParOldGen       total 201216K, used 184641K [0x0000000084a00000, 0x0000000090e80000, 0x00000000d6e00000)
  object space 201216K, 91% used [0x0000000084a00000,0x000000008fe50758,0x0000000090e80000)
 Metaspace       used 25721K, capacity 26444K, committed 26752K, reserved 1073152K
  class space    used 3149K, capacity 3351K, committed 3456K, reserved 1048576K
}
Event: 66.969 GC heap before
{Heap before GC invocations=69 (full 4):
 PSYoungGen      total 507904K, used 491042K [0x00000000d6e00000, 0x0000000100000000, 0x0000000100000000)
  eden space 345088K, 99% used [0x00000000d6e00000,0x00000000ebeb31c8,0x00000000ebf00000)
  from space 162816K, 89% used [0x00000000f6100000,0x00000000fefd5780,0x0000000100000000)
  to   space 164352K, 0% used [0x00000000ebf00000,0x00000000ebf00000,0x00000000f5f80000)
 ParOldGen       total 201216K, used 184641K [0x0000000084a00000, 0x0000000090e80000, 0x00000000d6e00000)
  object space 201216K, 91% used [0x0000000084a00000,0x000000008fe50758,0x0000000090e80000)
 Metaspace       used 25721K, capacity 26444K, committed 26752K, reserved 1073152K
  class space    used 3149K, capacity 3351K, committed 3456K, reserved 1048576K
Event: 67.000 GC heap after
Heap after GC invocations=69 (full 4):
 PSYoungGen      total 476672K, used 131411K [0x00000000d6e00000, 0x00000000ffc80000, 0x0000000100000000)
  eden space 345088K, 0% used [0x00000000d6e00000,0x00000000d6e00000,0x00000000ebf00000)
  from space 131584K, 99% used [0x00000000ebf00000,0x00000000f3f54e28,0x00000000f3f80000)
  to   space 161792K, 0% used [0x00000000f5e80000,0x00000000f5e80000,0x00000000ffc80000)
 ParOldGen       total 201216K, used 184681K [0x0000000084a00000, 0x0000000090e80000, 0x00000000d6e00000)
  object space 201216K, 91% used [0x0000000084a00000,0x000000008fe5a758,0x0000000090e80000)
 Metaspace       used 25721K, capacity 26444K, committed 26752K, reserved 1073152K
  class space    used 3149K, capacity 3351K, committed 3456K, reserved 1048576K
}

