# JRE version: Java(TM) SE Runtime Environment (8.0_91-b14) (build 1.8.0_91-b14)
# Java VM: Java HotSpot(TM) 64-Bit Server VM (25.91-b14 mixed mode windows-amd64 compressed oops)
Heap:
 PSYoungGen      total 505344K, used 153267K [0x00000000d6e00000, 0x00000000fff80000, 0x0000000100000000)
  eden space 336384K, 2% used [0x00000000d6e00000,0x00000000d74b2610,0x00000000eb680000)
  from space 168960K, 86% used [0x00000000f5a80000,0x00000000fe97a8c0,0x00000000fff80000)
  to   space 167936K, 0% used [0x00000000eb680000,0x00000000eb680000,0x00000000f5a80000)
 ParOldGen       total 526336K, used 467158K [0x0000000084a00000, 0x00000000a4c00000, 0x00000000d6e00000)
  object space 526336K, 88% used [0x0000000084a00000,0x00000000a1235a98,0x00000000a4c00000)
 Metaspace       used 25539K, capacity 26140K, committed 26496K, reserved 1073152K
  class space    used 3146K, capacity 3341K, committed 3456K, reserved 1048576K
GC Heap History (10 events):
Event: 67.636 GC heap before
{Heap before GC invocations=83 (full 9):
 PSYoungGen      total 506880K, used 504077K [0x00000000d6e00000, 0x0000000100000000, 0x0000000100000000)
  eden space 349184K, 99% used [0x00000000d6e00000,0x00000000ec064ce8,0x00000000ec300000)
  from space 157696K, 99% used [0x00000000ec300000,0x00000000f5cdea30,0x00000000f5d00000)
  to   space 165376K, 0% used [0x00000000f5e80000,0x00000000f5e80000,0x0000000100000000)
 ParOldGen       total 526336K, used 467062K [0x0000000084a00000, 0x00000000a4c00000, 0x00000000d6e00000)
  object space 526336K, 88% used [0x0000000084a00000,0x00000000a121da98,0x00000000a4c00000)
 Metaspace       used 25534K, capacity 26140K, committed 26496K, reserved 1073152K
  class space    used 3146K, capacity 3341K, committed 3456K, reserved 1048576K
Event: 67.673 GC heap after
Heap after GC invocations=83 (full 9):
 PSYoungGen      total 500224K, used 159200K [0x00000000d6e00000, 0x0000000100000000, 0x0000000100000000)
  eden space 334848K, 0% used [0x00000000d6e00000,0x00000000d6e00000,0x00000000eb500000)
  from space 165376K, 96% used [0x00000000f5e80000,0x00000000ff9f82e0,0x0000000100000000)
  to   space 169472K, 0% used [0x00000000eb500000,0x00000000eb500000,0x00000000f5a80000)
 ParOldGen       total 526336K, used 467078K [0x0000000084a00000, 0x00000000a4c00000, 0x00000000d6e00000)
  object space 526336K, 88% used [0x0000000084a00000,0x00000000a1221a98,0x00000000a4c00000)
 Metaspace       used 25534K, capacity 26140K, committed 26496K, reserved 1073152K
  class space    used 3146K, capacity 3341K, committed 3456K, reserved 1048576K
}
Event: 68.602 GC heap before
{Heap before GC invocations=84 (full 9):
 PSYoungGen      total 500224K, used 493315K [0x00000000d6e00000, 0x0000000100000000, 0x0000000100000000)
  eden space 334848K, 99% used [0x00000000d6e00000,0x00000000eb448b50,0x00000000eb500000)
  from space 165376K, 96% used [0x00000000f5e80000,0x00000000ff9f82e0,0x0000000100000000)
  to   space 169472K, 0% used [0x00000000eb500000,0x00000000eb500000,0x00000000f5a80000)
 ParOldGen       total 526336K, used 467078K [0x0000000084a00000, 0x00000000a4c00000, 0x00000000d6e00000)
  object space 526336K, 88% used [0x0000000084a00000,0x00000000a1221a98,0x00000000a4c00000)
 Metaspace       used 25534K, capacity 26140K, committed 26496K, reserved 1073152K
  class space    used 3146K, capacity 3341K, committed 3456K, reserved 1048576K
Event: 68.636 GC heap after
Heap after GC invocations=84 (full 9):
 PSYoungGen      total 504320K, used 145540K [0x00000000d6e00000, 0x0000000100000000, 0x0000000100000000)
  eden space 334848K, 0% used [0x00000000d6e00000,0x00000000d6e00000,0x00000000eb500000)
  from space 169472K, 85% used [0x00000000eb500000,0x00000000f43210a0,0x00000000f5a80000)
  to   space 167936K, 0% used [0x00000000f5c00000,0x00000000f5c00000,0x0000000100000000)
 ParOldGen       total 526336K, used 467094K [0x0000000084a00000, 0x00000000a4c00000, 0x00000000d6e00000)
  object space 526336K, 88% used [0x0000000084a00000,0x00000000a1225a98,0x00000000a4c00000)
 Metaspace       used 25534K, capacity 26140K, committed 26496K, reserved 1073152K
  class space    used 3146K, capacity 3341K, committed 3456K, reserved 1048576K
}
Event: 69.780 GC heap before
{Heap before GC invocations=85 (full 9):
 PSYoungGen      total 504320K, used 477841K [0x00000000d6e00000, 0x0000000100000000, 0x0000000100000000)
  eden space 334848K, 99% used [0x00000000d6e00000,0x00000000eb2836c8,0x00000000eb500000)
  from space 169472K, 85% used [0x00000000eb500000,0x00000000f43210a0,0x00000000f5a80000)
  to   space 167936K, 0% used [0x00000000f5c00000,0x00000000f5c00000,0x0000000100000000)
 ParOldGen       total 526336K, used 467094K [0x0000000084a00000, 0x00000000a4c00000, 0x00000000d6e00000)
  object space 526336K, 88% used [0x0000000084a00000,0x00000000a1225a98,0x00000000a4c00000)
 Metaspace       used 25535K, capacity 26140K, committed 26496K, reserved 1073152K
  class space    used 3146K, capacity 3341K, committed 3456K, reserved 1048576K
Event: 69.811 GC heap after
Heap after GC invocations=85 (full 9):
 PSYoungGen      total 500736K, used 133165K [0x00000000d6e00000, 0x00000000ffc80000, 0x0000000100000000)
  eden space 336384K, 0% used [0x00000000d6e00000,0x00000000d6e00000,0x00000000eb680000)
  from space 164352K, 81% used [0x00000000f5c00000,0x00000000fde0b7a0,0x00000000ffc80000)
  to   space 166912K, 0% used [0x00000000eb680000,0x00000000eb680000,0x00000000f5980000)
 ParOldGen       total 526336K, used 467118K [0x0000000084a00000, 0x00000000a4c00000, 0x00000000d6e00000)
  object space 526336K, 88% used [0x0000000084a00000,0x00000000a122ba98,0x00000000a4c00000)
 Metaspace       used 25535K, capacity 26140K, committed 26496K, reserved 1073152K
  class space    used 3146K, capacity 3341K, committed 3456K, reserved 1048576K
}
Event: 71.041 GC heap before
{Heap before GC invocations=86 (full 9):
 PSYoungGen      total 500736K, used 469350K [0x00000000d6e00000, 0x00000000ffc80000, 0x0000000100000000)
  eden space 336384K, 99% used [0x00000000d6e00000,0x00000000eb64e210,0x00000000eb680000)
  from space 164352K, 81% used [0x00000000f5c00000,0x00000000fde0b7a0,0x00000000ffc80000)
  to   space 166912K, 0% used [0x00000000eb680000,0x00000000eb680000,0x00000000f5980000)
 ParOldGen       total 526336K, used 467118K [0x0000000084a00000, 0x00000000a4c00000, 0x00000000d6e00000)
  object space 526336K, 88% used [0x0000000084a00000,0x00000000a122ba98,0x00000000a4c00000)
 Metaspace       used 25539K, capacity 26140K, committed 26496K, reserved 1073152K
  class space    used 3146K, capacity 3341K, committed 3456K, reserved 1048576K
Event: 71.075 GC heap after
Heap after GC invocations=86 (full 9):
 PSYoungGen      total 503296K, used 154606K [0x00000000d6e00000, 0x0000000100000000, 0x0000000100000000)
  eden space 336384K, 0% used [0x00000000d6e00000,0x00000000d6e00000,0x00000000eb680000)
  from space 166912K, 92% used [0x00000000eb680000,0x00000000f4d7ba20,0x00000000f5980000)
  to   space 169472K, 0% used [0x00000000f5a80000,0x00000000f5a80000,0x0000000100000000)
 ParOldGen       total 526336K, used 467142K [0x0000000084a00000, 0x00000000a4c00000, 0x00000000d6e00000)
  object space 526336K, 88% used [0x0000000084a00000,0x00000000a1231a98,0x00000000a4c00000)
 Metaspace       used 25539K, capacity 26140K, committed 26496K, reserved 1073152K
  class space    used 3146K, capacity 3341K, committed 3456K, reserved 1048576K
}
Event: 71.970 GC heap before
{Heap before GC invocations=87 (full 9):
 PSYoungGen      total 503296K, used 490580K [0x00000000d6e00000, 0x0000000100000000, 0x0000000100000000)
  eden space 336384K, 99% used [0x00000000d6e00000,0x00000000eb619740,0x00000000eb680000)
  from space 166912K, 92% used [0x00000000eb680000,0x00000000f4d7ba20,0x00000000f5980000)
  to   space 169472K, 0% used [0x00000000f5a80000,0x00000000f5a80000,0x0000000100000000)
 ParOldGen       total 526336K, used 467142K [0x0000000084a00000, 0x00000000a4c00000, 0x00000000d6e00000)
  object space 526336K, 88% used [0x0000000084a00000,0x00000000a1231a98,0x00000000a4c00000)
 Metaspace       used 25539K, capacity 26140K, committed 26496K, reserved 1073152K
  class space    used 3146K, capacity 3341K, committed 3456K, reserved 1048576K
Event: 72.002 GC heap after
Heap after GC invocations=87 (full 9):
 PSYoungGen      total 505344K, used 146410K [0x00000000d6e00000, 0x00000000fff80000, 0x0000000100000000)
  eden space 336384K, 0% used [0x00000000d6e00000,0x00000000d6e00000,0x00000000eb680000)
  from space 168960K, 86% used [0x00000000f5a80000,0x00000000fe97a8c0,0x00000000fff80000)
  to   space 167936K, 0% used [0x00000000eb680000,0x00000000eb680000,0x00000000f5a80000)
 ParOldGen       total 526336K, used 467158K [0x0000000084a00000, 0x00000000a4c00000, 0x00000000d6e00000)
  object space 526336K, 88% used [0x0000000084a00000,0x00000000a1235a98,0x00000000a4c00000)
 Metaspace       used 25539K, capacity 26140K, committed 26496K, reserved 1073152K
  class space    used 3146K, capacity 3341K, committed 3456K, reserved 1048576K
}

