# JRE version: Java(TM) SE Runtime Environment (8.0_91-b14) (build 1.8.0_91-b14)
# Java VM: Java HotSpot(TM) 64-Bit Server VM (25.91-b14 mixed mode windows-amd64 compressed oops)
Heap:
 PSYoungGen      total 498176K, used 169953K [0x00000000d6e00000, 0x0000000100000000, 0x0000000100000000)
  eden space 324608K, 5% used [0x00000000d6e00000,0x00000000d7f79970,0x00000000eab00000)
  from space 173568K, 87% used [0x00000000f5680000,0x00000000feafedb0,0x0000000100000000)
  to   space 174592K, 0% used [0x00000000eab00000,0x00000000eab00000,0x00000000f5580000)
 ParOldGen       total 560640K, used 482923K [0x0000000084a00000, 0x00000000a6d80000, 0x00000000d6e00000)
  object space 560640K, 86% used [0x0000000084a00000,0x00000000a219acf0,0x00000000a6d80000)
 Metaspace       used 25489K, capacity 26136K, committed 26496K, reserved 1073152K
  class space    used 3145K, capacity 3341K, committed 3456K, reserved 1048576K
GC Heap History (10 events):
Event: 60.695 GC heap before
{Heap before GC invocations=72 (full 10):
 PSYoungGen      total 494592K, used 473617K [0x00000000d6e00000, 0x0000000100000000, 0x0000000100000000)
  eden space 325120K, 99% used [0x00000000d6e00000,0x00000000eaaf88c8,0x00000000eab80000)
  from space 169472K, 87% used [0x00000000eab80000,0x00000000f3d0bda0,0x00000000f5100000)
  to   space 171008K, 0% used [0x00000000f5900000,0x00000000f5900000,0x0000000100000000)
 ParOldGen       total 560640K, used 482771K [0x0000000084a00000, 0x00000000a6d80000, 0x00000000d6e00000)
  object space 560640K, 86% used [0x0000000084a00000,0x00000000a2174ce0,0x00000000a6d80000)
 Metaspace       used 25466K, capacity 26072K, committed 26496K, reserved 1073152K
  class space    used 3145K, capacity 3341K, committed 3456K, reserved 1048576K
Event: 60.727 GC heap after
Heap after GC invocations=72 (full 10):
 PSYoungGen      total 503296K, used 143516K [0x00000000d6e00000, 0x0000000100000000, 0x0000000100000000)
  eden space 332288K, 0% used [0x00000000d6e00000,0x00000000d6e00000,0x00000000eb280000)
  from space 171008K, 83% used [0x00000000f5900000,0x00000000fe527070,0x0000000100000000)
  to   space 170496K, 0% used [0x00000000eb280000,0x00000000eb280000,0x00000000f5900000)
 ParOldGen       total 560640K, used 482811K [0x0000000084a00000, 0x00000000a6d80000, 0x00000000d6e00000)
  object space 560640K, 86% used [0x0000000084a00000,0x00000000a217ecf0,0x00000000a6d80000)
 Metaspace       used 25466K, capacity 26072K, committed 26496K, reserved 1073152K
  class space    used 3145K, capacity 3341K, committed 3456K, reserved 1048576K
}
Event: 61.705 GC heap before
{Heap before GC invocations=73 (full 10):
 PSYoungGen      total 503296K, used 475804K [0x00000000d6e00000, 0x0000000100000000, 0x0000000100000000)
  eden space 332288K, 100% used [0x00000000d6e00000,0x00000000eb280000,0x00000000eb280000)
  from space 171008K, 83% used [0x00000000f5900000,0x00000000fe527070,0x0000000100000000)
  to   space 170496K, 0% used [0x00000000eb280000,0x00000000eb280000,0x00000000f5900000)
 ParOldGen       total 560640K, used 482811K [0x0000000084a00000, 0x00000000a6d80000, 0x00000000d6e00000)
  object space 560640K, 86% used [0x0000000084a00000,0x00000000a217ecf0,0x00000000a6d80000)
 Metaspace       used 25472K, capacity 26072K, committed 26496K, reserved 1073152K
  class space    used 3145K, capacity 3341K, committed 3456K, reserved 1048576K
Event: 61.739 GC heap after
Heap after GC invocations=73 (full 10):
 PSYoungGen      total 502784K, used 148813K [0x00000000d6e00000, 0x0000000100000000, 0x0000000100000000)
  eden space 332288K, 0% used [0x00000000d6e00000,0x00000000d6e00000,0x00000000eb280000)
  from space 170496K, 87% used [0x00000000eb280000,0x00000000f43d3570,0x00000000f5900000)
  to   space 171008K, 0% used [0x00000000f5900000,0x00000000f5900000,0x0000000100000000)
 ParOldGen       total 560640K, used 482851K [0x0000000084a00000, 0x00000000a6d80000, 0x00000000d6e00000)
  object space 560640K, 86% used [0x0000000084a00000,0x00000000a2188cf0,0x00000000a6d80000)
 Metaspace       used 25472K, capacity 26072K, committed 26496K, reserved 1073152K
  class space    used 3145K, capacity 3341K, committed 3456K, reserved 1048576K
}
Event: 62.719 GC heap before
{Heap before GC invocations=74 (full 10):
 PSYoungGen      total 502784K, used 479093K [0x00000000d6e00000, 0x0000000100000000, 0x0000000100000000)
  eden space 332288K, 99% used [0x00000000d6e00000,0x00000000eb08a238,0x00000000eb280000)
  from space 170496K, 87% used [0x00000000eb280000,0x00000000f43d3570,0x00000000f5900000)
  to   space 171008K, 0% used [0x00000000f5900000,0x00000000f5900000,0x0000000100000000)
 ParOldGen       total 560640K, used 482851K [0x0000000084a00000, 0x00000000a6d80000, 0x00000000d6e00000)
  object space 560640K, 86% used [0x0000000084a00000,0x00000000a2188cf0,0x00000000a6d80000)
 Metaspace       used 25472K, capacity 26072K, committed 26496K, reserved 1073152K
  class space    used 3145K, capacity 3341K, committed 3456K, reserved 1048576K
Event: 62.752 GC heap after
Heap after GC invocations=74 (full 10):
 PSYoungGen      total 500736K, used 149327K [0x00000000d6e00000, 0x0000000100000000, 0x0000000100000000)
  eden space 329728K, 0% used [0x00000000d6e00000,0x00000000d6e00000,0x00000000eb000000)
  from space 171008K, 87% used [0x00000000f5900000,0x00000000fead3de0,0x0000000100000000)
  to   space 172032K, 0% used [0x00000000eb000000,0x00000000eb000000,0x00000000f5800000)
 ParOldGen       total 560640K, used 482883K [0x0000000084a00000, 0x00000000a6d80000, 0x00000000d6e00000)
  object space 560640K, 86% used [0x0000000084a00000,0x00000000a2190cf0,0x00000000a6d80000)
 Metaspace       used 25472K, capacity 26072K, committed 26496K, reserved 1073152K
  class space    used 3145K, capacity 3341K, committed 3456K, reserved 1048576K
}
Event: 63.703 GC heap before
{Heap before GC invocations=75 (full 10):
 PSYoungGen      total 500736K, used 476872K [0x00000000d6e00000, 0x0000000100000000, 0x0000000100000000)
  eden space 329728K, 99% used [0x00000000d6e00000,0x00000000eadde5e0,0x00000000eb000000)
  from space 171008K, 87% used [0x00000000f5900000,0x00000000fead3de0,0x0000000100000000)
  to   space 172032K, 0% used [0x00000000eb000000,0x00000000eb000000,0x00000000f5800000)
 ParOldGen       total 560640K, used 482883K [0x0000000084a00000, 0x00000000a6d80000, 0x00000000d6e00000)
  object space 560640K, 86% used [0x0000000084a00000,0x00000000a2190cf0,0x00000000a6d80000)
 Metaspace       used 25489K, capacity 26136K, committed 26496K, reserved 1073152K
  class space    used 3145K, capacity 3341K, committed 3456K, reserved 1048576K
Event: 63.739 GC heap after
Heap after GC invocations=75 (full 10):
 PSYoungGen      total 481792K, used 152027K [0x00000000d6e00000, 0x0000000100000000, 0x0000000100000000)
  eden space 329728K, 0% used [0x00000000d6e00000,0x00000000d6e00000,0x00000000eb000000)
  from space 152064K, 99% used [0x00000000eb000000,0x00000000f4476db0,0x00000000f4480000)
  to   space 173568K, 0% used [0x00000000f5680000,0x00000000f5680000,0x0000000100000000)
 ParOldGen       total 560640K, used 482907K [0x0000000084a00000, 0x00000000a6d80000, 0x00000000d6e00000)
  object space 560640K, 86% used [0x0000000084a00000,0x00000000a2196cf0,0x00000000a6d80000)
 Metaspace       used 25489K, capacity 26136K, committed 26496K, reserved 1073152K
  class space    used 3145K, capacity 3341K, committed 3456K, reserved 1048576K
}
Event: 64.707 GC heap before
{Heap before GC invocations=76 (full 10):
 PSYoungGen      total 481792K, used 480339K [0x00000000d6e00000, 0x0000000100000000, 0x0000000100000000)
  eden space 329728K, 99% used [0x00000000d6e00000,0x00000000eae9e1a0,0x00000000eb000000)
  from space 152064K, 99% used [0x00000000eb000000,0x00000000f4476db0,0x00000000f4480000)
  to   space 173568K, 0% used [0x00000000f5680000,0x00000000f5680000,0x0000000100000000)
 ParOldGen       total 560640K, used 482907K [0x0000000084a00000, 0x00000000a6d80000, 0x00000000d6e00000)
  object space 560640K, 86% used [0x0000000084a00000,0x00000000a2196cf0,0x00000000a6d80000)
 Metaspace       used 25489K, capacity 26136K, committed 26496K, reserved 1073152K
  class space    used 3145K, capacity 3341K, committed 3456K, reserved 1048576K
Event: 64.741 GC heap after
Heap after GC invocations=76 (full 10):
 PSYoungGen      total 498176K, used 152059K [0x00000000d6e00000, 0x0000000100000000, 0x0000000100000000)
  eden space 324608K, 0% used [0x00000000d6e00000,0x00000000d6e00000,0x00000000eab00000)
  from space 173568K, 87% used [0x00000000f5680000,0x00000000feafedb0,0x0000000100000000)
  to   space 174592K, 0% used [0x00000000eab00000,0x00000000eab00000,0x00000000f5580000)
 ParOldGen       total 560640K, used 482923K [0x0000000084a00000, 0x00000000a6d80000, 0x00000000d6e00000)
  object space 560640K, 86% used [0x0000000084a00000,0x00000000a219acf0,0x00000000a6d80000)
 Metaspace       used 25489K, capacity 26136K, committed 26496K, reserved 1073152K
  class space    used 3145K, capacity 3341K, committed 3456K, reserved 1048576K
}

