# JRE version: Java(TM) SE Runtime Environment (8.0_45-b15) (build 1.8.0_45-b15)
# Java VM: Java HotSpot(TM) 64-Bit Server VM (25.45-b02 mixed mode windows-amd64 compressed oops)
Heap:
 PSYoungGen      total 310784K, used 34539K [0x00000000d5c00000, 0x00000000ebb00000, 0x0000000100000000)
  eden space 271360K, 2% used [0x00000000d5c00000,0x00000000d62bb7c0,0x00000000e6500000)
  from space 39424K, 70% used [0x00000000e6500000,0x00000000e7fff440,0x00000000e8b80000)
  to   space 38912K, 0% used [0x00000000e9500000,0x00000000e9500000,0x00000000ebb00000)
 ParOldGen       total 147456K, used 79406K [0x0000000081400000, 0x000000008a400000, 0x00000000d5c00000)
  object space 147456K, 53% used [0x0000000081400000,0x000000008618bb70,0x000000008a400000)
 Metaspace       used 21404K, capacity 22070K, committed 22144K, reserved 1069056K
  class space    used 2741K, capacity 2914K, committed 2944K, reserved 1048576K
GC Heap History (10 events):
Event: 24.971 GC heap before
{Heap before GC invocations=25 (full 2):
 PSYoungGen      total 284160K, used 274592K [0x00000000d5c00000, 0x00000000e9400000, 0x0000000100000000)
  eden space 250880K, 100% used [0x00000000d5c00000,0x00000000e5100000,0x00000000e5100000)
  from space 33280K, 71% used [0x00000000e7380000,0x00000000e8aa8100,0x00000000e9400000)
  to   space 34304K, 0% used [0x00000000e5100000,0x00000000e5100000,0x00000000e7280000)
 ParOldGen       total 147456K, used 70437K [0x0000000081400000, 0x000000008a400000, 0x00000000d5c00000)
  object space 147456K, 47% used [0x0000000081400000,0x00000000858c95b8,0x000000008a400000)
 Metaspace       used 21383K, capacity 21942K, committed 22144K, reserved 1069056K
  class space    used 2741K, capacity 2914K, committed 2944K, reserved 1048576K
Event: 24.981 GC heap after
Heap after GC invocations=25 (full 2):
 PSYoungGen      total 285184K, used 31250K [0x00000000d5c00000, 0x00000000ea380000, 0x0000000100000000)
  eden space 250880K, 0% used [0x00000000d5c00000,0x00000000d5c00000,0x00000000e5100000)
  from space 34304K, 91% used [0x00000000e5100000,0x00000000e6f84800,0x00000000e7280000)
  to   space 36352K, 0% used [0x00000000e8000000,0x00000000e8000000,0x00000000ea380000)
 ParOldGen       total 147456K, used 70501K [0x0000000081400000, 0x000000008a400000, 0x00000000d5c00000)
  object space 147456K, 47% used [0x0000000081400000,0x00000000858d95b8,0x000000008a400000)
 Metaspace       used 21383K, capacity 21942K, committed 22144K, reserved 1069056K
  class space    used 2741K, capacity 2914K, committed 2944K, reserved 1048576K
}
Event: 25.767 GC heap before
{Heap before GC invocations=26 (full 2):
 PSYoungGen      total 285184K, used 282130K [0x00000000d5c00000, 0x00000000ea380000, 0x0000000100000000)
  eden space 250880K, 100% used [0x00000000d5c00000,0x00000000e5100000,0x00000000e5100000)
  from space 34304K, 91% used [0x00000000e5100000,0x00000000e6f84800,0x00000000e7280000)
  to   space 36352K, 0% used [0x00000000e8000000,0x00000000e8000000,0x00000000ea380000)
 ParOldGen       total 147456K, used 70501K [0x0000000081400000, 0x000000008a400000, 0x00000000d5c00000)
  object space 147456K, 47% used [0x0000000081400000,0x00000000858d95b8,0x000000008a400000)
 Metaspace       used 21393K, capacity 22006K, committed 22144K, reserved 1069056K
  class space    used 2741K, capacity 2914K, committed 2944K, reserved 1048576K
Event: 25.780 GC heap after
Heap after GC invocations=26 (full 2):
 PSYoungGen      total 297984K, used 29853K [0x00000000d5c00000, 0x00000000ea600000, 0x0000000100000000)
  eden space 261632K, 0% used [0x00000000d5c00000,0x00000000d5c00000,0x00000000e5b80000)
  from space 36352K, 82% used [0x00000000e8000000,0x00000000e9d27580,0x00000000ea380000)
  to   space 37376K, 0% used [0x00000000e5b80000,0x00000000e5b80000,0x00000000e8000000)
 ParOldGen       total 147456K, used 70533K [0x0000000081400000, 0x000000008a400000, 0x00000000d5c00000)
  object space 147456K, 47% used [0x0000000081400000,0x00000000858e15b8,0x000000008a400000)
 Metaspace       used 21393K, capacity 22006K, committed 22144K, reserved 1069056K
  class space    used 2741K, capacity 2914K, committed 2944K, reserved 1048576K
}
Event: 26.581 GC heap before
{Heap before GC invocations=27 (full 2):
 PSYoungGen      total 297984K, used 291088K [0x00000000d5c00000, 0x00000000ea600000, 0x0000000100000000)
  eden space 261632K, 99% used [0x00000000d5c00000,0x00000000e5b1cdb0,0x00000000e5b80000)
  from space 36352K, 82% used [0x00000000e8000000,0x00000000e9d27580,0x00000000ea380000)
  to   space 37376K, 0% used [0x00000000e5b80000,0x00000000e5b80000,0x00000000e8000000)
 ParOldGen       total 147456K, used 70533K [0x0000000081400000, 0x000000008a400000, 0x00000000d5c00000)
  object space 147456K, 47% used [0x0000000081400000,0x00000000858e15b8,0x000000008a400000)
 Metaspace       used 21393K, capacity 22006K, committed 22144K, reserved 1069056K
  class space    used 2741K, capacity 2914K, committed 2944K, reserved 1048576K
Event: 26.594 GC heap after
Heap after GC invocations=27 (full 2):
 PSYoungGen      total 299008K, used 31410K [0x00000000d5c00000, 0x00000000eb180000, 0x0000000100000000)
  eden space 261632K, 0% used [0x00000000d5c00000,0x00000000d5c00000,0x00000000e5b80000)
  from space 37376K, 84% used [0x00000000e5b80000,0x00000000e7a2c800,0x00000000e8000000)
  to   space 38912K, 0% used [0x00000000e8b80000,0x00000000e8b80000,0x00000000eb180000)
 ParOldGen       total 147456K, used 70557K [0x0000000081400000, 0x000000008a400000, 0x00000000d5c00000)
  object space 147456K, 47% used [0x0000000081400000,0x00000000858e75b8,0x000000008a400000)
 Metaspace       used 21393K, capacity 22006K, committed 22144K, reserved 1069056K
  class space    used 2741K, capacity 2914K, committed 2944K, reserved 1048576K
}
Event: 27.389 GC heap before
{Heap before GC invocations=28 (full 2):
 PSYoungGen      total 299008K, used 292773K [0x00000000d5c00000, 0x00000000eb180000, 0x0000000100000000)
  eden space 261632K, 99% used [0x00000000d5c00000,0x00000000e5b3cfa0,0x00000000e5b80000)
  from space 37376K, 84% used [0x00000000e5b80000,0x00000000e7a2c800,0x00000000e8000000)
  to   space 38912K, 0% used [0x00000000e8b80000,0x00000000e8b80000,0x00000000eb180000)
 ParOldGen       total 147456K, used 71457K [0x0000000081400000, 0x000000008a400000, 0x00000000d5c00000)
  object space 147456K, 48% used [0x0000000081400000,0x00000000859c85c8,0x000000008a400000)
 Metaspace       used 21394K, capacity 22006K, committed 22144K, reserved 1069056K
  class space    used 2741K, capacity 2914K, committed 2944K, reserved 1048576K
Event: 27.401 GC heap after
Heap after GC invocations=28 (full 2):
 PSYoungGen      total 310272K, used 31135K [0x00000000d5c00000, 0x00000000eb280000, 0x0000000100000000)
  eden space 271360K, 0% used [0x00000000d5c00000,0x00000000d5c00000,0x00000000e6500000)
  from space 38912K, 80% used [0x00000000e8b80000,0x00000000ea9e7e60,0x00000000eb180000)
  to   space 39424K, 0% used [0x00000000e6500000,0x00000000e6500000,0x00000000e8b80000)
 ParOldGen       total 147456K, used 71497K [0x0000000081400000, 0x000000008a400000, 0x00000000d5c00000)
  object space 147456K, 48% used [0x0000000081400000,0x00000000859d25c8,0x000000008a400000)
 Metaspace       used 21394K, capacity 22006K, committed 22144K, reserved 1069056K
  class space    used 2741K, capacity 2914K, committed 2944K, reserved 1048576K
}
Event: 28.283 GC heap before
{Heap before GC invocations=29 (full 2):
 PSYoungGen      total 310272K, used 302495K [0x00000000d5c00000, 0x00000000eb280000, 0x0000000100000000)
  eden space 271360K, 100% used [0x00000000d5c00000,0x00000000e6500000,0x00000000e6500000)
  from space 38912K, 80% used [0x00000000e8b80000,0x00000000ea9e7e60,0x00000000eb180000)
  to   space 39424K, 0% used [0x00000000e6500000,0x00000000e6500000,0x00000000e8b80000)
 ParOldGen       total 147456K, used 79374K [0x0000000081400000, 0x000000008a400000, 0x00000000d5c00000)
  object space 147456K, 53% used [0x0000000081400000,0x0000000086183b70,0x000000008a400000)
 Metaspace       used 21404K, capacity 22070K, committed 22144K, reserved 1069056K
  class space    used 2741K, capacity 2914K, committed 2944K, reserved 1048576K
Event: 28.296 GC heap after
Heap after GC invocations=29 (full 2):
 PSYoungGen      total 310784K, used 27645K [0x00000000d5c00000, 0x00000000ebb00000, 0x0000000100000000)
  eden space 271360K, 0% used [0x00000000d5c00000,0x00000000d5c00000,0x00000000e6500000)
  from space 39424K, 70% used [0x00000000e6500000,0x00000000e7fff440,0x00000000e8b80000)
  to   space 38912K, 0% used [0x00000000e9500000,0x00000000e9500000,0x00000000ebb00000)
 ParOldGen       total 147456K, used 79406K [0x0000000081400000, 0x000000008a400000, 0x00000000d5c00000)
  object space 147456K, 53% used [0x0000000081400000,0x000000008618bb70,0x000000008a400000)
 Metaspace       used 21404K, capacity 22070K, committed 22144K, reserved 1069056K
  class space    used 2741K, capacity 2914K, committed 2944K, reserved 1048576K
}

