# JRE version: Java(TM) SE Runtime Environment (8.0_91-b14) (build 1.8.0_91-b14)
# Java VM: Java HotSpot(TM) 64-Bit Server VM (25.91-b14 mixed mode windows-amd64 compressed oops)
Heap:
 PSYoungGen      total 500736K, used 166330K [0x00000000d6e00000, 0x0000000100000000, 0x0000000100000000)
  eden space 334336K, 4% used [0x00000000d6e00000,0x00000000d7dc4488,0x00000000eb480000)
  from space 166400K, 90% used [0x00000000f5a00000,0x00000000fecaa4c0,0x00000000ffc80000)
  to   space 169472K, 0% used [0x00000000eb480000,0x00000000eb480000,0x00000000f5a00000)
 ParOldGen       total 326656K, used 278593K [0x0000000084a00000, 0x0000000098900000, 0x00000000d6e00000)
  object space 326656K, 85% used [0x0000000084a00000,0x0000000095a10710,0x0000000098900000)
 Metaspace       used 25404K, capacity 26032K, committed 26240K, reserved 1073152K
  class space    used 3147K, capacity 3341K, committed 3456K, reserved 1048576K
GC Heap History (10 events):
Event: 50.693 GC heap before
{Heap before GC invocations=62 (full 6):
 PSYoungGen      total 516096K, used 515376K [0x00000000d6e00000, 0x0000000100000000, 0x0000000100000000)
  eden space 359424K, 99% used [0x00000000d6e00000,0x00000000ecc4fc58,0x00000000ecd00000)
  from space 156672K, 99% used [0x00000000ecd00000,0x00000000f65fc4b0,0x00000000f6600000)
  to   space 157696K, 0% used [0x00000000f6600000,0x00000000f6600000,0x0000000100000000)
 ParOldGen       total 326656K, used 278465K [0x0000000084a00000, 0x0000000098900000, 0x00000000d6e00000)
  object space 326656K, 85% used [0x0000000084a00000,0x00000000959f0710,0x0000000098900000)
 Metaspace       used 25378K, capacity 26032K, committed 26240K, reserved 1073152K
  class space    used 3147K, capacity 3341K, committed 3456K, reserved 1048576K
Event: 50.730 GC heap after
Heap after GC invocations=62 (full 6):
 PSYoungGen      total 494592K, used 146260K [0x00000000d6e00000, 0x0000000100000000, 0x0000000100000000)
  eden space 336896K, 0% used [0x00000000d6e00000,0x00000000d6e00000,0x00000000eb700000)
  from space 157696K, 92% used [0x00000000f6600000,0x00000000ff4d5120,0x0000000100000000)
  to   space 168448K, 0% used [0x00000000eb700000,0x00000000eb700000,0x00000000f5b80000)
 ParOldGen       total 326656K, used 278497K [0x0000000084a00000, 0x0000000098900000, 0x00000000d6e00000)
  object space 326656K, 85% used [0x0000000084a00000,0x00000000959f8710,0x0000000098900000)
 Metaspace       used 25378K, capacity 26032K, committed 26240K, reserved 1073152K
  class space    used 3147K, capacity 3341K, committed 3456K, reserved 1048576K
}
Event: 51.672 GC heap before
{Heap before GC invocations=63 (full 6):
 PSYoungGen      total 494592K, used 481264K [0x00000000d6e00000, 0x0000000100000000, 0x0000000100000000)
  eden space 336896K, 99% used [0x00000000d6e00000,0x00000000eb526fa8,0x00000000eb700000)
  from space 157696K, 92% used [0x00000000f6600000,0x00000000ff4d5120,0x0000000100000000)
  to   space 168448K, 0% used [0x00000000eb700000,0x00000000eb700000,0x00000000f5b80000)
 ParOldGen       total 326656K, used 278497K [0x0000000084a00000, 0x0000000098900000, 0x00000000d6e00000)
  object space 326656K, 85% used [0x0000000084a00000,0x00000000959f8710,0x0000000098900000)
 Metaspace       used 25390K, capacity 26032K, committed 26240K, reserved 1073152K
  class space    used 3147K, capacity 3341K, committed 3456K, reserved 1048576K
Event: 51.702 GC heap after
Heap after GC invocations=63 (full 6):
 PSYoungGen      total 505344K, used 136741K [0x00000000d6e00000, 0x0000000100000000, 0x0000000100000000)
  eden space 336896K, 0% used [0x00000000d6e00000,0x00000000d6e00000,0x00000000eb700000)
  from space 168448K, 81% used [0x00000000eb700000,0x00000000f3c894d0,0x00000000f5b80000)
  to   space 166912K, 0% used [0x00000000f5d00000,0x00000000f5d00000,0x0000000100000000)
 ParOldGen       total 326656K, used 278513K [0x0000000084a00000, 0x0000000098900000, 0x00000000d6e00000)
  object space 326656K, 85% used [0x0000000084a00000,0x00000000959fc710,0x0000000098900000)
 Metaspace       used 25390K, capacity 26032K, committed 26240K, reserved 1073152K
  class space    used 3147K, capacity 3341K, committed 3456K, reserved 1048576K
}
Event: 52.577 GC heap before
{Heap before GC invocations=64 (full 6):
 PSYoungGen      total 505344K, used 470600K [0x00000000d6e00000, 0x0000000100000000, 0x0000000100000000)
  eden space 336896K, 99% used [0x00000000d6e00000,0x00000000eb408ee0,0x00000000eb700000)
  from space 168448K, 81% used [0x00000000eb700000,0x00000000f3c894d0,0x00000000f5b80000)
  to   space 166912K, 0% used [0x00000000f5d00000,0x00000000f5d00000,0x0000000100000000)
 ParOldGen       total 326656K, used 278513K [0x0000000084a00000, 0x0000000098900000, 0x00000000d6e00000)
  object space 326656K, 85% used [0x0000000084a00000,0x00000000959fc710,0x0000000098900000)
 Metaspace       used 25391K, capacity 26032K, committed 26240K, reserved 1073152K
  class space    used 3147K, capacity 3341K, committed 3456K, reserved 1048576K
Event: 52.610 GC heap after
Heap after GC invocations=64 (full 6):
 PSYoungGen      total 501760K, used 147531K [0x00000000d6e00000, 0x0000000100000000, 0x0000000100000000)
  eden space 334848K, 0% used [0x00000000d6e00000,0x00000000d6e00000,0x00000000eb500000)
  from space 166912K, 88% used [0x00000000f5d00000,0x00000000fed12c60,0x0000000100000000)
  to   space 169472K, 0% used [0x00000000eb500000,0x00000000eb500000,0x00000000f5a80000)
 ParOldGen       total 326656K, used 278529K [0x0000000084a00000, 0x0000000098900000, 0x00000000d6e00000)
  object space 326656K, 85% used [0x0000000084a00000,0x0000000095a00710,0x0000000098900000)
 Metaspace       used 25391K, capacity 26032K, committed 26240K, reserved 1073152K
  class space    used 3147K, capacity 3341K, committed 3456K, reserved 1048576K
}
Event: 53.468 GC heap before
{Heap before GC invocations=65 (full 6):
 PSYoungGen      total 501760K, used 481196K [0x00000000d6e00000, 0x0000000100000000, 0x0000000100000000)
  eden space 334848K, 99% used [0x00000000d6e00000,0x00000000eb3d8460,0x00000000eb500000)
  from space 166912K, 88% used [0x00000000f5d00000,0x00000000fed12c60,0x0000000100000000)
  to   space 169472K, 0% used [0x00000000eb500000,0x00000000eb500000,0x00000000f5a80000)
 ParOldGen       total 326656K, used 278529K [0x0000000084a00000, 0x0000000098900000, 0x00000000d6e00000)
  object space 326656K, 85% used [0x0000000084a00000,0x0000000095a00710,0x0000000098900000)
 Metaspace       used 25397K, capacity 26032K, committed 26240K, reserved 1073152K
  class space    used 3147K, capacity 3341K, committed 3456K, reserved 1048576K
Event: 53.498 GC heap after
Heap after GC invocations=65 (full 6):
 PSYoungGen      total 468480K, used 133519K [0x00000000d6e00000, 0x00000000ffc80000, 0x0000000100000000)
  eden space 334848K, 0% used [0x00000000d6e00000,0x00000000d6e00000,0x00000000eb500000)
  from space 133632K, 99% used [0x00000000eb500000,0x00000000f3763f10,0x00000000f3780000)
  to   space 166400K, 0% used [0x00000000f5a00000,0x00000000f5a00000,0x00000000ffc80000)
 ParOldGen       total 326656K, used 278561K [0x0000000084a00000, 0x0000000098900000, 0x00000000d6e00000)
  object space 326656K, 85% used [0x0000000084a00000,0x0000000095a08710,0x0000000098900000)
 Metaspace       used 25397K, capacity 26032K, committed 26240K, reserved 1073152K
  class space    used 3147K, capacity 3341K, committed 3456K, reserved 1048576K
}
Event: 54.512 GC heap before
{Heap before GC invocations=66 (full 6):
 PSYoungGen      total 468480K, used 466573K [0x00000000d6e00000, 0x00000000ffc80000, 0x0000000100000000)
  eden space 334848K, 99% used [0x00000000d6e00000,0x00000000eb33f640,0x00000000eb500000)
  from space 133632K, 99% used [0x00000000eb500000,0x00000000f3763f10,0x00000000f3780000)
  to   space 166400K, 0% used [0x00000000f5a00000,0x00000000f5a00000,0x00000000ffc80000)
 ParOldGen       total 326656K, used 278561K [0x0000000084a00000, 0x0000000098900000, 0x00000000d6e00000)
  object space 326656K, 85% used [0x0000000084a00000,0x0000000095a08710,0x0000000098900000)
 Metaspace       used 25404K, capacity 26032K, committed 26240K, reserved 1073152K
  class space    used 3147K, capacity 3341K, committed 3456K, reserved 1048576K
Event: 54.549 GC heap after
Heap after GC invocations=66 (full 6):
 PSYoungGen      total 500736K, used 150185K [0x00000000d6e00000, 0x0000000100000000, 0x0000000100000000)
  eden space 334336K, 0% used [0x00000000d6e00000,0x00000000d6e00000,0x00000000eb480000)
  from space 166400K, 90% used [0x00000000f5a00000,0x00000000fecaa4c0,0x00000000ffc80000)
  to   space 169472K, 0% used [0x00000000eb480000,0x00000000eb480000,0x00000000f5a00000)
 ParOldGen       total 326656K, used 278593K [0x0000000084a00000, 0x0000000098900000, 0x00000000d6e00000)
  object space 326656K, 85% used [0x0000000084a00000,0x0000000095a10710,0x0000000098900000)
 Metaspace       used 25404K, capacity 26032K, committed 26240K, reserved 1073152K
  class space    used 3147K, capacity 3341K, committed 3456K, reserved 1048576K
}

