# JRE version: Java(TM) SE Runtime Environment (8.0_91-b14) (build 1.8.0_91-b14)
# Java VM: Java HotSpot(TM) 64-Bit Server VM (25.91-b14 mixed mode windows-amd64 compressed oops)
Heap:
 PSYoungGen      total 505344K, used 151537K [0x00000000d6e00000, 0x0000000100000000, 0x0000000100000000)
  eden space 343040K, 2% used [0x00000000d6e00000,0x00000000d779e400,0x00000000ebd00000)
  from space 162304K, 87% used [0x00000000ebd00000,0x00000000f475e030,0x00000000f5b80000)
  to   space 165376K, 0% used [0x00000000f5e80000,0x00000000f5e80000,0x0000000100000000)
 ParOldGen       total 263680K, used 158043K [0x0000000084a00000, 0x0000000094b80000, 0x00000000d6e00000)
  object space 263680K, 59% used [0x0000000084a00000,0x000000008e456e08,0x0000000094b80000)
 Metaspace       used 22187K, capacity 22832K, committed 22912K, reserved 1069056K
  class space    used 2727K, capacity 2913K, committed 2944K, reserved 1048576K
GC Heap History (10 events):
Event: 35.943 GC heap before
{Heap before GC invocations=44 (full 3):
 PSYoungGen      total 499712K, used 470536K [0x00000000d6e00000, 0x00000000fff80000, 0x0000000100000000)
  eden space 334848K, 99% used [0x00000000d6e00000,0x00000000eb4720e8,0x00000000eb500000)
  from space 164864K, 82% used [0x00000000f5800000,0x00000000fdd0ffb0,0x00000000ff900000)
  to   space 166912K, 0% used [0x00000000eb500000,0x00000000eb500000,0x00000000f5800000)
 ParOldGen       total 263680K, used 157915K [0x0000000084a00000, 0x0000000094b80000, 0x00000000d6e00000)
  object space 263680K, 59% used [0x0000000084a00000,0x000000008e436e08,0x0000000094b80000)
 Metaspace       used 22172K, capacity 22768K, committed 22912K, reserved 1069056K
  class space    used 2727K, capacity 2913K, committed 2944K, reserved 1048576K
Event: 35.973 GC heap after
Heap after GC invocations=44 (full 3):
 PSYoungGen      total 501760K, used 134873K [0x00000000d6e00000, 0x0000000100000000, 0x0000000100000000)
  eden space 334848K, 0% used [0x00000000d6e00000,0x00000000d6e00000,0x00000000eb500000)
  from space 166912K, 80% used [0x00000000eb500000,0x00000000f38b67e0,0x00000000f5800000)
  to   space 167424K, 0% used [0x00000000f5c80000,0x00000000f5c80000,0x0000000100000000)
 ParOldGen       total 263680K, used 157939K [0x0000000084a00000, 0x0000000094b80000, 0x00000000d6e00000)
  object space 263680K, 59% used [0x0000000084a00000,0x000000008e43ce08,0x0000000094b80000)
 Metaspace       used 22172K, capacity 22768K, committed 22912K, reserved 1069056K
  class space    used 2727K, capacity 2913K, committed 2944K, reserved 1048576K
}
Event: 36.828 GC heap before
{Heap before GC invocations=45 (full 3):
 PSYoungGen      total 501760K, used 468036K [0x00000000d6e00000, 0x0000000100000000, 0x0000000100000000)
  eden space 334848K, 99% used [0x00000000d6e00000,0x00000000eb35a908,0x00000000eb500000)
  from space 166912K, 80% used [0x00000000eb500000,0x00000000f38b67e0,0x00000000f5800000)
  to   space 167424K, 0% used [0x00000000f5c80000,0x00000000f5c80000,0x0000000100000000)
 ParOldGen       total 263680K, used 157939K [0x0000000084a00000, 0x0000000094b80000, 0x00000000d6e00000)
  object space 263680K, 59% used [0x0000000084a00000,0x000000008e43ce08,0x0000000094b80000)
 Metaspace       used 22176K, capacity 22768K, committed 22912K, reserved 1069056K
  class space    used 2727K, capacity 2913K, committed 2944K, reserved 1048576K
Event: 36.859 GC heap after
Heap after GC invocations=45 (full 3):
 PSYoungGen      total 505344K, used 130823K [0x00000000d6e00000, 0x00000000ffe80000, 0x0000000100000000)
  eden space 339456K, 0% used [0x00000000d6e00000,0x00000000d6e00000,0x00000000eb980000)
  from space 165888K, 78% used [0x00000000f5c80000,0x00000000fdc41f60,0x00000000ffe80000)
  to   space 166400K, 0% used [0x00000000eb980000,0x00000000eb980000,0x00000000f5c00000)
 ParOldGen       total 263680K, used 157963K [0x0000000084a00000, 0x0000000094b80000, 0x00000000d6e00000)
  object space 263680K, 59% used [0x0000000084a00000,0x000000008e442e08,0x0000000094b80000)
 Metaspace       used 22176K, capacity 22768K, committed 22912K, reserved 1069056K
  class space    used 2727K, capacity 2913K, committed 2944K, reserved 1048576K
}
Event: 37.727 GC heap before
{Heap before GC invocations=46 (full 3):
 PSYoungGen      total 505344K, used 469760K [0x00000000d6e00000, 0x00000000ffe80000, 0x0000000100000000)
  eden space 339456K, 99% used [0x00000000d6e00000,0x00000000eb8fe130,0x00000000eb980000)
  from space 165888K, 78% used [0x00000000f5c80000,0x00000000fdc41f60,0x00000000ffe80000)
  to   space 166400K, 0% used [0x00000000eb980000,0x00000000eb980000,0x00000000f5c00000)
 ParOldGen       total 263680K, used 157963K [0x0000000084a00000, 0x0000000094b80000, 0x00000000d6e00000)
  object space 263680K, 59% used [0x0000000084a00000,0x000000008e442e08,0x0000000094b80000)
 Metaspace       used 22176K, capacity 22768K, committed 22912K, reserved 1069056K
  class space    used 2727K, capacity 2913K, committed 2944K, reserved 1048576K
Event: 37.756 GC heap after
Heap after GC invocations=46 (full 3):
 PSYoungGen      total 505856K, used 129473K [0x00000000d6e00000, 0x00000000ffc80000, 0x0000000100000000)
  eden space 339456K, 0% used [0x00000000d6e00000,0x00000000d6e00000,0x00000000eb980000)
  from space 166400K, 77% used [0x00000000eb980000,0x00000000f37f0720,0x00000000f5c00000)
  to   space 164352K, 0% used [0x00000000f5c00000,0x00000000f5c00000,0x00000000ffc80000)
 ParOldGen       total 263680K, used 157995K [0x0000000084a00000, 0x0000000094b80000, 0x00000000d6e00000)
  object space 263680K, 59% used [0x0000000084a00000,0x000000008e44ae08,0x0000000094b80000)
 Metaspace       used 22176K, capacity 22768K, committed 22912K, reserved 1069056K
  class space    used 2727K, capacity 2913K, committed 2944K, reserved 1048576K
}
Event: 38.606 GC heap before
{Heap before GC invocations=47 (full 3):
 PSYoungGen      total 505856K, used 468688K [0x00000000d6e00000, 0x00000000ffc80000, 0x0000000100000000)
  eden space 339456K, 99% used [0x00000000d6e00000,0x00000000eb943b88,0x00000000eb980000)
  from space 166400K, 77% used [0x00000000eb980000,0x00000000f37f0720,0x00000000f5c00000)
  to   space 164352K, 0% used [0x00000000f5c00000,0x00000000f5c00000,0x00000000ffc80000)
 ParOldGen       total 263680K, used 157995K [0x0000000084a00000, 0x0000000094b80000, 0x00000000d6e00000)
  object space 263680K, 59% used [0x0000000084a00000,0x000000008e44ae08,0x0000000094b80000)
 Metaspace       used 22185K, capacity 22768K, committed 22912K, reserved 1069056K
  class space    used 2727K, capacity 2913K, committed 2944K, reserved 1048576K
Event: 38.634 GC heap after
Heap after GC invocations=47 (full 3):
 PSYoungGen      total 504832K, used 129087K [0x00000000d6e00000, 0x00000000ffa00000, 0x0000000100000000)
  eden space 343040K, 0% used [0x00000000d6e00000,0x00000000d6e00000,0x00000000ebd00000)
  from space 161792K, 79% used [0x00000000f5c00000,0x00000000fda0fe50,0x00000000ffa00000)
  to   space 162304K, 0% used [0x00000000ebd00000,0x00000000ebd00000,0x00000000f5b80000)
 ParOldGen       total 263680K, used 158019K [0x0000000084a00000, 0x0000000094b80000, 0x00000000d6e00000)
  object space 263680K, 59% used [0x0000000084a00000,0x000000008e450e08,0x0000000094b80000)
 Metaspace       used 22185K, capacity 22768K, committed 22912K, reserved 1069056K
  class space    used 2727K, capacity 2913K, committed 2944K, reserved 1048576K
}
Event: 39.564 GC heap before
{Heap before GC invocations=48 (full 3):
 PSYoungGen      total 504832K, used 471752K [0x00000000d6e00000, 0x00000000ffa00000, 0x0000000100000000)
  eden space 343040K, 99% used [0x00000000d6e00000,0x00000000ebca2428,0x00000000ebd00000)
  from space 161792K, 79% used [0x00000000f5c00000,0x00000000fda0fe50,0x00000000ffa00000)
  to   space 162304K, 0% used [0x00000000ebd00000,0x00000000ebd00000,0x00000000f5b80000)
 ParOldGen       total 263680K, used 158019K [0x0000000084a00000, 0x0000000094b80000, 0x00000000d6e00000)
  object space 263680K, 59% used [0x0000000084a00000,0x000000008e450e08,0x0000000094b80000)
 Metaspace       used 22187K, capacity 22832K, committed 22912K, reserved 1069056K
  class space    used 2727K, capacity 2913K, committed 2944K, reserved 1048576K
Event: 39.595 GC heap after
Heap after GC invocations=48 (full 3):
 PSYoungGen      total 505344K, used 141688K [0x00000000d6e00000, 0x0000000100000000, 0x0000000100000000)
  eden space 343040K, 0% used [0x00000000d6e00000,0x00000000d6e00000,0x00000000ebd00000)
  from space 162304K, 87% used [0x00000000ebd00000,0x00000000f475e030,0x00000000f5b80000)
  to   space 165376K, 0% used [0x00000000f5e80000,0x00000000f5e80000,0x0000000100000000)
 ParOldGen       total 263680K, used 158043K [0x0000000084a00000, 0x0000000094b80000, 0x00000000d6e00000)
  object space 263680K, 59% used [0x0000000084a00000,0x000000008e456e08,0x0000000094b80000)
 Metaspace       used 22187K, capacity 22832K, committed 22912K, reserved 1069056K
  class space    used 2727K, capacity 2913K, committed 2944K, reserved 1048576K
}

