# JRE version: Java(TM) SE Runtime Environment (8.0_91-b14) (build 1.8.0_91-b14)
# Java VM: Java HotSpot(TM) 64-Bit Server VM (25.91-b14 mixed mode windows-amd64 compressed oops)
Heap:
 PSYoungGen      total 517632K, used 14004K [0x00000000d6e00000, 0x0000000100000000, 0x0000000100000000)
  eden space 363520K, 3% used [0x00000000d6e00000,0x00000000d7bad3b0,0x00000000ed100000)
  from space 154112K, 0% used [0x00000000ed100000,0x00000000ed100000,0x00000000f6780000)
  to   space 154112K, 0% used [0x00000000f6980000,0x00000000f6980000,0x0000000100000000)
 ParOldGen       total 432128K, used 166936K [0x0000000084a00000, 0x000000009f000000, 0x00000000d6e00000)
  object space 432128K, 38% used [0x0000000084a00000,0x000000008ed06398,0x000000009f000000)
 Metaspace       used 23039K, capacity 23626K, committed 23680K, reserved 1071104K
  class space    used 2755K, capacity 2920K, committed 2944K, reserved 1048576K
GC Heap History (10 events):
Event: 166.001 GC heap before
{Heap before GC invocations=185 (full 17):
 PSYoungGen      total 515584K, used 496712K [0x00000000d6e00000, 0x00000000ffd00000, 0x0000000100000000)
  eden space 359936K, 99% used [0x00000000d6e00000,0x00000000eca205e0,0x00000000ecd80000)
  from space 155648K, 90% used [0x00000000ecd80000,0x00000000f5671db8,0x00000000f6580000)
  to   space 154624K, 0% used [0x00000000f6600000,0x00000000f6600000,0x00000000ffd00000)
 ParOldGen       total 436224K, used 362538K [0x0000000084a00000, 0x000000009f400000, 0x00000000d6e00000)
  object space 436224K, 83% used [0x0000000084a00000,0x000000009ac0aa48,0x000000009f400000)
 Metaspace       used 23039K, capacity 23626K, committed 23680K, reserved 1071104K
  class space    used 2755K, capacity 2920K, committed 2944K, reserved 1048576K
Event: 166.032 GC heap after
Heap after GC invocations=185 (full 17):
 PSYoungGen      total 515584K, used 130808K [0x00000000d6e00000, 0x0000000100000000, 0x0000000100000000)
  eden space 360960K, 0% used [0x00000000d6e00000,0x00000000d6e00000,0x00000000ece80000)
  from space 154624K, 84% used [0x00000000f6600000,0x00000000fe5be220,0x00000000ffd00000)
  to   space 155136K, 0% used [0x00000000ece80000,0x00000000ece80000,0x00000000f6600000)
 ParOldGen       total 436224K, used 376962K [0x0000000084a00000, 0x000000009f400000, 0x00000000d6e00000)
  object space 436224K, 86% used [0x0000000084a00000,0x000000009ba20a88,0x000000009f400000)
 Metaspace       used 23039K, capacity 23626K, committed 23680K, reserved 1071104K
  class space    used 2755K, capacity 2920K, committed 2944K, reserved 1048576K
}
Event: 166.870 GC heap before
{Heap before GC invocations=186 (full 17):
 PSYoungGen      total 515584K, used 490928K [0x00000000d6e00000, 0x0000000100000000, 0x0000000100000000)
  eden space 360960K, 99% used [0x00000000d6e00000,0x00000000ecdadf10,0x00000000ece80000)
  from space 154624K, 84% used [0x00000000f6600000,0x00000000fe5be220,0x00000000ffd00000)
  to   space 155136K, 0% used [0x00000000ece80000,0x00000000ece80000,0x00000000f6600000)
 ParOldGen       total 436224K, used 376962K [0x0000000084a00000, 0x000000009f400000, 0x00000000d6e00000)
  object space 436224K, 86% used [0x0000000084a00000,0x000000009ba20a88,0x000000009f400000)
 Metaspace       used 23039K, capacity 23626K, committed 23680K, reserved 1071104K
  class space    used 2755K, capacity 2920K, committed 2944K, reserved 1048576K
Event: 166.915 GC heap after
Heap after GC invocations=186 (full 17):
 PSYoungGen      total 516096K, used 131659K [0x00000000d6e00000, 0x0000000100000000, 0x0000000100000000)
  eden space 360960K, 0% used [0x00000000d6e00000,0x00000000d6e00000,0x00000000ece80000)
  from space 155136K, 84% used [0x00000000ece80000,0x00000000f4f12de0,0x00000000f6600000)
  to   space 155136K, 0% used [0x00000000f6880000,0x00000000f6880000,0x0000000100000000)
 ParOldGen       total 436224K, used 391386K [0x0000000084a00000, 0x000000009f400000, 0x00000000d6e00000)
  object space 436224K, 89% used [0x0000000084a00000,0x000000009c836ac8,0x000000009f400000)
 Metaspace       used 23039K, capacity 23626K, committed 23680K, reserved 1071104K
  class space    used 2755K, capacity 2920K, committed 2944K, reserved 1048576K
}
Event: 167.753 GC heap before
{Heap before GC invocations=187 (full 17):
 PSYoungGen      total 516096K, used 490432K [0x00000000d6e00000, 0x0000000100000000, 0x0000000100000000)
  eden space 360960K, 99% used [0x00000000d6e00000,0x00000000ecc5d478,0x00000000ece80000)
  from space 155136K, 84% used [0x00000000ece80000,0x00000000f4f12de0,0x00000000f6600000)
  to   space 155136K, 0% used [0x00000000f6880000,0x00000000f6880000,0x0000000100000000)
 ParOldGen       total 436224K, used 391386K [0x0000000084a00000, 0x000000009f400000, 0x00000000d6e00000)
  object space 436224K, 89% used [0x0000000084a00000,0x000000009c836ac8,0x000000009f400000)
 Metaspace       used 23039K, capacity 23626K, committed 23680K, reserved 1071104K
  class space    used 2755K, capacity 2920K, committed 2944K, reserved 1048576K
Event: 167.788 GC heap after
Heap after GC invocations=187 (full 17):
 PSYoungGen      total 516608K, used 141157K [0x00000000d6e00000, 0x00000000ffe00000, 0x0000000100000000)
  eden space 363520K, 0% used [0x00000000d6e00000,0x00000000d6e00000,0x00000000ed100000)
  from space 153088K, 92% used [0x00000000f6880000,0x00000000ff259640,0x00000000ffe00000)
  to   space 154112K, 0% used [0x00000000ed100000,0x00000000ed100000,0x00000000f6780000)
 ParOldGen       total 436224K, used 405818K [0x0000000084a00000, 0x000000009f400000, 0x00000000d6e00000)
  object space 436224K, 93% used [0x0000000084a00000,0x000000009d64eb08,0x000000009f400000)
 Metaspace       used 23039K, capacity 23626K, committed 23680K, reserved 1071104K
  class space    used 2755K, capacity 2920K, committed 2944K, reserved 1048576K
}
Event: 168.670 GC heap before
{Heap before GC invocations=188 (full 17):
 PSYoungGen      total 516608K, used 502687K [0x00000000d6e00000, 0x00000000ffe00000, 0x0000000100000000)
  eden space 363520K, 99% used [0x00000000d6e00000,0x00000000ecf0e9a8,0x00000000ed100000)
  from space 153088K, 92% used [0x00000000f6880000,0x00000000ff259640,0x00000000ffe00000)
  to   space 154112K, 0% used [0x00000000ed100000,0x00000000ed100000,0x00000000f6780000)
 ParOldGen       total 436224K, used 405818K [0x0000000084a00000, 0x000000009f400000, 0x00000000d6e00000)
  object space 436224K, 93% used [0x0000000084a00000,0x000000009d64eb08,0x000000009f400000)
 Metaspace       used 23039K, capacity 23626K, committed 23680K, reserved 1071104K
  class space    used 2755K, capacity 2920K, committed 2944K, reserved 1048576K
Event: 168.708 GC heap after
Heap after GC invocations=188 (full 17):
 PSYoungGen      total 517632K, used 142955K [0x00000000d6e00000, 0x0000000100000000, 0x0000000100000000)
  eden space 363520K, 0% used [0x00000000d6e00000,0x00000000d6e00000,0x00000000ed100000)
  from space 154112K, 92% used [0x00000000ed100000,0x00000000f5c9aeb0,0x00000000f6780000)
  to   space 154112K, 0% used [0x00000000f6980000,0x00000000f6980000,0x0000000100000000)
 ParOldGen       total 436224K, used 420250K [0x0000000084a00000, 0x000000009f400000, 0x00000000d6e00000)
  object space 436224K, 96% used [0x0000000084a00000,0x000000009e466b48,0x000000009f400000)
 Metaspace       used 23039K, capacity 23626K, committed 23680K, reserved 1071104K
  class space    used 2755K, capacity 2920K, committed 2944K, reserved 1048576K
}
Event: 168.708 GC heap before
{Heap before GC invocations=189 (full 18):
 PSYoungGen      total 517632K, used 142955K [0x00000000d6e00000, 0x0000000100000000, 0x0000000100000000)
  eden space 363520K, 0% used [0x00000000d6e00000,0x00000000d6e00000,0x00000000ed100000)
  from space 154112K, 92% used [0x00000000ed100000,0x00000000f5c9aeb0,0x00000000f6780000)
  to   space 154112K, 0% used [0x00000000f6980000,0x00000000f6980000,0x0000000100000000)
 ParOldGen       total 436224K, used 420250K [0x0000000084a00000, 0x000000009f400000, 0x00000000d6e00000)
  object space 436224K, 96% used [0x0000000084a00000,0x000000009e466b48,0x000000009f400000)
 Metaspace       used 23039K, capacity 23626K, committed 23680K, reserved 1071104K
  class space    used 2755K, capacity 2920K, committed 2944K, reserved 1048576K
Event: 168.765 GC heap after
Heap after GC invocations=189 (full 18):
 PSYoungGen      total 517632K, used 0K [0x00000000d6e00000, 0x0000000100000000, 0x0000000100000000)
  eden space 363520K, 0% used [0x00000000d6e00000,0x00000000d6e00000,0x00000000ed100000)
  from space 154112K, 0% used [0x00000000ed100000,0x00000000ed100000,0x00000000f6780000)
  to   space 154112K, 0% used [0x00000000f6980000,0x00000000f6980000,0x0000000100000000)
 ParOldGen       total 432128K, used 166936K [0x0000000084a00000, 0x000000009f000000, 0x00000000d6e00000)
  object space 432128K, 38% used [0x0000000084a00000,0x000000008ed06398,0x000000009f000000)
 Metaspace       used 23039K, capacity 23626K, committed 23680K, reserved 1071104K
  class space    used 2755K, capacity 2920K, committed 2944K, reserved 1048576K
}

