# JRE version: Java(TM) SE Runtime Environment (8.0_91-b14) (build 1.8.0_91-b14)
# Java VM: Java HotSpot(TM) 64-Bit Server VM (25.91-b14 mixed mode windows-amd64 compressed oops)
Heap:
 PSYoungGen      total 507904K, used 161647K [0x00000000d6e00000, 0x00000000ffd80000, 0x0000000100000000)
  eden space 344576K, 4% used [0x00000000d6e00000,0x00000000d7bb6438,0x00000000ebe80000)
  from space 163328K, 90% used [0x00000000ebe80000,0x00000000f4ea57e0,0x00000000f5e00000)
  to   space 161792K, 0% used [0x00000000f5f80000,0x00000000f5f80000,0x00000000ffd80000)
 ParOldGen       total 272896K, used 221805K [0x0000000084a00000, 0x0000000095480000, 0x00000000d6e00000)
  object space 272896K, 81% used [0x0000000084a00000,0x000000009229b5c8,0x0000000095480000)
 Metaspace       used 22882K, capacity 23504K, committed 23808K, reserved 1071104K
  class space    used 2756K, capacity 2945K, committed 3072K, reserved 1048576K
GC Heap History (10 events):
Event: 102.112 GC heap before
{Heap before GC invocations=100 (full 5):
 PSYoungGen      total 508928K, used 480264K [0x00000000d6e00000, 0x0000000100000000, 0x0000000100000000)
  eden space 344064K, 99% used [0x00000000d6e00000,0x00000000ebacd9d8,0x00000000ebe00000)
  from space 164864K, 84% used [0x00000000f5f00000,0x00000000fe7346f0,0x0000000100000000)
  to   space 164864K, 0% used [0x00000000ebe00000,0x00000000ebe00000,0x00000000f5f00000)
 ParOldGen       total 272896K, used 221685K [0x0000000084a00000, 0x0000000095480000, 0x00000000d6e00000)
  object space 272896K, 81% used [0x0000000084a00000,0x000000009227d5c8,0x0000000095480000)
 Metaspace       used 22835K, capacity 23440K, committed 23808K, reserved 1071104K
  class space    used 2756K, capacity 2945K, committed 3072K, reserved 1048576K
Event: 102.141 GC heap after
Heap after GC invocations=100 (full 5):
 PSYoungGen      total 482304K, used 138094K [0x00000000d6e00000, 0x00000000fff00000, 0x0000000100000000)
  eden space 344064K, 0% used [0x00000000d6e00000,0x00000000d6e00000,0x00000000ebe00000)
  from space 138240K, 99% used [0x00000000ebe00000,0x00000000f44db8b8,0x00000000f4500000)
  to   space 164352K, 0% used [0x00000000f5e80000,0x00000000f5e80000,0x00000000fff00000)
 ParOldGen       total 272896K, used 221709K [0x0000000084a00000, 0x0000000095480000, 0x00000000d6e00000)
  object space 272896K, 81% used [0x0000000084a00000,0x00000000922835c8,0x0000000095480000)
 Metaspace       used 22835K, capacity 23440K, committed 23808K, reserved 1071104K
  class space    used 2756K, capacity 2945K, committed 3072K, reserved 1048576K
}
Event: 103.114 GC heap before
{Heap before GC invocations=101 (full 5):
 PSYoungGen      total 482304K, used 482158K [0x00000000d6e00000, 0x00000000fff00000, 0x0000000100000000)
  eden space 344064K, 100% used [0x00000000d6e00000,0x00000000ebe00000,0x00000000ebe00000)
  from space 138240K, 99% used [0x00000000ebe00000,0x00000000f44db8b8,0x00000000f4500000)
  to   space 164352K, 0% used [0x00000000f5e80000,0x00000000f5e80000,0x00000000fff00000)
 ParOldGen       total 272896K, used 221709K [0x0000000084a00000, 0x0000000095480000, 0x00000000d6e00000)
  object space 272896K, 81% used [0x0000000084a00000,0x00000000922835c8,0x0000000095480000)
 Metaspace       used 22838K, capacity 23440K, committed 23808K, reserved 1071104K
  class space    used 2756K, capacity 2945K, committed 3072K, reserved 1048576K
Event: 103.145 GC heap after
Heap after GC invocations=101 (full 5):
 PSYoungGen      total 508416K, used 150246K [0x00000000d6e00000, 0x0000000100000000, 0x0000000100000000)
  eden space 344064K, 0% used [0x00000000d6e00000,0x00000000d6e00000,0x00000000ebe00000)
  from space 164352K, 91% used [0x00000000f5e80000,0x00000000ff1399d8,0x00000000fff00000)
  to   space 164352K, 0% used [0x00000000ebe00000,0x00000000ebe00000,0x00000000f5e80000)
 ParOldGen       total 272896K, used 221733K [0x0000000084a00000, 0x0000000095480000, 0x00000000d6e00000)
  object space 272896K, 81% used [0x0000000084a00000,0x00000000922895c8,0x0000000095480000)
 Metaspace       used 22838K, capacity 23440K, committed 23808K, reserved 1071104K
  class space    used 2756K, capacity 2945K, committed 3072K, reserved 1048576K
}
Event: 104.136 GC heap before
{Heap before GC invocations=102 (full 5):
 PSYoungGen      total 508416K, used 494310K [0x00000000d6e00000, 0x0000000100000000, 0x0000000100000000)
  eden space 344064K, 100% used [0x00000000d6e00000,0x00000000ebe00000,0x00000000ebe00000)
  from space 164352K, 91% used [0x00000000f5e80000,0x00000000ff1399d8,0x00000000fff00000)
  to   space 164352K, 0% used [0x00000000ebe00000,0x00000000ebe00000,0x00000000f5e80000)
 ParOldGen       total 272896K, used 221733K [0x0000000084a00000, 0x0000000095480000, 0x00000000d6e00000)
  object space 272896K, 81% used [0x0000000084a00000,0x00000000922895c8,0x0000000095480000)
 Metaspace       used 22839K, capacity 23440K, committed 23808K, reserved 1071104K
  class space    used 2756K, capacity 2945K, committed 3072K, reserved 1048576K
Event: 104.173 GC heap after
Heap after GC invocations=102 (full 5):
 PSYoungGen      total 492032K, used 147609K [0x00000000d6e00000, 0x00000000ffd00000, 0x0000000100000000)
  eden space 344064K, 0% used [0x00000000d6e00000,0x00000000d6e00000,0x00000000ebe00000)
  from space 147968K, 99% used [0x00000000ebe00000,0x00000000f4e265f0,0x00000000f4e80000)
  to   space 162816K, 0% used [0x00000000f5e00000,0x00000000f5e00000,0x00000000ffd00000)
 ParOldGen       total 272896K, used 221757K [0x0000000084a00000, 0x0000000095480000, 0x00000000d6e00000)
  object space 272896K, 81% used [0x0000000084a00000,0x000000009228f5c8,0x0000000095480000)
 Metaspace       used 22839K, capacity 23440K, committed 23808K, reserved 1071104K
  class space    used 2756K, capacity 2945K, committed 3072K, reserved 1048576K
}
Event: 105.160 GC heap before
{Heap before GC invocations=103 (full 5):
 PSYoungGen      total 492032K, used 491624K [0x00000000d6e00000, 0x00000000ffd00000, 0x0000000100000000)
  eden space 344064K, 99% used [0x00000000d6e00000,0x00000000ebdf3ba8,0x00000000ebe00000)
  from space 147968K, 99% used [0x00000000ebe00000,0x00000000f4e265f0,0x00000000f4e80000)
  to   space 162816K, 0% used [0x00000000f5e00000,0x00000000f5e00000,0x00000000ffd00000)
 ParOldGen       total 272896K, used 221757K [0x0000000084a00000, 0x0000000095480000, 0x00000000d6e00000)
  object space 272896K, 81% used [0x0000000084a00000,0x000000009228f5c8,0x0000000095480000)
 Metaspace       used 22877K, capacity 23504K, committed 23808K, reserved 1071104K
  class space    used 2756K, capacity 2945K, committed 3072K, reserved 1048576K
Event: 105.192 GC heap after
Heap after GC invocations=103 (full 5):
 PSYoungGen      total 507392K, used 152945K [0x00000000d6e00000, 0x0000000100000000, 0x0000000100000000)
  eden space 344576K, 0% used [0x00000000d6e00000,0x00000000d6e00000,0x00000000ebe80000)
  from space 162816K, 93% used [0x00000000f5e00000,0x00000000ff35c510,0x00000000ffd00000)
  to   space 163328K, 0% used [0x00000000ebe80000,0x00000000ebe80000,0x00000000f5e00000)
 ParOldGen       total 272896K, used 221781K [0x0000000084a00000, 0x0000000095480000, 0x00000000d6e00000)
  object space 272896K, 81% used [0x0000000084a00000,0x00000000922955c8,0x0000000095480000)
 Metaspace       used 22877K, capacity 23504K, committed 23808K, reserved 1071104K
  class space    used 2756K, capacity 2945K, committed 3072K, reserved 1048576K
}
Event: 106.180 GC heap before
{Heap before GC invocations=104 (full 5):
 PSYoungGen      total 507392K, used 497342K [0x00000000d6e00000, 0x0000000100000000, 0x0000000100000000)
  eden space 344576K, 99% used [0x00000000d6e00000,0x00000000ebe53328,0x00000000ebe80000)
  from space 162816K, 93% used [0x00000000f5e00000,0x00000000ff35c510,0x00000000ffd00000)
  to   space 163328K, 0% used [0x00000000ebe80000,0x00000000ebe80000,0x00000000f5e00000)
 ParOldGen       total 272896K, used 221781K [0x0000000084a00000, 0x0000000095480000, 0x00000000d6e00000)
  object space 272896K, 81% used [0x0000000084a00000,0x00000000922955c8,0x0000000095480000)
 Metaspace       used 22882K, capacity 23504K, committed 23808K, reserved 1071104K
  class space    used 2756K, capacity 2945K, committed 3072K, reserved 1048576K
Event: 106.215 GC heap after
Heap after GC invocations=104 (full 5):
 PSYoungGen      total 507904K, used 147605K [0x00000000d6e00000, 0x00000000ffd80000, 0x0000000100000000)
  eden space 344576K, 0% used [0x00000000d6e00000,0x00000000d6e00000,0x00000000ebe80000)
  from space 163328K, 90% used [0x00000000ebe80000,0x00000000f4ea57e0,0x00000000f5e00000)
  to   space 161792K, 0% used [0x00000000f5f80000,0x00000000f5f80000,0x00000000ffd80000)
 ParOldGen       total 272896K, used 221805K [0x0000000084a00000, 0x0000000095480000, 0x00000000d6e00000)
  object space 272896K, 81% used [0x0000000084a00000,0x000000009229b5c8,0x0000000095480000)
 Metaspace       used 22882K, capacity 23504K, committed 23808K, reserved 1071104K
  class space    used 2756K, capacity 2945K, committed 3072K, reserved 1048576K
}

