# JRE version: Java(TM) SE Runtime Environment (8.0_91-b14) (build 1.8.0_91-b14)
# Java VM: Java HotSpot(TM) 64-Bit Server VM (25.91-b14 mixed mode windows-amd64 compressed oops)
Heap:
 PSYoungGen      total 513536K, used 157400K [0x00000000d6e00000, 0x0000000100000000, 0x0000000100000000)
  eden space 354304K, 4% used [0x00000000d6e00000,0x00000000d7bfedd8,0x00000000ec800000)
  from space 159232K, 89% used [0x00000000f6280000,0x00000000fee37420,0x00000000ffe00000)
  to   space 158208K, 0% used [0x00000000ec800000,0x00000000ec800000,0x00000000f6280000)
 ParOldGen       total 283648K, used 184871K [0x0000000084a00000, 0x0000000095f00000, 0x00000000d6e00000)
  object space 283648K, 65% used [0x0000000084a00000,0x000000008fe89d50,0x0000000095f00000)
 Metaspace       used 22878K, capacity 23548K, committed 23808K, reserved 1071104K
  class space    used 2760K, capacity 2955K, committed 3072K, reserved 1048576K
GC Heap History (10 events):
Event: 79.241 GC heap before
{Heap before GC invocations=88 (full 4):
 PSYoungGen      total 511488K, used 498242K [0x00000000d6e00000, 0x0000000100000000, 0x0000000100000000)
  eden space 351744K, 99% used [0x00000000d6e00000,0x00000000ec3f5a98,0x00000000ec580000)
  from space 159744K, 92% used [0x00000000ec580000,0x00000000f561afb0,0x00000000f6180000)
  to   space 159232K, 0% used [0x00000000f6480000,0x00000000f6480000,0x0000000100000000)
 ParOldGen       total 283648K, used 184775K [0x0000000084a00000, 0x0000000095f00000, 0x00000000d6e00000)
  object space 283648K, 65% used [0x0000000084a00000,0x000000008fe71d50,0x0000000095f00000)
 Metaspace       used 22865K, capacity 23548K, committed 23808K, reserved 1071104K
  class space    used 2760K, capacity 2955K, committed 3072K, reserved 1048576K
Event: 79.273 GC heap after
Heap after GC invocations=88 (full 4):
 PSYoungGen      total 512512K, used 152598K [0x00000000d6e00000, 0x0000000100000000, 0x0000000100000000)
  eden space 353280K, 0% used [0x00000000d6e00000,0x00000000d6e00000,0x00000000ec700000)
  from space 159232K, 95% used [0x00000000f6480000,0x00000000ff985ac0,0x0000000100000000)
  to   space 160256K, 0% used [0x00000000ec700000,0x00000000ec700000,0x00000000f6380000)
 ParOldGen       total 283648K, used 184791K [0x0000000084a00000, 0x0000000095f00000, 0x00000000d6e00000)
  object space 283648K, 65% used [0x0000000084a00000,0x000000008fe75d50,0x0000000095f00000)
 Metaspace       used 22865K, capacity 23548K, committed 23808K, reserved 1071104K
  class space    used 2760K, capacity 2955K, committed 3072K, reserved 1048576K
}
Event: 80.231 GC heap before
{Heap before GC invocations=89 (full 4):
 PSYoungGen      total 512512K, used 504321K [0x00000000d6e00000, 0x0000000100000000, 0x0000000100000000)
  eden space 353280K, 99% used [0x00000000d6e00000,0x00000000ec57ac70,0x00000000ec700000)
  from space 159232K, 95% used [0x00000000f6480000,0x00000000ff985ac0,0x0000000100000000)
  to   space 160256K, 0% used [0x00000000ec700000,0x00000000ec700000,0x00000000f6380000)
 ParOldGen       total 283648K, used 184791K [0x0000000084a00000, 0x0000000095f00000, 0x00000000d6e00000)
  object space 283648K, 65% used [0x0000000084a00000,0x000000008fe75d50,0x0000000095f00000)
 Metaspace       used 22869K, capacity 23548K, committed 23808K, reserved 1071104K
  class space    used 2760K, capacity 2955K, committed 3072K, reserved 1048576K
Event: 80.261 GC heap after
Heap after GC invocations=89 (full 4):
 PSYoungGen      total 491008K, used 137713K [0x00000000d6e00000, 0x0000000100000000, 0x0000000100000000)
  eden space 353280K, 0% used [0x00000000d6e00000,0x00000000d6e00000,0x00000000ec700000)
  from space 137728K, 99% used [0x00000000ec700000,0x00000000f4d7c670,0x00000000f4d80000)
  to   space 160768K, 0% used [0x00000000f6300000,0x00000000f6300000,0x0000000100000000)
 ParOldGen       total 283648K, used 184807K [0x0000000084a00000, 0x0000000095f00000, 0x00000000d6e00000)
  object space 283648K, 65% used [0x0000000084a00000,0x000000008fe79d50,0x0000000095f00000)
 Metaspace       used 22869K, capacity 23548K, committed 23808K, reserved 1071104K
  class space    used 2760K, capacity 2955K, committed 3072K, reserved 1048576K
}
Event: 81.173 GC heap before
{Heap before GC invocations=90 (full 4):
 PSYoungGen      total 491008K, used 489459K [0x00000000d6e00000, 0x0000000100000000, 0x0000000100000000)
  eden space 353280K, 99% used [0x00000000d6e00000,0x00000000ec580698,0x00000000ec700000)
  from space 137728K, 99% used [0x00000000ec700000,0x00000000f4d7c670,0x00000000f4d80000)
  to   space 160768K, 0% used [0x00000000f6300000,0x00000000f6300000,0x0000000100000000)
 ParOldGen       total 283648K, used 184807K [0x0000000084a00000, 0x0000000095f00000, 0x00000000d6e00000)
  object space 283648K, 65% used [0x0000000084a00000,0x000000008fe79d50,0x0000000095f00000)
 Metaspace       used 22869K, capacity 23548K, committed 23808K, reserved 1071104K
  class space    used 2760K, capacity 2955K, committed 3072K, reserved 1048576K
Event: 81.203 GC heap after
Heap after GC invocations=90 (full 4):
 PSYoungGen      total 514048K, used 142647K [0x00000000d6e00000, 0x0000000100000000, 0x0000000100000000)
  eden space 353280K, 0% used [0x00000000d6e00000,0x00000000d6e00000,0x00000000ec700000)
  from space 160768K, 88% used [0x00000000f6300000,0x00000000fee4df18,0x0000000100000000)
  to   space 159744K, 0% used [0x00000000ec700000,0x00000000ec700000,0x00000000f6300000)
 ParOldGen       total 283648K, used 184831K [0x0000000084a00000, 0x0000000095f00000, 0x00000000d6e00000)
  object space 283648K, 65% used [0x0000000084a00000,0x000000008fe7fd50,0x0000000095f00000)
 Metaspace       used 22869K, capacity 23548K, committed 23808K, reserved 1071104K
  class space    used 2760K, capacity 2955K, committed 3072K, reserved 1048576K
}
Event: 82.191 GC heap before
{Heap before GC invocations=91 (full 4):
 PSYoungGen      total 514048K, used 495898K [0x00000000d6e00000, 0x0000000100000000, 0x0000000100000000)
  eden space 353280K, 99% used [0x00000000d6e00000,0x00000000ec6f8c28,0x00000000ec700000)
  from space 160768K, 88% used [0x00000000f6300000,0x00000000fee4df18,0x0000000100000000)
  to   space 159744K, 0% used [0x00000000ec700000,0x00000000ec700000,0x00000000f6300000)
 ParOldGen       total 283648K, used 184831K [0x0000000084a00000, 0x0000000095f00000, 0x00000000d6e00000)
  object space 283648K, 65% used [0x0000000084a00000,0x000000008fe7fd50,0x0000000095f00000)
 Metaspace       used 22873K, capacity 23548K, committed 23808K, reserved 1071104K
  class space    used 2760K, capacity 2955K, committed 3072K, reserved 1048576K
Event: 82.222 GC heap after
Heap after GC invocations=91 (full 4):
 PSYoungGen      total 494080K, used 140402K [0x00000000d6e00000, 0x00000000ffe00000, 0x0000000100000000)
  eden space 353280K, 0% used [0x00000000d6e00000,0x00000000d6e00000,0x00000000ec700000)
  from space 140800K, 99% used [0x00000000ec700000,0x00000000f501ca50,0x00000000f5080000)
  to   space 159232K, 0% used [0x00000000f6280000,0x00000000f6280000,0x00000000ffe00000)
 ParOldGen       total 283648K, used 184855K [0x0000000084a00000, 0x0000000095f00000, 0x00000000d6e00000)
  object space 283648K, 65% used [0x0000000084a00000,0x000000008fe85d50,0x0000000095f00000)
 Metaspace       used 22873K, capacity 23548K, committed 23808K, reserved 1071104K
  class space    used 2760K, capacity 2955K, committed 3072K, reserved 1048576K
}
Event: 83.186 GC heap before
{Heap before GC invocations=92 (full 4):
 PSYoungGen      total 494080K, used 492422K [0x00000000d6e00000, 0x00000000ffe00000, 0x0000000100000000)
  eden space 353280K, 99% used [0x00000000d6e00000,0x00000000ec5c5058,0x00000000ec700000)
  from space 140800K, 99% used [0x00000000ec700000,0x00000000f501ca50,0x00000000f5080000)
  to   space 159232K, 0% used [0x00000000f6280000,0x00000000f6280000,0x00000000ffe00000)
 ParOldGen       total 283648K, used 184855K [0x0000000084a00000, 0x0000000095f00000, 0x00000000d6e00000)
  object space 283648K, 65% used [0x0000000084a00000,0x000000008fe85d50,0x0000000095f00000)
 Metaspace       used 22878K, capacity 23548K, committed 23808K, reserved 1071104K
  class space    used 2760K, capacity 2955K, committed 3072K, reserved 1048576K
Event: 83.219 GC heap after
Heap after GC invocations=92 (full 4):
 PSYoungGen      total 513536K, used 143069K [0x00000000d6e00000, 0x0000000100000000, 0x0000000100000000)
  eden space 354304K, 0% used [0x00000000d6e00000,0x00000000d6e00000,0x00000000ec800000)
  from space 159232K, 89% used [0x00000000f6280000,0x00000000fee37420,0x00000000ffe00000)
  to   space 158208K, 0% used [0x00000000ec800000,0x00000000ec800000,0x00000000f6280000)
 ParOldGen       total 283648K, used 184871K [0x0000000084a00000, 0x0000000095f00000, 0x00000000d6e00000)
  object space 283648K, 65% used [0x0000000084a00000,0x000000008fe89d50,0x0000000095f00000)
 Metaspace       used 22878K, capacity 23548K, committed 23808K, reserved 1071104K
  class space    used 2760K, capacity 2955K, committed 3072K, reserved 1048576K
}

