# JRE version: Java(TM) SE Runtime Environment (8.0_91-b14) (build 1.8.0_91-b14)
# Java VM: Java HotSpot(TM) 64-Bit Server VM (25.91-b14 mixed mode windows-amd64 compressed oops)
Heap:
 PSYoungGen      total 510976K, used 168048K [0x00000000d6e00000, 0x0000000100000000, 0x0000000100000000)
  eden space 354304K, 3% used [0x00000000d6e00000,0x00000000d7a2cd48,0x00000000ec800000)
  from space 156672K, 99% used [0x00000000f6700000,0x00000000ffeef5e0,0x0000000100000000)
  to   space 159744K, 0% used [0x00000000ec800000,0x00000000ec800000,0x00000000f6400000)
 ParOldGen       total 271872K, used 203404K [0x0000000084a00000, 0x0000000095380000, 0x00000000d6e00000)
  object space 271872K, 74% used [0x0000000084a00000,0x00000000910a3198,0x0000000095380000)
 Metaspace       used 22892K, capacity 23476K, committed 23680K, reserved 1071104K
  class space    used 2748K, capacity 2911K, committed 2944K, reserved 1048576K
GC Heap History (10 events):
Event: 119.208 GC heap before
{Heap before GC invocations=127 (full 3):
 PSYoungGen      total 517120K, used 505541K [0x00000000d6e00000, 0x00000000fff80000, 0x0000000100000000)
  eden space 361984K, 99% used [0x00000000d6e00000,0x00000000ecd3e3b0,0x00000000ecf80000)
  from space 155136K, 94% used [0x00000000ecf80000,0x00000000f5df3258,0x00000000f6700000)
  to   space 155136K, 0% used [0x00000000f6800000,0x00000000f6800000,0x00000000fff80000)
 ParOldGen       total 271872K, used 195200K [0x0000000084a00000, 0x0000000095380000, 0x00000000d6e00000)
  object space 271872K, 71% used [0x0000000084a00000,0x00000000908a00c8,0x0000000095380000)
 Metaspace       used 22890K, capacity 23476K, committed 23680K, reserved 1071104K
  class space    used 2748K, capacity 2911K, committed 2944K, reserved 1048576K
Event: 119.238 GC heap after
Heap after GC invocations=127 (full 3):
 PSYoungGen      total 518144K, used 136322K [0x00000000d6e00000, 0x0000000100000000, 0x0000000100000000)
  eden space 363008K, 0% used [0x00000000d6e00000,0x00000000d6e00000,0x00000000ed080000)
  from space 155136K, 87% used [0x00000000f6800000,0x00000000fed20948,0x00000000fff80000)
  to   space 155136K, 0% used [0x00000000ed080000,0x00000000ed080000,0x00000000f6800000)
 ParOldGen       total 271872K, used 195200K [0x0000000084a00000, 0x0000000095380000, 0x00000000d6e00000)
  object space 271872K, 71% used [0x0000000084a00000,0x00000000908a00c8,0x0000000095380000)
 Metaspace       used 22890K, capacity 23476K, committed 23680K, reserved 1071104K
  class space    used 2748K, capacity 2911K, committed 2944K, reserved 1048576K
}
Event: 120.197 GC heap before
{Heap before GC invocations=128 (full 3):
 PSYoungGen      total 518144K, used 497815K [0x00000000d6e00000, 0x0000000100000000, 0x0000000100000000)
  eden space 363008K, 99% used [0x00000000d6e00000,0x00000000ecf05640,0x00000000ed080000)
  from space 155136K, 87% used [0x00000000f6800000,0x00000000fed20948,0x00000000fff80000)
  to   space 155136K, 0% used [0x00000000ed080000,0x00000000ed080000,0x00000000f6800000)
 ParOldGen       total 271872K, used 195200K [0x0000000084a00000, 0x0000000095380000, 0x00000000d6e00000)
  object space 271872K, 71% used [0x0000000084a00000,0x00000000908a00c8,0x0000000095380000)
 Metaspace       used 22890K, capacity 23476K, committed 23680K, reserved 1071104K
  class space    used 2748K, capacity 2911K, committed 2944K, reserved 1048576K
Event: 120.228 GC heap after
Heap after GC invocations=128 (full 3):
 PSYoungGen      total 503808K, used 140308K [0x00000000d6e00000, 0x00000000ffe00000, 0x0000000100000000)
  eden space 363008K, 0% used [0x00000000d6e00000,0x00000000d6e00000,0x00000000ed080000)
  from space 140800K, 99% used [0x00000000ed080000,0x00000000f59851d8,0x00000000f5a00000)
  to   space 154112K, 0% used [0x00000000f6780000,0x00000000f6780000,0x00000000ffe00000)
 ParOldGen       total 271872K, used 197932K [0x0000000084a00000, 0x0000000095380000, 0x00000000d6e00000)
  object space 271872K, 72% used [0x0000000084a00000,0x0000000090b4b108,0x0000000095380000)
 Metaspace       used 22890K, capacity 23476K, committed 23680K, reserved 1071104K
  class space    used 2748K, capacity 2911K, committed 2944K, reserved 1048576K
}
Event: 121.192 GC heap before
{Heap before GC invocations=129 (full 3):
 PSYoungGen      total 503808K, used 502365K [0x00000000d6e00000, 0x00000000ffe00000, 0x0000000100000000)
  eden space 363008K, 99% used [0x00000000d6e00000,0x00000000ecf92478,0x00000000ed080000)
  from space 140800K, 99% used [0x00000000ed080000,0x00000000f59851d8,0x00000000f5a00000)
  to   space 154112K, 0% used [0x00000000f6780000,0x00000000f6780000,0x00000000ffe00000)
 ParOldGen       total 271872K, used 197932K [0x0000000084a00000, 0x0000000095380000, 0x00000000d6e00000)
  object space 271872K, 72% used [0x0000000084a00000,0x0000000090b4b108,0x0000000095380000)
 Metaspace       used 22892K, capacity 23476K, committed 23680K, reserved 1071104K
  class space    used 2748K, capacity 2911K, committed 2944K, reserved 1048576K
Event: 121.224 GC heap after
Heap after GC invocations=129 (full 3):
 PSYoungGen      total 518144K, used 137835K [0x00000000d6e00000, 0x0000000100000000, 0x0000000100000000)
  eden space 364032K, 0% used [0x00000000d6e00000,0x00000000d6e00000,0x00000000ed180000)
  from space 154112K, 89% used [0x00000000f6780000,0x00000000fee1af30,0x00000000ffe00000)
  to   space 153600K, 0% used [0x00000000ed180000,0x00000000ed180000,0x00000000f6780000)
 ParOldGen       total 271872K, used 197948K [0x0000000084a00000, 0x0000000095380000, 0x00000000d6e00000)
  object space 271872K, 72% used [0x0000000084a00000,0x0000000090b4f108,0x0000000095380000)
 Metaspace       used 22892K, capacity 23476K, committed 23680K, reserved 1071104K
  class space    used 2748K, capacity 2911K, committed 2944K, reserved 1048576K
}
Event: 122.247 GC heap before
{Heap before GC invocations=130 (full 3):
 PSYoungGen      total 518144K, used 500510K [0x00000000d6e00000, 0x0000000100000000, 0x0000000100000000)
  eden space 364032K, 99% used [0x00000000d6e00000,0x00000000ed02ca60,0x00000000ed180000)
  from space 154112K, 89% used [0x00000000f6780000,0x00000000fee1af30,0x00000000ffe00000)
  to   space 153600K, 0% used [0x00000000ed180000,0x00000000ed180000,0x00000000f6780000)
 ParOldGen       total 271872K, used 197948K [0x0000000084a00000, 0x0000000095380000, 0x00000000d6e00000)
  object space 271872K, 72% used [0x0000000084a00000,0x0000000090b4f108,0x0000000095380000)
 Metaspace       used 22892K, capacity 23476K, committed 23680K, reserved 1071104K
  class space    used 2748K, capacity 2911K, committed 2944K, reserved 1048576K
Event: 122.279 GC heap after
Heap after GC invocations=130 (full 3):
 PSYoungGen      total 517120K, used 152767K [0x00000000d6e00000, 0x0000000100000000, 0x0000000100000000)
  eden space 364032K, 0% used [0x00000000d6e00000,0x00000000d6e00000,0x00000000ed180000)
  from space 153088K, 99% used [0x00000000ed180000,0x00000000f66aff00,0x00000000f6700000)
  to   space 156672K, 0% used [0x00000000f6700000,0x00000000f6700000,0x0000000100000000)
 ParOldGen       total 271872K, used 200664K [0x0000000084a00000, 0x0000000095380000, 0x00000000d6e00000)
  object space 271872K, 73% used [0x0000000084a00000,0x0000000090df6148,0x0000000095380000)
 Metaspace       used 22892K, capacity 23476K, committed 23680K, reserved 1071104K
  class space    used 2748K, capacity 2911K, committed 2944K, reserved 1048576K
}
Event: 123.318 GC heap before
{Heap before GC invocations=131 (full 3):
 PSYoungGen      total 517120K, used 516799K [0x00000000d6e00000, 0x0000000100000000, 0x0000000100000000)
  eden space 364032K, 100% used [0x00000000d6e00000,0x00000000ed180000,0x00000000ed180000)
  from space 153088K, 99% used [0x00000000ed180000,0x00000000f66aff00,0x00000000f6700000)
  to   space 156672K, 0% used [0x00000000f6700000,0x00000000f6700000,0x0000000100000000)
 ParOldGen       total 271872K, used 200664K [0x0000000084a00000, 0x0000000095380000, 0x00000000d6e00000)
  object space 271872K, 73% used [0x0000000084a00000,0x0000000090df6148,0x0000000095380000)
 Metaspace       used 22892K, capacity 23476K, committed 23680K, reserved 1071104K
  class space    used 2748K, capacity 2911K, committed 2944K, reserved 1048576K
Event: 123.357 GC heap after
Heap after GC invocations=131 (full 3):
 PSYoungGen      total 510976K, used 155581K [0x00000000d6e00000, 0x0000000100000000, 0x0000000100000000)
  eden space 354304K, 0% used [0x00000000d6e00000,0x00000000d6e00000,0x00000000ec800000)
  from space 156672K, 99% used [0x00000000f6700000,0x00000000ffeef5e0,0x0000000100000000)
  to   space 159744K, 0% used [0x00000000ec800000,0x00000000ec800000,0x00000000f6400000)
 ParOldGen       total 271872K, used 203404K [0x0000000084a00000, 0x0000000095380000, 0x00000000d6e00000)
  object space 271872K, 74% used [0x0000000084a00000,0x00000000910a3198,0x0000000095380000)
 Metaspace       used 22892K, capacity 23476K, committed 23680K, reserved 1071104K
  class space    used 2748K, capacity 2911K, committed 2944K, reserved 1048576K
}

