# JRE version: Java(TM) SE Runtime Environment (8.0_91-b14) (build 1.8.0_91-b14)
# Java VM: Java HotSpot(TM) 64-Bit Server VM (25.91-b14 mixed mode windows-amd64 compressed oops)
Heap:
 PSYoungGen      total 495616K, used 163679K [0x00000000d6e00000, 0x00000000fff00000, 0x0000000100000000)
  eden space 322048K, 5% used [0x00000000d6e00000,0x00000000d804c3e8,0x00000000ea880000)
  from space 173568K, 83% used [0x00000000ea880000,0x00000000f360baf0,0x00000000f5200000)
  to   space 172544K, 0% used [0x00000000f5680000,0x00000000f5680000,0x00000000fff00000)
 ParOldGen       total 345600K, used 306622K [0x0000000084a00000, 0x0000000099b80000, 0x00000000d6e00000)
  object space 345600K, 88% used [0x0000000084a00000,0x000000009756f830,0x0000000099b80000)
 Metaspace       used 22508K, capacity 23060K, committed 23168K, reserved 1069056K
  class space    used 2748K, capacity 2911K, committed 2944K, reserved 1048576K
GC Heap History (10 events):
Event: 45.989 GC heap before
{Heap before GC invocations=54 (full 5):
 PSYoungGen      total 493568K, used 478255K [0x00000000d6e00000, 0x0000000100000000, 0x0000000100000000)
  eden space 322560K, 99% used [0x00000000d6e00000,0x00000000ea8efdd0,0x00000000ea900000)
  from space 171008K, 91% used [0x00000000f5900000,0x00000000ff11c018,0x0000000100000000)
  to   space 175616K, 0% used [0x00000000ea900000,0x00000000ea900000,0x00000000f5480000)
 ParOldGen       total 345600K, used 306494K [0x0000000084a00000, 0x0000000099b80000, 0x00000000d6e00000)
  object space 345600K, 88% used [0x0000000084a00000,0x000000009754f830,0x0000000099b80000)
 Metaspace       used 22476K, capacity 23056K, committed 23168K, reserved 1069056K
  class space    used 2748K, capacity 2911K, committed 2944K, reserved 1048576K
Event: 46.020 GC heap after
Heap after GC invocations=54 (full 5):
 PSYoungGen      total 472064K, used 149006K [0x00000000d6e00000, 0x0000000100000000, 0x0000000100000000)
  eden space 322560K, 0% used [0x00000000d6e00000,0x00000000d6e00000,0x00000000ea900000)
  from space 149504K, 99% used [0x00000000ea900000,0x00000000f3a838b0,0x00000000f3b00000)
  to   space 176640K, 0% used [0x00000000f5380000,0x00000000f5380000,0x0000000100000000)
 ParOldGen       total 345600K, used 306526K [0x0000000084a00000, 0x0000000099b80000, 0x00000000d6e00000)
  object space 345600K, 88% used [0x0000000084a00000,0x0000000097557830,0x0000000099b80000)
 Metaspace       used 22476K, capacity 23056K, committed 23168K, reserved 1069056K
  class space    used 2748K, capacity 2911K, committed 2944K, reserved 1048576K
}
Event: 46.929 GC heap before
{Heap before GC invocations=55 (full 5):
 PSYoungGen      total 472064K, used 470346K [0x00000000d6e00000, 0x0000000100000000, 0x0000000100000000)
  eden space 322560K, 99% used [0x00000000d6e00000,0x00000000ea7cf1c0,0x00000000ea900000)
  from space 149504K, 99% used [0x00000000ea900000,0x00000000f3a838b0,0x00000000f3b00000)
  to   space 176640K, 0% used [0x00000000f5380000,0x00000000f5380000,0x0000000100000000)
 ParOldGen       total 345600K, used 306526K [0x0000000084a00000, 0x0000000099b80000, 0x00000000d6e00000)
  object space 345600K, 88% used [0x0000000084a00000,0x0000000097557830,0x0000000099b80000)
 Metaspace       used 22480K, capacity 23060K, committed 23168K, reserved 1069056K
  class space    used 2748K, capacity 2911K, committed 2944K, reserved 1048576K
Event: 46.962 GC heap after
Heap after GC invocations=55 (full 5):
 PSYoungGen      total 499712K, used 140487K [0x00000000d6e00000, 0x0000000100000000, 0x0000000100000000)
  eden space 323072K, 0% used [0x00000000d6e00000,0x00000000d6e00000,0x00000000ea980000)
  from space 176640K, 79% used [0x00000000f5380000,0x00000000fdcb1cf8,0x0000000100000000)
  to   space 174080K, 0% used [0x00000000ea980000,0x00000000ea980000,0x00000000f5380000)
 ParOldGen       total 345600K, used 306550K [0x0000000084a00000, 0x0000000099b80000, 0x00000000d6e00000)
  object space 345600K, 88% used [0x0000000084a00000,0x000000009755d830,0x0000000099b80000)
 Metaspace       used 22480K, capacity 23060K, committed 23168K, reserved 1069056K
  class space    used 2748K, capacity 2911K, committed 2944K, reserved 1048576K
}
Event: 47.908 GC heap before
{Heap before GC invocations=56 (full 5):
 PSYoungGen      total 499712K, used 463435K [0x00000000d6e00000, 0x0000000100000000, 0x0000000100000000)
  eden space 323072K, 99% used [0x00000000d6e00000,0x00000000ea9611b0,0x00000000ea980000)
  from space 176640K, 79% used [0x00000000f5380000,0x00000000fdcb1cf8,0x0000000100000000)
  to   space 174080K, 0% used [0x00000000ea980000,0x00000000ea980000,0x00000000f5380000)
 ParOldGen       total 345600K, used 306550K [0x0000000084a00000, 0x0000000099b80000, 0x00000000d6e00000)
  object space 345600K, 88% used [0x0000000084a00000,0x000000009755d830,0x0000000099b80000)
 Metaspace       used 22483K, capacity 23060K, committed 23168K, reserved 1069056K
  class space    used 2748K, capacity 2911K, committed 2944K, reserved 1048576K
Event: 47.941 GC heap after
Heap after GC invocations=56 (full 5):
 PSYoungGen      total 465408K, used 142208K [0x00000000d6e00000, 0x00000000ffa80000, 0x0000000100000000)
  eden space 323072K, 0% used [0x00000000d6e00000,0x00000000d6e00000,0x00000000ea980000)
  from space 142336K, 99% used [0x00000000ea980000,0x00000000f34602c0,0x00000000f3480000)
  to   space 172544K, 0% used [0x00000000f5200000,0x00000000f5200000,0x00000000ffa80000)
 ParOldGen       total 345600K, used 306574K [0x0000000084a00000, 0x0000000099b80000, 0x00000000d6e00000)
  object space 345600K, 88% used [0x0000000084a00000,0x0000000097563830,0x0000000099b80000)
 Metaspace       used 22483K, capacity 23060K, committed 23168K, reserved 1069056K
  class space    used 2748K, capacity 2911K, committed 2944K, reserved 1048576K
}
Event: 48.884 GC heap before
{Heap before GC invocations=57 (full 5):
 PSYoungGen      total 465408K, used 463838K [0x00000000d6e00000, 0x00000000ffa80000, 0x0000000100000000)
  eden space 323072K, 99% used [0x00000000d6e00000,0x00000000ea817910,0x00000000ea980000)
  from space 142336K, 99% used [0x00000000ea980000,0x00000000f34602c0,0x00000000f3480000)
  to   space 172544K, 0% used [0x00000000f5200000,0x00000000f5200000,0x00000000ffa80000)
 ParOldGen       total 345600K, used 306574K [0x0000000084a00000, 0x0000000099b80000, 0x00000000d6e00000)
  object space 345600K, 88% used [0x0000000084a00000,0x0000000097563830,0x0000000099b80000)
 Metaspace       used 22494K, capacity 23060K, committed 23168K, reserved 1069056K
  class space    used 2748K, capacity 2911K, committed 2944K, reserved 1048576K
Event: 48.916 GC heap after
Heap after GC invocations=57 (full 5):
 PSYoungGen      total 494592K, used 150423K [0x00000000d6e00000, 0x0000000100000000, 0x0000000100000000)
  eden space 322048K, 0% used [0x00000000d6e00000,0x00000000d6e00000,0x00000000ea880000)
  from space 172544K, 87% used [0x00000000f5200000,0x00000000fe4e5ec0,0x00000000ffa80000)
  to   space 173568K, 0% used [0x00000000ea880000,0x00000000ea880000,0x00000000f5200000)
 ParOldGen       total 345600K, used 306598K [0x0000000084a00000, 0x0000000099b80000, 0x00000000d6e00000)
  object space 345600K, 88% used [0x0000000084a00000,0x0000000097569830,0x0000000099b80000)
 Metaspace       used 22494K, capacity 23060K, committed 23168K, reserved 1069056K
  class space    used 2748K, capacity 2911K, committed 2944K, reserved 1048576K
}
Event: 49.859 GC heap before
{Heap before GC invocations=58 (full 5):
 PSYoungGen      total 494592K, used 470261K [0x00000000d6e00000, 0x0000000100000000, 0x0000000100000000)
  eden space 322048K, 99% used [0x00000000d6e00000,0x00000000ea6575f8,0x00000000ea880000)
  from space 172544K, 87% used [0x00000000f5200000,0x00000000fe4e5ec0,0x00000000ffa80000)
  to   space 173568K, 0% used [0x00000000ea880000,0x00000000ea880000,0x00000000f5200000)
 ParOldGen       total 345600K, used 306598K [0x0000000084a00000, 0x0000000099b80000, 0x00000000d6e00000)
  object space 345600K, 88% used [0x0000000084a00000,0x0000000097569830,0x0000000099b80000)
 Metaspace       used 22508K, capacity 23060K, committed 23168K, reserved 1069056K
  class space    used 2748K, capacity 2911K, committed 2944K, reserved 1048576K
Event: 49.893 GC heap after
Heap after GC invocations=58 (full 5):
 PSYoungGen      total 495616K, used 144942K [0x00000000d6e00000, 0x00000000fff00000, 0x0000000100000000)
  eden space 322048K, 0% used [0x00000000d6e00000,0x00000000d6e00000,0x00000000ea880000)
  from space 173568K, 83% used [0x00000000ea880000,0x00000000f360baf0,0x00000000f5200000)
  to   space 172544K, 0% used [0x00000000f5680000,0x00000000f5680000,0x00000000fff00000)
 ParOldGen       total 345600K, used 306622K [0x0000000084a00000, 0x0000000099b80000, 0x00000000d6e00000)
  object space 345600K, 88% used [0x0000000084a00000,0x000000009756f830,0x0000000099b80000)
 Metaspace       used 22508K, capacity 23060K, committed 23168K, reserved 1069056K
  class space    used 2748K, capacity 2911K, committed 2944K, reserved 1048576K
}

