# JRE version: Java(TM) SE Runtime Environment (8.0_91-b14) (build 1.8.0_91-b14)
# Java VM: Java HotSpot(TM) 64-Bit Server VM (25.91-b14 mixed mode windows-amd64 compressed oops)
Heap:
 PSYoungGen      total 502784K, used 165926K [0x00000000d6e00000, 0x0000000100000000, 0x0000000100000000)
  eden space 332800K, 5% used [0x00000000d6e00000,0x00000000d80d0968,0x00000000eb300000)
  from space 169984K, 86% used [0x00000000f5880000,0x00000000fe7b9120,0x00000000ffe80000)
  to   space 169472K, 0% used [0x00000000eb300000,0x00000000eb300000,0x00000000f5880000)
 ParOldGen       total 311808K, used 163003K [0x0000000084a00000, 0x0000000097a80000, 0x00000000d6e00000)
  object space 311808K, 52% used [0x0000000084a00000,0x000000008e92efd8,0x0000000097a80000)
 Metaspace       used 22848K, capacity 23410K, committed 23680K, reserved 1071104K
  class space    used 2750K, capacity 2912K, committed 2944K, reserved 1048576K
GC Heap History (10 events):
Event: 208.282 GC heap before
{Heap before GC invocations=182 (full 6):
 PSYoungGen      total 500736K, used 483119K [0x00000000d6e00000, 0x0000000100000000, 0x0000000100000000)
  eden space 327680K, 99% used [0x00000000d6e00000,0x00000000ead60c80,0x00000000eae00000)
  from space 173056K, 90% used [0x00000000eae00000,0x00000000f466b1f0,0x00000000f5700000)
  to   space 172032K, 0% used [0x00000000f5800000,0x00000000f5800000,0x0000000100000000)
 ParOldGen       total 311808K, used 162907K [0x0000000084a00000, 0x0000000097a80000, 0x00000000d6e00000)
  object space 311808K, 52% used [0x0000000084a00000,0x000000008e916fd8,0x0000000097a80000)
 Metaspace       used 22841K, capacity 23410K, committed 23680K, reserved 1071104K
  class space    used 2750K, capacity 2912K, committed 2944K, reserved 1048576K
Event: 208.318 GC heap after
Heap after GC invocations=182 (full 6):
 PSYoungGen      total 498688K, used 157582K [0x00000000d6e00000, 0x00000000ffe00000, 0x0000000100000000)
  eden space 328704K, 0% used [0x00000000d6e00000,0x00000000d6e00000,0x00000000eaf00000)
  from space 169984K, 92% used [0x00000000f5800000,0x00000000ff1e3878,0x00000000ffe00000)
  to   space 171520K, 0% used [0x00000000eaf00000,0x00000000eaf00000,0x00000000f5680000)
 ParOldGen       total 311808K, used 162907K [0x0000000084a00000, 0x0000000097a80000, 0x00000000d6e00000)
  object space 311808K, 52% used [0x0000000084a00000,0x000000008e916fd8,0x0000000097a80000)
 Metaspace       used 22841K, capacity 23410K, committed 23680K, reserved 1071104K
  class space    used 2750K, capacity 2912K, committed 2944K, reserved 1048576K
}
Event: 209.340 GC heap before
{Heap before GC invocations=183 (full 6):
 PSYoungGen      total 498688K, used 485980K [0x00000000d6e00000, 0x00000000ffe00000, 0x0000000100000000)
  eden space 328704K, 99% used [0x00000000d6e00000,0x00000000eaeb3a20,0x00000000eaf00000)
  from space 169984K, 92% used [0x00000000f5800000,0x00000000ff1e3878,0x00000000ffe00000)
  to   space 171520K, 0% used [0x00000000eaf00000,0x00000000eaf00000,0x00000000f5680000)
 ParOldGen       total 311808K, used 162907K [0x0000000084a00000, 0x0000000097a80000, 0x00000000d6e00000)
  object space 311808K, 52% used [0x0000000084a00000,0x000000008e916fd8,0x0000000097a80000)
 Metaspace       used 22848K, capacity 23410K, committed 23680K, reserved 1071104K
  class space    used 2750K, capacity 2912K, committed 2944K, reserved 1048576K
Event: 209.374 GC heap after
Heap after GC invocations=183 (full 6):
 PSYoungGen      total 500224K, used 156430K [0x00000000d6e00000, 0x00000000fff80000, 0x0000000100000000)
  eden space 328704K, 0% used [0x00000000d6e00000,0x00000000d6e00000,0x00000000eaf00000)
  from space 171520K, 91% used [0x00000000eaf00000,0x00000000f47c39b0,0x00000000f5680000)
  to   space 170496K, 0% used [0x00000000f5900000,0x00000000f5900000,0x00000000fff80000)
 ParOldGen       total 311808K, used 162907K [0x0000000084a00000, 0x0000000097a80000, 0x00000000d6e00000)
  object space 311808K, 52% used [0x0000000084a00000,0x000000008e916fd8,0x0000000097a80000)
 Metaspace       used 22848K, capacity 23410K, committed 23680K, reserved 1071104K
  class space    used 2750K, capacity 2912K, committed 2944K, reserved 1048576K
}
Event: 210.335 GC heap before
{Heap before GC invocations=184 (full 6):
 PSYoungGen      total 500224K, used 483117K [0x00000000d6e00000, 0x00000000fff80000, 0x0000000100000000)
  eden space 328704K, 99% used [0x00000000d6e00000,0x00000000ead07ce8,0x00000000eaf00000)
  from space 171520K, 91% used [0x00000000eaf00000,0x00000000f47c39b0,0x00000000f5680000)
  to   space 170496K, 0% used [0x00000000f5900000,0x00000000f5900000,0x00000000fff80000)
 ParOldGen       total 311808K, used 162907K [0x0000000084a00000, 0x0000000097a80000, 0x00000000d6e00000)
  object space 311808K, 52% used [0x0000000084a00000,0x000000008e916fd8,0x0000000097a80000)
 Metaspace       used 22848K, capacity 23410K, committed 23680K, reserved 1071104K
  class space    used 2750K, capacity 2912K, committed 2944K, reserved 1048576K
Event: 210.366 GC heap after
Heap after GC invocations=184 (full 6):
 PSYoungGen      total 502272K, used 142632K [0x00000000d6e00000, 0x0000000100000000, 0x0000000100000000)
  eden space 331776K, 0% used [0x00000000d6e00000,0x00000000d6e00000,0x00000000eb200000)
  from space 170496K, 83% used [0x00000000f5900000,0x00000000fe44a118,0x00000000fff80000)
  to   space 171008K, 0% used [0x00000000eb200000,0x00000000eb200000,0x00000000f5900000)
 ParOldGen       total 311808K, used 162947K [0x0000000084a00000, 0x0000000097a80000, 0x00000000d6e00000)
  object space 311808K, 52% used [0x0000000084a00000,0x000000008e920fd8,0x0000000097a80000)
 Metaspace       used 22848K, capacity 23410K, committed 23680K, reserved 1071104K
  class space    used 2750K, capacity 2912K, committed 2944K, reserved 1048576K
}
Event: 211.326 GC heap before
{Heap before GC invocations=185 (full 6):
 PSYoungGen      total 502272K, used 470890K [0x00000000d6e00000, 0x0000000100000000, 0x0000000100000000)
  eden space 331776K, 98% used [0x00000000d6e00000,0x00000000eae90718,0x00000000eb200000)
  from space 170496K, 83% used [0x00000000f5900000,0x00000000fe44a118,0x00000000fff80000)
  to   space 171008K, 0% used [0x00000000eb200000,0x00000000eb200000,0x00000000f5900000)
 ParOldGen       total 311808K, used 162947K [0x0000000084a00000, 0x0000000097a80000, 0x00000000d6e00000)
  object space 311808K, 52% used [0x0000000084a00000,0x000000008e920fd8,0x0000000097a80000)
 Metaspace       used 22848K, capacity 23410K, committed 23680K, reserved 1071104K
  class space    used 2750K, capacity 2912K, committed 2944K, reserved 1048576K
Event: 211.359 GC heap after
Heap after GC invocations=185 (full 6):
 PSYoungGen      total 481280K, used 149296K [0x00000000d6e00000, 0x00000000ffe80000, 0x0000000100000000)
  eden space 331776K, 0% used [0x00000000d6e00000,0x00000000d6e00000,0x00000000eb200000)
  from space 149504K, 99% used [0x00000000eb200000,0x00000000f43cc0f0,0x00000000f4400000)
  to   space 169984K, 0% used [0x00000000f5880000,0x00000000f5880000,0x00000000ffe80000)
 ParOldGen       total 311808K, used 162971K [0x0000000084a00000, 0x0000000097a80000, 0x00000000d6e00000)
  object space 311808K, 52% used [0x0000000084a00000,0x000000008e926fd8,0x0000000097a80000)
 Metaspace       used 22848K, capacity 23410K, committed 23680K, reserved 1071104K
  class space    used 2750K, capacity 2912K, committed 2944K, reserved 1048576K
}
Event: 212.326 GC heap before
{Heap before GC invocations=186 (full 6):
 PSYoungGen      total 481280K, used 479018K [0x00000000d6e00000, 0x00000000ffe80000, 0x0000000100000000)
  eden space 331776K, 99% used [0x00000000d6e00000,0x00000000eaffea58,0x00000000eb200000)
  from space 149504K, 99% used [0x00000000eb200000,0x00000000f43cc0f0,0x00000000f4400000)
  to   space 169984K, 0% used [0x00000000f5880000,0x00000000f5880000,0x00000000ffe80000)
 ParOldGen       total 311808K, used 162971K [0x0000000084a00000, 0x0000000097a80000, 0x00000000d6e00000)
  object space 311808K, 52% used [0x0000000084a00000,0x000000008e926fd8,0x0000000097a80000)
 Metaspace       used 22848K, capacity 23410K, committed 23680K, reserved 1071104K
  class space    used 2750K, capacity 2912K, committed 2944K, reserved 1048576K
Event: 212.359 GC heap after
Heap after GC invocations=186 (full 6):
 PSYoungGen      total 502784K, used 146660K [0x00000000d6e00000, 0x0000000100000000, 0x0000000100000000)
  eden space 332800K, 0% used [0x00000000d6e00000,0x00000000d6e00000,0x00000000eb300000)
  from space 169984K, 86% used [0x00000000f5880000,0x00000000fe7b9120,0x00000000ffe80000)
  to   space 169472K, 0% used [0x00000000eb300000,0x00000000eb300000,0x00000000f5880000)
 ParOldGen       total 311808K, used 163003K [0x0000000084a00000, 0x0000000097a80000, 0x00000000d6e00000)
  object space 311808K, 52% used [0x0000000084a00000,0x000000008e92efd8,0x0000000097a80000)
 Metaspace       used 22848K, capacity 23410K, committed 23680K, reserved 1071104K
  class space    used 2750K, capacity 2912K, committed 2944K, reserved 1048576K
}

