# JRE version: Java(TM) SE Runtime Environment (8.0_91-b14) (build 1.8.0_91-b14)
# Java VM: Java HotSpot(TM) 64-Bit Server VM (25.91-b14 mixed mode windows-amd64 compressed oops)
Heap:
 PSYoungGen      total 186880K, used 3552K [0x00000000d6e00000, 0x00000000e2e80000, 0x0000000100000000)
  eden space 177664K, 1% used [0x00000000d6e00000,0x00000000d71781d8,0x00000000e1b80000)
  from space 9216K, 0% used [0x00000000e2580000,0x00000000e2580000,0x00000000e2e80000)
  to   space 9728K, 0% used [0x00000000e1b80000,0x00000000e1b80000,0x00000000e2500000)
 ParOldGen       total 76800K, used 14341K [0x0000000084a00000, 0x0000000089500000, 0x00000000d6e00000)
  object space 76800K, 18% used [0x0000000084a00000,0x00000000858014e0,0x0000000089500000)
 Metaspace       used 19588K, capacity 20212K, committed 20352K, reserved 1067008K
  class space    used 2425K, capacity 2593K, committed 2688K, reserved 1048576K
GC Heap History (10 events):
Event: 139.567 GC heap before
{Heap before GC invocations=179 (full 16):
 PSYoungGen      total 144384K, used 140820K [0x00000000d6e00000, 0x00000000e1900000, 0x0000000100000000)
  eden space 135168K, 99% used [0x00000000d6e00000,0x00000000df144040,0x00000000df200000)
  from space 9216K, 69% used [0x00000000dfb80000,0x00000000e01c12f0,0x00000000e0480000)
  to   space 9728K, 0% used [0x00000000df200000,0x00000000df200000,0x00000000dfb80000)
 ParOldGen       total 72192K, used 39771K [0x0000000084a00000, 0x0000000089080000, 0x00000000d6e00000)
  object space 72192K, 55% used [0x0000000084a00000,0x00000000870d6e48,0x0000000089080000)
 Metaspace       used 19588K, capacity 20212K, committed 20352K, reserved 1067008K
  class space    used 2425K, capacity 2593K, committed 2688K, reserved 1048576K
Event: 139.570 GC heap after
Heap after GC invocations=179 (full 16):
 PSYoungGen      total 144896K, used 5167K [0x00000000d6e00000, 0x00000000e1780000, 0x0000000100000000)
  eden space 135168K, 0% used [0x00000000d6e00000,0x00000000d6e00000,0x00000000df200000)
  from space 9728K, 53% used [0x00000000df200000,0x00000000df70bc98,0x00000000dfb80000)
  to   space 9216K, 0% used [0x00000000e0e80000,0x00000000e0e80000,0x00000000e1780000)
 ParOldGen       total 72192K, used 44603K [0x0000000084a00000, 0x0000000089080000, 0x00000000d6e00000)
  object space 72192K, 61% used [0x0000000084a00000,0x000000008758ee88,0x0000000089080000)
 Metaspace       used 19588K, capacity 20212K, committed 20352K, reserved 1067008K
  class space    used 2425K, capacity 2593K, committed 2688K, reserved 1048576K
}
Event: 140.113 GC heap before
{Heap before GC invocations=180 (full 16):
 PSYoungGen      total 144896K, used 139588K [0x00000000d6e00000, 0x00000000e1780000, 0x0000000100000000)
  eden space 135168K, 99% used [0x00000000d6e00000,0x00000000df145650,0x00000000df200000)
  from space 9728K, 53% used [0x00000000df200000,0x00000000df70bc98,0x00000000dfb80000)
  to   space 9216K, 0% used [0x00000000e0e80000,0x00000000e0e80000,0x00000000e1780000)
 ParOldGen       total 72192K, used 44603K [0x0000000084a00000, 0x0000000089080000, 0x00000000d6e00000)
  object space 72192K, 61% used [0x0000000084a00000,0x000000008758ee88,0x0000000089080000)
 Metaspace       used 19588K, capacity 20212K, committed 20352K, reserved 1067008K
  class space    used 2425K, capacity 2593K, committed 2688K, reserved 1048576K
Event: 140.118 GC heap after
Heap after GC invocations=180 (full 16):
 PSYoungGen      total 164352K, used 6372K [0x00000000d6e00000, 0x00000000e1780000, 0x0000000100000000)
  eden space 155136K, 0% used [0x00000000d6e00000,0x00000000d6e00000,0x00000000e0580000)
  from space 9216K, 69% used [0x00000000e0e80000,0x00000000e14b92f0,0x00000000e1780000)
  to   space 9216K, 0% used [0x00000000e0580000,0x00000000e0580000,0x00000000e0e80000)
 ParOldGen       total 72192K, used 49435K [0x0000000084a00000, 0x0000000089080000, 0x00000000d6e00000)
  object space 72192K, 68% used [0x0000000084a00000,0x0000000087a46ec8,0x0000000089080000)
 Metaspace       used 19588K, capacity 20212K, committed 20352K, reserved 1067008K
  class space    used 2425K, capacity 2593K, committed 2688K, reserved 1048576K
}
Event: 140.704 GC heap before
{Heap before GC invocations=181 (full 16):
 PSYoungGen      total 164352K, used 161339K [0x00000000d6e00000, 0x00000000e1780000, 0x0000000100000000)
  eden space 155136K, 99% used [0x00000000d6e00000,0x00000000e0555af0,0x00000000e0580000)
  from space 9216K, 69% used [0x00000000e0e80000,0x00000000e14b92f0,0x00000000e1780000)
  to   space 9216K, 0% used [0x00000000e0580000,0x00000000e0580000,0x00000000e0e80000)
 ParOldGen       total 72192K, used 49435K [0x0000000084a00000, 0x0000000089080000, 0x00000000d6e00000)
  object space 72192K, 68% used [0x0000000084a00000,0x0000000087a46ec8,0x0000000089080000)
 Metaspace       used 19588K, capacity 20212K, committed 20352K, reserved 1067008K
  class space    used 2425K, capacity 2593K, committed 2688K, reserved 1048576K
Event: 140.709 GC heap after
Heap after GC invocations=181 (full 16):
 PSYoungGen      total 164352K, used 8823K [0x00000000d6e00000, 0x00000000e2f00000, 0x0000000100000000)
  eden space 155136K, 0% used [0x00000000d6e00000,0x00000000d6e00000,0x00000000e0580000)
  from space 9216K, 95% used [0x00000000e0580000,0x00000000e0e1dd90,0x00000000e0e80000)
  to   space 9728K, 0% used [0x00000000e2580000,0x00000000e2580000,0x00000000e2f00000)
 ParOldGen       total 72192K, used 54259K [0x0000000084a00000, 0x0000000089080000, 0x00000000d6e00000)
  object space 72192K, 75% used [0x0000000084a00000,0x0000000087efcf08,0x0000000089080000)
 Metaspace       used 19588K, capacity 20212K, committed 20352K, reserved 1067008K
  class space    used 2425K, capacity 2593K, committed 2688K, reserved 1048576K
}
Event: 141.328 GC heap before
{Heap before GC invocations=182 (full 16):
 PSYoungGen      total 164352K, used 162851K [0x00000000d6e00000, 0x00000000e2f00000, 0x0000000100000000)
  eden space 155136K, 99% used [0x00000000d6e00000,0x00000000e046b0c0,0x00000000e0580000)
  from space 9216K, 95% used [0x00000000e0580000,0x00000000e0e1dd90,0x00000000e0e80000)
  to   space 9728K, 0% used [0x00000000e2580000,0x00000000e2580000,0x00000000e2f00000)
 ParOldGen       total 72192K, used 55459K [0x0000000084a00000, 0x0000000089080000, 0x00000000d6e00000)
  object space 72192K, 76% used [0x0000000084a00000,0x0000000088028f18,0x0000000089080000)
 Metaspace       used 19588K, capacity 20212K, committed 20352K, reserved 1067008K
  class space    used 2425K, capacity 2593K, committed 2688K, reserved 1048576K
Event: 141.332 GC heap after
Heap after GC invocations=182 (full 16):
 PSYoungGen      total 186880K, used 6437K [0x00000000d6e00000, 0x00000000e2e80000, 0x0000000100000000)
  eden space 177664K, 0% used [0x00000000d6e00000,0x00000000d6e00000,0x00000000e1b80000)
  from space 9216K, 69% used [0x00000000e2580000,0x00000000e2bc9620,0x00000000e2e80000)
  to   space 9728K, 0% used [0x00000000e1b80000,0x00000000e1b80000,0x00000000e2500000)
 ParOldGen       total 72192K, used 60299K [0x0000000084a00000, 0x0000000089080000, 0x00000000d6e00000)
  object space 72192K, 83% used [0x0000000084a00000,0x00000000884e2f58,0x0000000089080000)
 Metaspace       used 19588K, capacity 20212K, committed 20352K, reserved 1067008K
  class space    used 2425K, capacity 2593K, committed 2688K, reserved 1048576K
}
Event: 142.215 GC heap before
{Heap before GC invocations=183 (full 17):
 PSYoungGen      total 186880K, used 184101K [0x00000000d6e00000, 0x00000000e2e80000, 0x0000000100000000)
  eden space 177664K, 100% used [0x00000000d6e00000,0x00000000e1b80000,0x00000000e1b80000)
  from space 9216K, 69% used [0x00000000e2580000,0x00000000e2bc9620,0x00000000e2e80000)
  to   space 9728K, 0% used [0x00000000e1b80000,0x00000000e1b80000,0x00000000e2500000)
 ParOldGen       total 90624K, used 90601K [0x0000000084a00000, 0x000000008a280000, 0x00000000d6e00000)
  object space 90624K, 99% used [0x0000000084a00000,0x000000008a27a600,0x000000008a280000)
 Metaspace       used 19588K, capacity 20212K, committed 20352K, reserved 1067008K
  class space    used 2425K, capacity 2593K, committed 2688K, reserved 1048576K
Event: 142.245 GC heap after
Heap after GC invocations=183 (full 17):
 PSYoungGen      total 186880K, used 0K [0x00000000d6e00000, 0x00000000e2e80000, 0x0000000100000000)
  eden space 177664K, 0% used [0x00000000d6e00000,0x00000000d6e00000,0x00000000e1b80000)
  from space 9216K, 0% used [0x00000000e2580000,0x00000000e2580000,0x00000000e2e80000)
  to   space 9728K, 0% used [0x00000000e1b80000,0x00000000e1b80000,0x00000000e2500000)
 ParOldGen       total 76800K, used 14341K [0x0000000084a00000, 0x0000000089500000, 0x00000000d6e00000)
  object space 76800K, 18% used [0x0000000084a00000,0x00000000858014e0,0x0000000089500000)
 Metaspace       used 19588K, capacity 20212K, committed 20352K, reserved 1067008K
  class space    used 2425K, capacity 2593K, committed 2688K, reserved 1048576K
}

