# JRE version: Java(TM) SE Runtime Environment (8.0_91-b14) (build 1.8.0_91-b14)
# Java VM: Java HotSpot(TM) 64-Bit Server VM (25.91-b14 mixed mode windows-amd64 compressed oops)
Heap:
 PSYoungGen      total 36864K, used 8986K [0x00000000d6e00000, 0x00000000d9700000, 0x0000000100000000)
  eden space 31744K, 28% used [0x00000000d6e00000,0x00000000d76c6928,0x00000000d8d00000)
  from space 5120K, 0% used [0x00000000d9200000,0x00000000d9200000,0x00000000d9700000)
  to   space 5120K, 0% used [0x00000000d8d00000,0x00000000d8d00000,0x00000000d9200000)
 ParOldGen       total 48128K, used 8949K [0x0000000084a00000, 0x0000000087900000, 0x00000000d6e00000)
  object space 48128K, 18% used [0x0000000084a00000,0x00000000852bd790,0x0000000087900000)
 Metaspace       used 21912K, capacity 22564K, committed 22784K, reserved 1069056K
  class space    used 2845K, capacity 3051K, committed 3072K, reserved 1048576K
GC Heap History (6 events):
Event: 0.758 GC heap before
{Heap before GC invocations=1 (full 0):
 PSYoungGen      total 36864K, used 30737K [0x00000000d6e00000, 0x00000000d9700000, 0x0000000100000000)
  eden space 31744K, 96% used [0x00000000d6e00000,0x00000000d8c044f0,0x00000000d8d00000)
  from space 5120K, 0% used [0x00000000d9200000,0x00000000d9200000,0x00000000d9700000)
  to   space 5120K, 0% used [0x00000000d8d00000,0x00000000d8d00000,0x00000000d9200000)
 ParOldGen       total 84992K, used 0K [0x0000000084a00000, 0x0000000089d00000, 0x00000000d6e00000)
  object space 84992K, 0% used [0x0000000084a00000,0x0000000084a00000,0x0000000089d00000)
 Metaspace       used 14277K, capacity 14846K, committed 14976K, reserved 1062912K
  class space    used 1951K, capacity 2122K, committed 2176K, reserved 1048576K
Event: 0.764 GC heap after
Heap after GC invocations=1 (full 0):
 PSYoungGen      total 36864K, used 4496K [0x00000000d6e00000, 0x00000000d9700000, 0x0000000100000000)
  eden space 31744K, 0% used [0x00000000d6e00000,0x00000000d6e00000,0x00000000d8d00000)
  from space 5120K, 87% used [0x00000000d8d00000,0x00000000d9164080,0x00000000d9200000)
  to   space 5120K, 0% used [0x00000000d9200000,0x00000000d9200000,0x00000000d9700000)
 ParOldGen       total 84992K, used 80K [0x0000000084a00000, 0x0000000089d00000, 0x00000000d6e00000)
  object space 84992K, 0% used [0x0000000084a00000,0x0000000084a14010,0x0000000089d00000)
 Metaspace       used 14277K, capacity 14846K, committed 14976K, reserved 1062912K
  class space    used 1951K, capacity 2122K, committed 2176K, reserved 1048576K
}
Event: 8.998 GC heap before
{Heap before GC invocations=2 (full 0):
 PSYoungGen      total 36864K, used 17793K [0x00000000d6e00000, 0x00000000d9700000, 0x0000000100000000)
  eden space 31744K, 41% used [0x00000000d6e00000,0x00000000d7afc3e8,0x00000000d8d00000)
  from space 5120K, 87% used [0x00000000d8d00000,0x00000000d9164080,0x00000000d9200000)
  to   space 5120K, 0% used [0x00000000d9200000,0x00000000d9200000,0x00000000d9700000)
 ParOldGen       total 84992K, used 80K [0x0000000084a00000, 0x0000000089d00000, 0x00000000d6e00000)
  object space 84992K, 0% used [0x0000000084a00000,0x0000000084a14010,0x0000000089d00000)
 Metaspace       used 20569K, capacity 21112K, committed 21296K, reserved 1067008K
  class space    used 2703K, capacity 2891K, committed 2944K, reserved 1048576K
Event: 9.007 GC heap after
Heap after GC invocations=2 (full 0):
 PSYoungGen      total 36864K, used 5088K [0x00000000d6e00000, 0x00000000d9700000, 0x0000000100000000)
  eden space 31744K, 0% used [0x00000000d6e00000,0x00000000d6e00000,0x00000000d8d00000)
  from space 5120K, 99% used [0x00000000d9200000,0x00000000d96f8030,0x00000000d9700000)
  to   space 5120K, 0% used [0x00000000d8d00000,0x00000000d8d00000,0x00000000d9200000)
 ParOldGen       total 84992K, used 6025K [0x0000000084a00000, 0x0000000089d00000, 0x00000000d6e00000)
  object space 84992K, 7% used [0x0000000084a00000,0x0000000084fe25e8,0x0000000089d00000)
 Metaspace       used 20569K, capacity 21112K, committed 21296K, reserved 1067008K
  class space    used 2703K, capacity 2891K, committed 2944K, reserved 1048576K
}
Event: 9.007 GC heap before
{Heap before GC invocations=3 (full 1):
 PSYoungGen      total 36864K, used 5088K [0x00000000d6e00000, 0x00000000d9700000, 0x0000000100000000)
  eden space 31744K, 0% used [0x00000000d6e00000,0x00000000d6e00000,0x00000000d8d00000)
  from space 5120K, 99% used [0x00000000d9200000,0x00000000d96f8030,0x00000000d9700000)
  to   space 5120K, 0% used [0x00000000d8d00000,0x00000000d8d00000,0x00000000d9200000)
 ParOldGen       total 84992K, used 6025K [0x0000000084a00000, 0x0000000089d00000, 0x00000000d6e00000)
  object space 84992K, 7% used [0x0000000084a00000,0x0000000084fe25e8,0x0000000089d00000)
 Metaspace       used 20569K, capacity 21112K, committed 21296K, reserved 1067008K
  class space    used 2703K, capacity 2891K, committed 2944K, reserved 1048576K
Event: 9.058 GC heap after
Heap after GC invocations=3 (full 1):
 PSYoungGen      total 36864K, used 0K [0x00000000d6e00000, 0x00000000d9700000, 0x0000000100000000)
  eden space 31744K, 0% used [0x00000000d6e00000,0x00000000d6e00000,0x00000000d8d00000)
  from space 5120K, 0% used [0x00000000d9200000,0x00000000d9200000,0x00000000d9700000)
  to   space 5120K, 0% used [0x00000000d8d00000,0x00000000d8d00000,0x00000000d9200000)
 ParOldGen       total 48128K, used 8949K [0x0000000084a00000, 0x0000000087900000, 0x00000000d6e00000)
  object space 48128K, 18% used [0x0000000084a00000,0x00000000852bd790,0x0000000087900000)
 Metaspace       used 20569K, capacity 21112K, committed 21296K, reserved 1067008K
  class space    used 2703K, capacity 2891K, committed 2944K, reserved 1048576K
}

