# JRE version: Java(TM) SE Runtime Environment (8.0_91-b14) (build 1.8.0_91-b14)
# Java VM: Java HotSpot(TM) 64-Bit Server VM (25.91-b14 mixed mode windows-amd64 compressed oops)
Heap:
 PSYoungGen      total 454144K, used 153413K [0x00000000d6e00000, 0x00000000ffb00000, 0x0000000100000000)
  eden space 317952K, 5% used [0x00000000d6e00000,0x00000000d7f24d08,0x00000000ea480000)
  from space 136192K, 99% used [0x00000000ea480000,0x00000000f292c710,0x00000000f2980000)
  to   space 174080K, 0% used [0x00000000f5100000,0x00000000f5100000,0x00000000ffb00000)
 ParOldGen       total 297472K, used 188375K [0x0000000084a00000, 0x0000000096c80000, 0x00000000d6e00000)
  object space 297472K, 63% used [0x0000000084a00000,0x00000000901f5fc0,0x0000000096c80000)
 Metaspace       used 22536K, capacity 23124K, committed 23424K, reserved 1069056K
  class space    used 2748K, capacity 2911K, committed 2944K, reserved 1048576K
GC Heap History (10 events):
Event: 38.158 GC heap before
{Heap before GC invocations=46 (full 3):
 PSYoungGen      total 495104K, used 447258K [0x00000000d6e00000, 0x0000000100000000, 0x0000000100000000)
  eden space 313344K, 99% used [0x00000000d6e00000,0x00000000e9ff7ea0,0x00000000ea000000)
  from space 181760K, 73% used [0x00000000f4e80000,0x00000000fd14ea68,0x0000000100000000)
  to   space 178688K, 0% used [0x00000000ea000000,0x00000000ea000000,0x00000000f4e80000)
 ParOldGen       total 297472K, used 188247K [0x0000000084a00000, 0x0000000096c80000, 0x00000000d6e00000)
  object space 297472K, 63% used [0x0000000084a00000,0x00000000901d5fc0,0x0000000096c80000)
 Metaspace       used 22474K, capacity 22992K, committed 23168K, reserved 1069056K
  class space    used 2748K, capacity 2911K, committed 2944K, reserved 1048576K
Event: 38.190 GC heap after
Heap after GC invocations=46 (full 3):
 PSYoungGen      total 454656K, used 141209K [0x00000000d6e00000, 0x00000000ffc00000, 0x0000000100000000)
  eden space 313344K, 0% used [0x00000000d6e00000,0x00000000d6e00000,0x00000000ea000000)
  from space 141312K, 99% used [0x00000000ea000000,0x00000000f29e6558,0x00000000f2a00000)
  to   space 178176K, 0% used [0x00000000f4e00000,0x00000000f4e00000,0x00000000ffc00000)
 ParOldGen       total 297472K, used 188279K [0x0000000084a00000, 0x0000000096c80000, 0x00000000d6e00000)
  object space 297472K, 63% used [0x0000000084a00000,0x00000000901ddfc0,0x0000000096c80000)
 Metaspace       used 22474K, capacity 22992K, committed 23168K, reserved 1069056K
  class space    used 2748K, capacity 2911K, committed 2944K, reserved 1048576K
}
Event: 39.113 GC heap before
{Heap before GC invocations=47 (full 3):
 PSYoungGen      total 454656K, used 453555K [0x00000000d6e00000, 0x00000000ffc00000, 0x0000000100000000)
  eden space 313344K, 99% used [0x00000000d6e00000,0x00000000e9f06878,0x00000000ea000000)
  from space 141312K, 99% used [0x00000000ea000000,0x00000000f29e6558,0x00000000f2a00000)
  to   space 178176K, 0% used [0x00000000f4e00000,0x00000000f4e00000,0x00000000ffc00000)
 ParOldGen       total 297472K, used 188279K [0x0000000084a00000, 0x0000000096c80000, 0x00000000d6e00000)
  object space 297472K, 63% used [0x0000000084a00000,0x00000000901ddfc0,0x0000000096c80000)
 Metaspace       used 22482K, capacity 23060K, committed 23168K, reserved 1069056K
  class space    used 2748K, capacity 2911K, committed 2944K, reserved 1048576K
Event: 39.141 GC heap after
Heap after GC invocations=47 (full 3):
 PSYoungGen      total 494080K, used 135713K [0x00000000d6e00000, 0x0000000100000000, 0x0000000100000000)
  eden space 315904K, 0% used [0x00000000d6e00000,0x00000000d6e00000,0x00000000ea280000)
  from space 178176K, 76% used [0x00000000f4e00000,0x00000000fd288700,0x00000000ffc00000)
  to   space 175616K, 0% used [0x00000000ea280000,0x00000000ea280000,0x00000000f4e00000)
 ParOldGen       total 297472K, used 188303K [0x0000000084a00000, 0x0000000096c80000, 0x00000000d6e00000)
  object space 297472K, 63% used [0x0000000084a00000,0x00000000901e3fc0,0x0000000096c80000)
 Metaspace       used 22482K, capacity 23060K, committed 23168K, reserved 1069056K
  class space    used 2748K, capacity 2911K, committed 2944K, reserved 1048576K
}
Event: 40.057 GC heap before
{Heap before GC invocations=48 (full 3):
 PSYoungGen      total 494080K, used 451247K [0x00000000d6e00000, 0x0000000100000000, 0x0000000100000000)
  eden space 315904K, 99% used [0x00000000d6e00000,0x00000000ea2235f0,0x00000000ea280000)
  from space 178176K, 76% used [0x00000000f4e00000,0x00000000fd288700,0x00000000ffc00000)
  to   space 175616K, 0% used [0x00000000ea280000,0x00000000ea280000,0x00000000f4e00000)
 ParOldGen       total 297472K, used 188303K [0x0000000084a00000, 0x0000000096c80000, 0x00000000d6e00000)
  object space 297472K, 63% used [0x0000000084a00000,0x00000000901e3fc0,0x0000000096c80000)
 Metaspace       used 22486K, capacity 23060K, committed 23168K, reserved 1069056K
  class space    used 2748K, capacity 2911K, committed 2944K, reserved 1048576K
Event: 40.088 GC heap after
Heap after GC invocations=48 (full 3):
 PSYoungGen      total 491520K, used 142849K [0x00000000d6e00000, 0x00000000ffd80000, 0x0000000100000000)
  eden space 315904K, 0% used [0x00000000d6e00000,0x00000000d6e00000,0x00000000ea280000)
  from space 175616K, 81% used [0x00000000ea280000,0x00000000f2e00618,0x00000000f4e00000)
  to   space 175616K, 0% used [0x00000000f5200000,0x00000000f5200000,0x00000000ffd80000)
 ParOldGen       total 297472K, used 188327K [0x0000000084a00000, 0x0000000096c80000, 0x00000000d6e00000)
  object space 297472K, 63% used [0x0000000084a00000,0x00000000901e9fc0,0x0000000096c80000)
 Metaspace       used 22486K, capacity 23060K, committed 23168K, reserved 1069056K
  class space    used 2748K, capacity 2911K, committed 2944K, reserved 1048576K
}
Event: 41.023 GC heap before
{Heap before GC invocations=49 (full 3):
 PSYoungGen      total 491520K, used 458753K [0x00000000d6e00000, 0x00000000ffd80000, 0x0000000100000000)
  eden space 315904K, 100% used [0x00000000d6e00000,0x00000000ea280000,0x00000000ea280000)
  from space 175616K, 81% used [0x00000000ea280000,0x00000000f2e00618,0x00000000f4e00000)
  to   space 175616K, 0% used [0x00000000f5200000,0x00000000f5200000,0x00000000ffd80000)
 ParOldGen       total 297472K, used 188327K [0x0000000084a00000, 0x0000000096c80000, 0x00000000d6e00000)
  object space 297472K, 63% used [0x0000000084a00000,0x00000000901e9fc0,0x0000000096c80000)
 Metaspace       used 22487K, capacity 23060K, committed 23168K, reserved 1069056K
  class space    used 2748K, capacity 2911K, committed 2944K, reserved 1048576K
Event: 41.058 GC heap after
Heap after GC invocations=49 (full 3):
 PSYoungGen      total 493568K, used 149247K [0x00000000d6e00000, 0x0000000100000000, 0x0000000100000000)
  eden space 317952K, 0% used [0x00000000d6e00000,0x00000000d6e00000,0x00000000ea480000)
  from space 175616K, 84% used [0x00000000f5200000,0x00000000fe3bfc18,0x00000000ffd80000)
  to   space 177664K, 0% used [0x00000000ea480000,0x00000000ea480000,0x00000000f5200000)
 ParOldGen       total 297472K, used 188351K [0x0000000084a00000, 0x0000000096c80000, 0x00000000d6e00000)
  object space 297472K, 63% used [0x0000000084a00000,0x00000000901effc0,0x0000000096c80000)
 Metaspace       used 22487K, capacity 23060K, committed 23168K, reserved 1069056K
  class space    used 2748K, capacity 2911K, committed 2944K, reserved 1048576K
}
Event: 41.983 GC heap before
{Heap before GC invocations=50 (full 3):
 PSYoungGen      total 493568K, used 466325K [0x00000000d6e00000, 0x0000000100000000, 0x0000000100000000)
  eden space 317952K, 99% used [0x00000000d6e00000,0x00000000ea3a59d8,0x00000000ea480000)
  from space 175616K, 84% used [0x00000000f5200000,0x00000000fe3bfc18,0x00000000ffd80000)
  to   space 177664K, 0% used [0x00000000ea480000,0x00000000ea480000,0x00000000f5200000)
 ParOldGen       total 297472K, used 188351K [0x0000000084a00000, 0x0000000096c80000, 0x00000000d6e00000)
  object space 297472K, 63% used [0x0000000084a00000,0x00000000901effc0,0x0000000096c80000)
 Metaspace       used 22536K, capacity 23124K, committed 23424K, reserved 1069056K
  class space    used 2748K, capacity 2911K, committed 2944K, reserved 1048576K
Event: 42.016 GC heap after
Heap after GC invocations=50 (full 3):
 PSYoungGen      total 454144K, used 135857K [0x00000000d6e00000, 0x00000000ffb00000, 0x0000000100000000)
  eden space 317952K, 0% used [0x00000000d6e00000,0x00000000d6e00000,0x00000000ea480000)
  from space 136192K, 99% used [0x00000000ea480000,0x00000000f292c710,0x00000000f2980000)
  to   space 174080K, 0% used [0x00000000f5100000,0x00000000f5100000,0x00000000ffb00000)
 ParOldGen       total 297472K, used 188375K [0x0000000084a00000, 0x0000000096c80000, 0x00000000d6e00000)
  object space 297472K, 63% used [0x0000000084a00000,0x00000000901f5fc0,0x0000000096c80000)
 Metaspace       used 22536K, capacity 23124K, committed 23424K, reserved 1069056K
  class space    used 2748K, capacity 2911K, committed 2944K, reserved 1048576K
}

