# JRE version: Java(TM) SE Runtime Environment (8.0_91-b14) (build 1.8.0_91-b14)
# Java VM: Java HotSpot(TM) 64-Bit Server VM (25.91-b14 mixed mode windows-amd64 compressed oops)
Heap:
 PSYoungGen      total 501760K, used 159298K [0x00000000d6e00000, 0x0000000100000000, 0x0000000100000000)
  eden space 329728K, 4% used [0x00000000d6e00000,0x00000000d7da2700,0x00000000eb000000)
  from space 172032K, 83% used [0x00000000eb000000,0x00000000f3bee4b0,0x00000000f5800000)
  to   space 171008K, 0% used [0x00000000f5900000,0x00000000f5900000,0x0000000100000000)
 ParOldGen       total 152064K, used 144164K [0x0000000084a00000, 0x000000008de80000, 0x00000000d6e00000)
  object space 152064K, 94% used [0x0000000084a00000,0x000000008d6c9250,0x000000008de80000)
 Metaspace       used 22893K, capacity 23464K, committed 23680K, reserved 1071104K
  class space    used 2751K, capacity 2913K, committed 2944K, reserved 1048576K
GC Heap History (10 events):
Event: 97.690 GC heap before
{Heap before GC invocations=105 (full 2):
 PSYoungGen      total 503808K, used 467722K [0x00000000d6e00000, 0x0000000100000000, 0x0000000100000000)
  eden space 336896K, 99% used [0x00000000d6e00000,0x00000000eb580338,0x00000000eb700000)
  from space 166912K, 79% used [0x00000000f5d00000,0x00000000fde42788,0x0000000100000000)
  to   space 168448K, 0% used [0x00000000eb700000,0x00000000eb700000,0x00000000f5b80000)
 ParOldGen       total 152064K, used 144060K [0x0000000084a00000, 0x000000008de80000, 0x00000000d6e00000)
  object space 152064K, 94% used [0x0000000084a00000,0x000000008d6af250,0x000000008de80000)
 Metaspace       used 22893K, capacity 23464K, committed 23680K, reserved 1071104K
  class space    used 2751K, capacity 2913K, committed 2944K, reserved 1048576K
Event: 97.721 GC heap after
Heap after GC invocations=105 (full 2):
 PSYoungGen      total 505344K, used 144606K [0x00000000d6e00000, 0x00000000ffe80000, 0x0000000100000000)
  eden space 336896K, 0% used [0x00000000d6e00000,0x00000000d6e00000,0x00000000eb700000)
  from space 168448K, 85% used [0x00000000eb700000,0x00000000f4437998,0x00000000f5b80000)
  to   space 166912K, 0% used [0x00000000f5b80000,0x00000000f5b80000,0x00000000ffe80000)
 ParOldGen       total 152064K, used 144084K [0x0000000084a00000, 0x000000008de80000, 0x00000000d6e00000)
  object space 152064K, 94% used [0x0000000084a00000,0x000000008d6b5250,0x000000008de80000)
 Metaspace       used 22893K, capacity 23464K, committed 23680K, reserved 1071104K
  class space    used 2751K, capacity 2913K, committed 2944K, reserved 1048576K
}
Event: 98.740 GC heap before
{Heap before GC invocations=106 (full 2):
 PSYoungGen      total 505344K, used 480429K [0x00000000d6e00000, 0x00000000ffe80000, 0x0000000100000000)
  eden space 336896K, 99% used [0x00000000d6e00000,0x00000000eb5f3b48,0x00000000eb700000)
  from space 168448K, 85% used [0x00000000eb700000,0x00000000f4437998,0x00000000f5b80000)
  to   space 166912K, 0% used [0x00000000f5b80000,0x00000000f5b80000,0x00000000ffe80000)
 ParOldGen       total 152064K, used 144084K [0x0000000084a00000, 0x000000008de80000, 0x00000000d6e00000)
  object space 152064K, 94% used [0x0000000084a00000,0x000000008d6b5250,0x000000008de80000)
 Metaspace       used 22893K, capacity 23464K, committed 23680K, reserved 1071104K
  class space    used 2751K, capacity 2913K, committed 2944K, reserved 1048576K
Event: 98.773 GC heap after
Heap after GC invocations=106 (full 2):
 PSYoungGen      total 502784K, used 158171K [0x00000000d6e00000, 0x0000000100000000, 0x0000000100000000)
  eden space 335872K, 0% used [0x00000000d6e00000,0x00000000d6e00000,0x00000000eb600000)
  from space 166912K, 94% used [0x00000000f5b80000,0x00000000ff5f6cd0,0x00000000ffe80000)
  to   space 168960K, 0% used [0x00000000eb600000,0x00000000eb600000,0x00000000f5b00000)
 ParOldGen       total 152064K, used 144108K [0x0000000084a00000, 0x000000008de80000, 0x00000000d6e00000)
  object space 152064K, 94% used [0x0000000084a00000,0x000000008d6bb250,0x000000008de80000)
 Metaspace       used 22893K, capacity 23464K, committed 23680K, reserved 1071104K
  class space    used 2751K, capacity 2913K, committed 2944K, reserved 1048576K
}
Event: 99.750 GC heap before
{Heap before GC invocations=107 (full 2):
 PSYoungGen      total 502784K, used 491627K [0x00000000d6e00000, 0x0000000100000000, 0x0000000100000000)
  eden space 335872K, 99% used [0x00000000d6e00000,0x00000000eb3a4048,0x00000000eb600000)
  from space 166912K, 94% used [0x00000000f5b80000,0x00000000ff5f6cd0,0x00000000ffe80000)
  to   space 168960K, 0% used [0x00000000eb600000,0x00000000eb600000,0x00000000f5b00000)
 ParOldGen       total 152064K, used 144108K [0x0000000084a00000, 0x000000008de80000, 0x00000000d6e00000)
  object space 152064K, 94% used [0x0000000084a00000,0x000000008d6bb250,0x000000008de80000)
 Metaspace       used 22893K, capacity 23464K, committed 23680K, reserved 1071104K
  class space    used 2751K, capacity 2913K, committed 2944K, reserved 1048576K
Event: 99.783 GC heap after
Heap after GC invocations=107 (full 2):
 PSYoungGen      total 504832K, used 151352K [0x00000000d6e00000, 0x0000000100000000, 0x0000000100000000)
  eden space 335872K, 0% used [0x00000000d6e00000,0x00000000d6e00000,0x00000000eb600000)
  from space 168960K, 89% used [0x00000000eb600000,0x00000000f49ce3b0,0x00000000f5b00000)
  to   space 167936K, 0% used [0x00000000f5c00000,0x00000000f5c00000,0x0000000100000000)
 ParOldGen       total 152064K, used 144124K [0x0000000084a00000, 0x000000008de80000, 0x00000000d6e00000)
  object space 152064K, 94% used [0x0000000084a00000,0x000000008d6bf250,0x000000008de80000)
 Metaspace       used 22893K, capacity 23464K, committed 23680K, reserved 1071104K
  class space    used 2751K, capacity 2913K, committed 2944K, reserved 1048576K
}
Event: 100.817 GC heap before
{Heap before GC invocations=108 (full 2):
 PSYoungGen      total 504832K, used 485344K [0x00000000d6e00000, 0x0000000100000000, 0x0000000100000000)
  eden space 335872K, 99% used [0x00000000d6e00000,0x00000000eb429e18,0x00000000eb600000)
  from space 168960K, 89% used [0x00000000eb600000,0x00000000f49ce3b0,0x00000000f5b00000)
  to   space 167936K, 0% used [0x00000000f5c00000,0x00000000f5c00000,0x0000000100000000)
 ParOldGen       total 152064K, used 144124K [0x0000000084a00000, 0x000000008de80000, 0x00000000d6e00000)
  object space 152064K, 94% used [0x0000000084a00000,0x000000008d6bf250,0x000000008de80000)
 Metaspace       used 22893K, capacity 23464K, committed 23680K, reserved 1071104K
  class space    used 2751K, capacity 2913K, committed 2944K, reserved 1048576K
Event: 100.850 GC heap after
Heap after GC invocations=108 (full 2):
 PSYoungGen      total 497664K, used 164889K [0x00000000d6e00000, 0x0000000100000000, 0x0000000100000000)
  eden space 329728K, 0% used [0x00000000d6e00000,0x00000000d6e00000,0x00000000eb000000)
  from space 167936K, 98% used [0x00000000f5c00000,0x00000000ffd06628,0x0000000100000000)
  to   space 172032K, 0% used [0x00000000eb000000,0x00000000eb000000,0x00000000f5800000)
 ParOldGen       total 152064K, used 144148K [0x0000000084a00000, 0x000000008de80000, 0x00000000d6e00000)
  object space 152064K, 94% used [0x0000000084a00000,0x000000008d6c5250,0x000000008de80000)
 Metaspace       used 22893K, capacity 23464K, committed 23680K, reserved 1071104K
  class space    used 2751K, capacity 2913K, committed 2944K, reserved 1048576K
}
Event: 101.838 GC heap before
{Heap before GC invocations=109 (full 2):
 PSYoungGen      total 497664K, used 493853K [0x00000000d6e00000, 0x0000000100000000, 0x0000000100000000)
  eden space 329728K, 99% used [0x00000000d6e00000,0x00000000eaf41170,0x00000000eb000000)
  from space 167936K, 98% used [0x00000000f5c00000,0x00000000ffd06628,0x0000000100000000)
  to   space 172032K, 0% used [0x00000000eb000000,0x00000000eb000000,0x00000000f5800000)
 ParOldGen       total 152064K, used 144148K [0x0000000084a00000, 0x000000008de80000, 0x00000000d6e00000)
  object space 152064K, 94% used [0x0000000084a00000,0x000000008d6c5250,0x000000008de80000)
 Metaspace       used 22893K, capacity 23464K, committed 23680K, reserved 1071104K
  class space    used 2751K, capacity 2913K, committed 2944K, reserved 1048576K
Event: 101.873 GC heap after
Heap after GC invocations=109 (full 2):
 PSYoungGen      total 501760K, used 143289K [0x00000000d6e00000, 0x0000000100000000, 0x0000000100000000)
  eden space 329728K, 0% used [0x00000000d6e00000,0x00000000d6e00000,0x00000000eb000000)
  from space 172032K, 83% used [0x00000000eb000000,0x00000000f3bee4b0,0x00000000f5800000)
  to   space 171008K, 0% used [0x00000000f5900000,0x00000000f5900000,0x0000000100000000)
 ParOldGen       total 152064K, used 144164K [0x0000000084a00000, 0x000000008de80000, 0x00000000d6e00000)
  object space 152064K, 94% used [0x0000000084a00000,0x000000008d6c9250,0x000000008de80000)
 Metaspace       used 22893K, capacity 23464K, committed 23680K, reserved 1071104K
  class space    used 2751K, capacity 2913K, committed 2944K, reserved 1048576K
}

