# JRE version: Java(TM) SE Runtime Environment (8.0_45-b15) (build 1.8.0_45-b15)
# Java VM: Java HotSpot(TM) 64-Bit Server VM (25.45-b02 mixed mode windows-amd64 compressed oops)
Heap:
 PSYoungGen      total 48640K, used 15740K [0x00000000d5c00000, 0x00000000d9c80000, 0x0000000100000000)
  eden space 32256K, 6% used [0x00000000d5c00000,0x00000000d5de6030,0x00000000d7b80000)
  from space 16384K, 84% used [0x00000000d8c00000,0x00000000d99790f0,0x00000000d9c00000)
  to   space 16896K, 0% used [0x00000000d7b80000,0x00000000d7b80000,0x00000000d8c00000)
 ParOldGen       total 87552K, used 30194K [0x0000000081400000, 0x0000000086980000, 0x00000000d5c00000)
  object space 87552K, 34% used [0x0000000081400000,0x000000008317ca80,0x0000000086980000)
 Metaspace       used 18559K, capacity 19206K, committed 19456K, reserved 1067008K
  class space    used 2513K, capacity 2720K, committed 2816K, reserved 1048576K
GC Heap History (10 events):
Event: 4.061 GC heap before
{Heap before GC invocations=2 (full 0):
 PSYoungGen      total 38400K, used 37438K [0x00000000d5c00000, 0x00000000d8680000, 0x0000000100000000)
  eden space 33280K, 98% used [0x00000000d5c00000,0x00000000d7be3278,0x00000000d7c80000)
  from space 5120K, 93% used [0x00000000d7c80000,0x00000000d812c6b0,0x00000000d8180000)
  to   space 5120K, 0% used [0x00000000d8180000,0x00000000d8180000,0x00000000d8680000)
 ParOldGen       total 87552K, used 80K [0x0000000081400000, 0x0000000086980000, 0x00000000d5c00000)
  object space 87552K, 0% used [0x0000000081400000,0x0000000081414010,0x0000000086980000)
 Metaspace       used 18455K, capacity 19078K, committed 19456K, reserved 1067008K
  class space    used 2513K, capacity 2720K, committed 2816K, reserved 1048576K
Event: 4.068 GC heap after
Heap after GC invocations=2 (full 0):
 PSYoungGen      total 38400K, used 5088K [0x00000000d5c00000, 0x00000000d8680000, 0x0000000100000000)
  eden space 33280K, 0% used [0x00000000d5c00000,0x00000000d5c00000,0x00000000d7c80000)
  from space 5120K, 99% used [0x00000000d8180000,0x00000000d8678060,0x00000000d8680000)
  to   space 5120K, 0% used [0x00000000d7c80000,0x00000000d7c80000,0x00000000d8180000)
 ParOldGen       total 87552K, used 11558K [0x0000000081400000, 0x0000000086980000, 0x00000000d5c00000)
  object space 87552K, 13% used [0x0000000081400000,0x0000000081f49930,0x0000000086980000)
 Metaspace       used 18455K, capacity 19078K, committed 19456K, reserved 1067008K
  class space    used 2513K, capacity 2720K, committed 2816K, reserved 1048576K
}
Event: 4.639 GC heap before
{Heap before GC invocations=3 (full 0):
 PSYoungGen      total 38400K, used 37863K [0x00000000d5c00000, 0x00000000d8680000, 0x0000000100000000)
  eden space 33280K, 98% used [0x00000000d5c00000,0x00000000d7c01e60,0x00000000d7c80000)
  from space 5120K, 99% used [0x00000000d8180000,0x00000000d8678060,0x00000000d8680000)
  to   space 5120K, 0% used [0x00000000d7c80000,0x00000000d7c80000,0x00000000d8180000)
 ParOldGen       total 87552K, used 11558K [0x0000000081400000, 0x0000000086980000, 0x00000000d5c00000)
  object space 87552K, 13% used [0x0000000081400000,0x0000000081f49930,0x0000000086980000)
 Metaspace       used 18488K, capacity 19142K, committed 19456K, reserved 1067008K
  class space    used 2513K, capacity 2720K, committed 2816K, reserved 1048576K
Event: 4.644 GC heap after
Heap after GC invocations=3 (full 0):
 PSYoungGen      total 38400K, used 5088K [0x00000000d5c00000, 0x00000000d8680000, 0x0000000100000000)
  eden space 33280K, 0% used [0x00000000d5c00000,0x00000000d5c00000,0x00000000d7c80000)
  from space 5120K, 99% used [0x00000000d7c80000,0x00000000d8178060,0x00000000d8180000)
  to   space 5120K, 0% used [0x00000000d8180000,0x00000000d8180000,0x00000000d8680000)
 ParOldGen       total 87552K, used 17610K [0x0000000081400000, 0x0000000086980000, 0x00000000d5c00000)
  object space 87552K, 20% used [0x0000000081400000,0x00000000825329a0,0x0000000086980000)
 Metaspace       used 18488K, capacity 19142K, committed 19456K, reserved 1067008K
  class space    used 2513K, capacity 2720K, committed 2816K, reserved 1048576K
}
Event: 5.233 GC heap before
{Heap before GC invocations=4 (full 0):
 PSYoungGen      total 38400K, used 38079K [0x00000000d5c00000, 0x00000000d8680000, 0x0000000100000000)
  eden space 33280K, 99% used [0x00000000d5c00000,0x00000000d7c37f00,0x00000000d7c80000)
  from space 5120K, 99% used [0x00000000d7c80000,0x00000000d8178060,0x00000000d8180000)
  to   space 5120K, 0% used [0x00000000d8180000,0x00000000d8180000,0x00000000d8680000)
 ParOldGen       total 87552K, used 17610K [0x0000000081400000, 0x0000000086980000, 0x00000000d5c00000)
  object space 87552K, 20% used [0x0000000081400000,0x00000000825329a0,0x0000000086980000)
 Metaspace       used 18509K, capacity 19142K, committed 19456K, reserved 1067008K
  class space    used 2513K, capacity 2720K, committed 2816K, reserved 1048576K
Event: 5.238 GC heap after
Heap after GC invocations=4 (full 0):
 PSYoungGen      total 38400K, used 5104K [0x00000000d5c00000, 0x00000000d8680000, 0x0000000100000000)
  eden space 33280K, 0% used [0x00000000d5c00000,0x00000000d5c00000,0x00000000d7c80000)
  from space 5120K, 99% used [0x00000000d8180000,0x00000000d867c070,0x00000000d8680000)
  to   space 5120K, 0% used [0x00000000d7c80000,0x00000000d7c80000,0x00000000d8180000)
 ParOldGen       total 87552K, used 24938K [0x0000000081400000, 0x0000000086980000, 0x00000000d5c00000)
  object space 87552K, 28% used [0x0000000081400000,0x0000000082c5aa10,0x0000000086980000)
 Metaspace       used 18509K, capacity 19142K, committed 19456K, reserved 1067008K
  class space    used 2513K, capacity 2720K, committed 2816K, reserved 1048576K
}
Event: 5.810 GC heap before
{Heap before GC invocations=5 (full 0):
 PSYoungGen      total 38400K, used 37648K [0x00000000d5c00000, 0x00000000d8680000, 0x0000000100000000)
  eden space 33280K, 97% used [0x00000000d5c00000,0x00000000d7bc8248,0x00000000d7c80000)
  from space 5120K, 99% used [0x00000000d8180000,0x00000000d867c070,0x00000000d8680000)
  to   space 5120K, 0% used [0x00000000d7c80000,0x00000000d7c80000,0x00000000d8180000)
 ParOldGen       total 87552K, used 24938K [0x0000000081400000, 0x0000000086980000, 0x00000000d5c00000)
  object space 87552K, 28% used [0x0000000081400000,0x0000000082c5aa10,0x0000000086980000)
 Metaspace       used 18524K, capacity 19142K, committed 19456K, reserved 1067008K
  class space    used 2513K, capacity 2720K, committed 2816K, reserved 1048576K
Event: 5.816 GC heap after
Heap after GC invocations=5 (full 0):
 PSYoungGen      total 37888K, used 5088K [0x00000000d5c00000, 0x00000000d9c00000, 0x0000000100000000)
  eden space 32768K, 0% used [0x00000000d5c00000,0x00000000d5c00000,0x00000000d7c00000)
  from space 5120K, 99% used [0x00000000d7c80000,0x00000000d8178060,0x00000000d8180000)
  to   space 16384K, 0% used [0x00000000d8c00000,0x00000000d8c00000,0x00000000d9c00000)
 ParOldGen       total 87552K, used 30194K [0x0000000081400000, 0x0000000086980000, 0x00000000d5c00000)
  object space 87552K, 34% used [0x0000000081400000,0x000000008317ca80,0x0000000086980000)
 Metaspace       used 18524K, capacity 19142K, committed 19456K, reserved 1067008K
  class space    used 2513K, capacity 2720K, committed 2816K, reserved 1048576K
}
Event: 6.401 GC heap before
{Heap before GC invocations=6 (full 0):
 PSYoungGen      total 37888K, used 37277K [0x00000000d5c00000, 0x00000000d9c00000, 0x0000000100000000)
  eden space 32768K, 98% used [0x00000000d5c00000,0x00000000d7b6f5d8,0x00000000d7c00000)
  from space 5120K, 99% used [0x00000000d7c80000,0x00000000d8178060,0x00000000d8180000)
  to   space 16384K, 0% used [0x00000000d8c00000,0x00000000d8c00000,0x00000000d9c00000)
 ParOldGen       total 87552K, used 30194K [0x0000000081400000, 0x0000000086980000, 0x00000000d5c00000)
  object space 87552K, 34% used [0x0000000081400000,0x000000008317ca80,0x0000000086980000)
 Metaspace       used 18544K, capacity 19142K, committed 19456K, reserved 1067008K
  class space    used 2513K, capacity 2720K, committed 2816K, reserved 1048576K
Event: 6.406 GC heap after
Heap after GC invocations=6 (full 0):
 PSYoungGen      total 48640K, used 13796K [0x00000000d5c00000, 0x00000000d9c80000, 0x0000000100000000)
  eden space 32256K, 0% used [0x00000000d5c00000,0x00000000d5c00000,0x00000000d7b80000)
  from space 16384K, 84% used [0x00000000d8c00000,0x00000000d99790f0,0x00000000d9c00000)
  to   space 16896K, 0% used [0x00000000d7b80000,0x00000000d7b80000,0x00000000d8c00000)
 ParOldGen       total 87552K, used 30194K [0x0000000081400000, 0x0000000086980000, 0x00000000d5c00000)
  object space 87552K, 34% used [0x0000000081400000,0x000000008317ca80,0x0000000086980000)
 Metaspace       used 18544K, capacity 19142K, committed 19456K, reserved 1067008K
  class space    used 2513K, capacity 2720K, committed 2816K, reserved 1048576K
}

