# JRE version: Java(TM) SE Runtime Environment (8.0_91-b14) (build 1.8.0_91-b14)
# Java VM: Java HotSpot(TM) 64-Bit Server VM (25.91-b14 mixed mode windows-amd64 compressed oops)
Heap:
 PSYoungGen      total 504832K, used 166737K [0x00000000d6e00000, 0x0000000100000000, 0x0000000100000000)
  eden space 348672K, 3% used [0x00000000d6e00000,0x00000000d78cf420,0x00000000ec280000)
  from space 156160K, 99% used [0x00000000ec280000,0x00000000f5a851f0,0x00000000f5b00000)
  to   space 164864K, 0% used [0x00000000f5f00000,0x00000000f5f00000,0x0000000100000000)
 ParOldGen       total 337920K, used 336546K [0x0000000084a00000, 0x0000000099400000, 0x00000000d6e00000)
  object space 337920K, 99% used [0x0000000084a00000,0x00000000992a8bc8,0x0000000099400000)
 Metaspace       used 22222K, capacity 22818K, committed 22912K, reserved 1069056K
  class space    used 2724K, capacity 2912K, committed 2944K, reserved 1048576K
GC Heap History (10 events):
Event: 80.461 GC heap before
{Heap before GC invocations=93 (full 4):
 PSYoungGen      total 507392K, used 493404K [0x00000000d6e00000, 0x0000000100000000, 0x0000000100000000)
  eden space 344064K, 99% used [0x00000000d6e00000,0x00000000ebcfff50,0x00000000ebe00000)
  from space 163328K, 92% used [0x00000000f6080000,0x00000000ff357170,0x0000000100000000)
  to   space 164864K, 0% used [0x00000000ebe00000,0x00000000ebe00000,0x00000000f5f00000)
 ParOldGen       total 337920K, used 336458K [0x0000000084a00000, 0x0000000099400000, 0x00000000d6e00000)
  object space 337920K, 99% used [0x0000000084a00000,0x0000000099292bc8,0x0000000099400000)
 Metaspace       used 22216K, capacity 22818K, committed 22912K, reserved 1069056K
  class space    used 2724K, capacity 2912K, committed 2944K, reserved 1048576K
Event: 80.494 GC heap after
Heap after GC invocations=93 (full 4):
 PSYoungGen      total 486400K, used 142216K [0x00000000d6e00000, 0x00000000ffc80000, 0x0000000100000000)
  eden space 344064K, 0% used [0x00000000d6e00000,0x00000000d6e00000,0x00000000ebe00000)
  from space 142336K, 99% used [0x00000000ebe00000,0x00000000f48e2080,0x00000000f4900000)
  to   space 162304K, 0% used [0x00000000f5e00000,0x00000000f5e00000,0x00000000ffc80000)
 ParOldGen       total 337920K, used 336474K [0x0000000084a00000, 0x0000000099400000, 0x00000000d6e00000)
  object space 337920K, 99% used [0x0000000084a00000,0x0000000099296bc8,0x0000000099400000)
 Metaspace       used 22216K, capacity 22818K, committed 22912K, reserved 1069056K
  class space    used 2724K, capacity 2912K, committed 2944K, reserved 1048576K
}
Event: 81.482 GC heap before
{Heap before GC invocations=94 (full 4):
 PSYoungGen      total 486400K, used 485304K [0x00000000d6e00000, 0x00000000ffc80000, 0x0000000100000000)
  eden space 344064K, 99% used [0x00000000d6e00000,0x00000000ebd0c270,0x00000000ebe00000)
  from space 142336K, 99% used [0x00000000ebe00000,0x00000000f48e2080,0x00000000f4900000)
  to   space 162304K, 0% used [0x00000000f5e00000,0x00000000f5e00000,0x00000000ffc80000)
 ParOldGen       total 337920K, used 336474K [0x0000000084a00000, 0x0000000099400000, 0x00000000d6e00000)
  object space 337920K, 99% used [0x0000000084a00000,0x0000000099296bc8,0x0000000099400000)
 Metaspace       used 22222K, capacity 22818K, committed 22912K, reserved 1069056K
  class space    used 2724K, capacity 2912K, committed 2944K, reserved 1048576K
Event: 81.515 GC heap after
Heap after GC invocations=94 (full 4):
 PSYoungGen      total 507392K, used 147776K [0x00000000d6e00000, 0x0000000100000000, 0x0000000100000000)
  eden space 345088K, 0% used [0x00000000d6e00000,0x00000000d6e00000,0x00000000ebf00000)
  from space 162304K, 91% used [0x00000000f5e00000,0x00000000fee50100,0x00000000ffc80000)
  to   space 162816K, 0% used [0x00000000ebf00000,0x00000000ebf00000,0x00000000f5e00000)
 ParOldGen       total 337920K, used 336490K [0x0000000084a00000, 0x0000000099400000, 0x00000000d6e00000)
  object space 337920K, 99% used [0x0000000084a00000,0x000000009929abc8,0x0000000099400000)
 Metaspace       used 22222K, capacity 22818K, committed 22912K, reserved 1069056K
  class space    used 2724K, capacity 2912K, committed 2944K, reserved 1048576K
}
Event: 82.517 GC heap before
{Heap before GC invocations=95 (full 4):
 PSYoungGen      total 507392K, used 491915K [0x00000000d6e00000, 0x0000000100000000, 0x0000000100000000)
  eden space 345088K, 99% used [0x00000000d6e00000,0x00000000ebe12e58,0x00000000ebf00000)
  from space 162304K, 91% used [0x00000000f5e00000,0x00000000fee50100,0x00000000ffc80000)
  to   space 162816K, 0% used [0x00000000ebf00000,0x00000000ebf00000,0x00000000f5e00000)
 ParOldGen       total 337920K, used 336490K [0x0000000084a00000, 0x0000000099400000, 0x00000000d6e00000)
  object space 337920K, 99% used [0x0000000084a00000,0x000000009929abc8,0x0000000099400000)
 Metaspace       used 22222K, capacity 22818K, committed 22912K, reserved 1069056K
  class space    used 2724K, capacity 2912K, committed 2944K, reserved 1048576K
Event: 82.550 GC heap after
Heap after GC invocations=95 (full 4):
 PSYoungGen      total 507904K, used 147728K [0x00000000d6e00000, 0x00000000fff80000, 0x0000000100000000)
  eden space 345088K, 0% used [0x00000000d6e00000,0x00000000d6e00000,0x00000000ebf00000)
  from space 162816K, 90% used [0x00000000ebf00000,0x00000000f4f44100,0x00000000f5e00000)
  to   space 162304K, 0% used [0x00000000f6100000,0x00000000f6100000,0x00000000fff80000)
 ParOldGen       total 337920K, used 336506K [0x0000000084a00000, 0x0000000099400000, 0x00000000d6e00000)
  object space 337920K, 99% used [0x0000000084a00000,0x000000009929ebc8,0x0000000099400000)
 Metaspace       used 22222K, capacity 22818K, committed 22912K, reserved 1069056K
  class space    used 2724K, capacity 2912K, committed 2944K, reserved 1048576K
}
Event: 83.526 GC heap before
{Heap before GC invocations=96 (full 4):
 PSYoungGen      total 507904K, used 490293K [0x00000000d6e00000, 0x00000000fff80000, 0x0000000100000000)
  eden space 345088K, 99% used [0x00000000d6e00000,0x00000000ebc89458,0x00000000ebf00000)
  from space 162816K, 90% used [0x00000000ebf00000,0x00000000f4f44100,0x00000000f5e00000)
  to   space 162304K, 0% used [0x00000000f6100000,0x00000000f6100000,0x00000000fff80000)
 ParOldGen       total 337920K, used 336506K [0x0000000084a00000, 0x0000000099400000, 0x00000000d6e00000)
  object space 337920K, 99% used [0x0000000084a00000,0x000000009929ebc8,0x0000000099400000)
 Metaspace       used 22222K, capacity 22818K, committed 22912K, reserved 1069056K
  class space    used 2724K, capacity 2912K, committed 2944K, reserved 1048576K
Event: 83.563 GC heap after
Heap after GC invocations=96 (full 4):
 PSYoungGen      total 510976K, used 147600K [0x00000000d6e00000, 0x00000000fff80000, 0x0000000100000000)
  eden space 348672K, 0% used [0x00000000d6e00000,0x00000000d6e00000,0x00000000ec280000)
  from space 162304K, 90% used [0x00000000f6100000,0x00000000ff124120,0x00000000fff80000)
  to   space 162304K, 0% used [0x00000000ec280000,0x00000000ec280000,0x00000000f6100000)
 ParOldGen       total 337920K, used 336522K [0x0000000084a00000, 0x0000000099400000, 0x00000000d6e00000)
  object space 337920K, 99% used [0x0000000084a00000,0x00000000992a2bc8,0x0000000099400000)
 Metaspace       used 22222K, capacity 22818K, committed 22912K, reserved 1069056K
  class space    used 2724K, capacity 2912K, committed 2944K, reserved 1048576K
}
Event: 84.558 GC heap before
{Heap before GC invocations=97 (full 4):
 PSYoungGen      total 510976K, used 495878K [0x00000000d6e00000, 0x00000000fff80000, 0x0000000100000000)
  eden space 348672K, 99% used [0x00000000d6e00000,0x00000000ec21d8e0,0x00000000ec280000)
  from space 162304K, 90% used [0x00000000f6100000,0x00000000ff124120,0x00000000fff80000)
  to   space 162304K, 0% used [0x00000000ec280000,0x00000000ec280000,0x00000000f6100000)
 ParOldGen       total 337920K, used 336522K [0x0000000084a00000, 0x0000000099400000, 0x00000000d6e00000)
  object space 337920K, 99% used [0x0000000084a00000,0x00000000992a2bc8,0x0000000099400000)
 Metaspace       used 22222K, capacity 22818K, committed 22912K, reserved 1069056K
  class space    used 2724K, capacity 2912K, committed 2944K, reserved 1048576K
Event: 84.593 GC heap after
Heap after GC invocations=97 (full 4):
 PSYoungGen      total 504832K, used 155668K [0x00000000d6e00000, 0x0000000100000000, 0x0000000100000000)
  eden space 348672K, 0% used [0x00000000d6e00000,0x00000000d6e00000,0x00000000ec280000)
  from space 156160K, 99% used [0x00000000ec280000,0x00000000f5a851f0,0x00000000f5b00000)
  to   space 164864K, 0% used [0x00000000f5f00000,0x00000000f5f00000,0x0000000100000000)
 ParOldGen       total 337920K, used 336546K [0x0000000084a00000, 0x0000000099400000, 0x00000000d6e00000)
  object space 337920K, 99% used [0x0000000084a00000,0x00000000992a8bc8,0x0000000099400000)
 Metaspace       used 22222K, capacity 22818K, committed 22912K, reserved 1069056K
  class space    used 2724K, capacity 2912K, committed 2944K, reserved 1048576K
}

