# JRE version: Java(TM) SE Runtime Environment (8.0_91-b14) (build 1.8.0_91-b14)
# Java VM: Java HotSpot(TM) 64-Bit Server VM (25.91-b14 mixed mode windows-amd64 compressed oops)
Heap:
 PSYoungGen      total 513536K, used 150199K [0x00000000d6e00000, 0x00000000fff00000, 0x0000000100000000)
  eden space 355328K, 5% used [0x00000000d6e00000,0x00000000d821d058,0x00000000ec900000)
  from space 158208K, 83% used [0x00000000f6480000,0x00000000fe5b3eb0,0x00000000fff00000)
  to   space 158720K, 0% used [0x00000000ec900000,0x00000000ec900000,0x00000000f6400000)
 ParOldGen       total 317952K, used 255997K [0x0000000084a00000, 0x0000000098080000, 0x00000000d6e00000)
  object space 317952K, 80% used [0x0000000084a00000,0x00000000943ff6d0,0x0000000098080000)
 Metaspace       used 22692K, capacity 23288K, committed 23424K, reserved 1069056K
  class space    used 2749K, capacity 2915K, committed 2944K, reserved 1048576K
GC Heap History (10 events):
Event: 53.851 GC heap before
{Heap before GC invocations=69 (full 5):
 PSYoungGen      total 481792K, used 440501K [0x00000000d6e00000, 0x00000000fee80000, 0x0000000100000000)
  eden space 315392K, 99% used [0x00000000d6e00000,0x00000000ea18cfa8,0x00000000ea200000)
  from space 166400K, 75% used [0x00000000ea200000,0x00000000f1ca0778,0x00000000f4480000)
  to   space 163328K, 0% used [0x00000000f4f00000,0x00000000f4f00000,0x00000000fee80000)
 ParOldGen       total 317952K, used 255845K [0x0000000084a00000, 0x0000000098080000, 0x00000000d6e00000)
  object space 317952K, 80% used [0x0000000084a00000,0x00000000943d96c0,0x0000000098080000)
 Metaspace       used 22675K, capacity 23224K, committed 23424K, reserved 1069056K
  class space    used 2749K, capacity 2915K, committed 2944K, reserved 1048576K
Event: 53.878 GC heap after
Heap after GC invocations=69 (full 5):
 PSYoungGen      total 485376K, used 124242K [0x00000000d6e00000, 0x00000000fe780000, 0x0000000100000000)
  eden space 329216K, 0% used [0x00000000d6e00000,0x00000000d6e00000,0x00000000eaf80000)
  from space 156160K, 79% used [0x00000000f4f00000,0x00000000fc8548b8,0x00000000fe780000)
  to   space 159744K, 0% used [0x00000000eaf80000,0x00000000eaf80000,0x00000000f4b80000)
 ParOldGen       total 317952K, used 255877K [0x0000000084a00000, 0x0000000098080000, 0x00000000d6e00000)
  object space 317952K, 80% used [0x0000000084a00000,0x00000000943e16c0,0x0000000098080000)
 Metaspace       used 22675K, capacity 23224K, committed 23424K, reserved 1069056K
  class space    used 2749K, capacity 2915K, committed 2944K, reserved 1048576K
}
Event: 54.661 GC heap before
{Heap before GC invocations=70 (full 5):
 PSYoungGen      total 485376K, used 451407K [0x00000000d6e00000, 0x00000000fe780000, 0x0000000100000000)
  eden space 329216K, 99% used [0x00000000d6e00000,0x00000000ead7f480,0x00000000eaf80000)
  from space 156160K, 79% used [0x00000000f4f00000,0x00000000fc8548b8,0x00000000fe780000)
  to   space 159744K, 0% used [0x00000000eaf80000,0x00000000eaf80000,0x00000000f4b80000)
 ParOldGen       total 317952K, used 255877K [0x0000000084a00000, 0x0000000098080000, 0x00000000d6e00000)
  object space 317952K, 80% used [0x0000000084a00000,0x00000000943e16c0,0x0000000098080000)
 Metaspace       used 22676K, capacity 23224K, committed 23424K, reserved 1069056K
  class space    used 2749K, capacity 2915K, committed 2944K, reserved 1048576K
Event: 54.692 GC heap after
Heap after GC invocations=70 (full 5):
 PSYoungGen      total 488960K, used 135929K [0x00000000d6e00000, 0x00000000ff880000, 0x0000000100000000)
  eden space 329216K, 0% used [0x00000000d6e00000,0x00000000d6e00000,0x00000000eaf80000)
  from space 159744K, 85% used [0x00000000eaf80000,0x00000000f343e6f0,0x00000000f4b80000)
  to   space 161280K, 0% used [0x00000000f5b00000,0x00000000f5b00000,0x00000000ff880000)
 ParOldGen       total 317952K, used 255917K [0x0000000084a00000, 0x0000000098080000, 0x00000000d6e00000)
  object space 317952K, 80% used [0x0000000084a00000,0x00000000943eb6d0,0x0000000098080000)
 Metaspace       used 22676K, capacity 23224K, committed 23424K, reserved 1069056K
  class space    used 2749K, capacity 2915K, committed 2944K, reserved 1048576K
}
Event: 55.475 GC heap before
{Heap before GC invocations=71 (full 5):
 PSYoungGen      total 488960K, used 462603K [0x00000000d6e00000, 0x00000000ff880000, 0x0000000100000000)
  eden space 329216K, 99% used [0x00000000d6e00000,0x00000000ead04840,0x00000000eaf80000)
  from space 159744K, 85% used [0x00000000eaf80000,0x00000000f343e6f0,0x00000000f4b80000)
  to   space 161280K, 0% used [0x00000000f5b00000,0x00000000f5b00000,0x00000000ff880000)
 ParOldGen       total 317952K, used 255917K [0x0000000084a00000, 0x0000000098080000, 0x00000000d6e00000)
  object space 317952K, 80% used [0x0000000084a00000,0x00000000943eb6d0,0x0000000098080000)
 Metaspace       used 22676K, capacity 23224K, committed 23424K, reserved 1069056K
  class space    used 2749K, capacity 2915K, committed 2944K, reserved 1048576K
Event: 55.506 GC heap after
Heap after GC invocations=71 (full 5):
 PSYoungGen      total 500736K, used 129176K [0x00000000d6e00000, 0x00000000ff480000, 0x0000000100000000)
  eden space 343552K, 0% used [0x00000000d6e00000,0x00000000d6e00000,0x00000000ebd80000)
  from space 157184K, 82% used [0x00000000f5b00000,0x00000000fd9260f8,0x00000000ff480000)
  to   space 159232K, 0% used [0x00000000ebd80000,0x00000000ebd80000,0x00000000f5900000)
 ParOldGen       total 317952K, used 255941K [0x0000000084a00000, 0x0000000098080000, 0x00000000d6e00000)
  object space 317952K, 80% used [0x0000000084a00000,0x00000000943f16d0,0x0000000098080000)
 Metaspace       used 22676K, capacity 23224K, committed 23424K, reserved 1069056K
  class space    used 2749K, capacity 2915K, committed 2944K, reserved 1048576K
}
Event: 56.301 GC heap before
{Heap before GC invocations=72 (full 5):
 PSYoungGen      total 500736K, used 469328K [0x00000000d6e00000, 0x00000000ff480000, 0x0000000100000000)
  eden space 343552K, 99% used [0x00000000d6e00000,0x00000000eba2df10,0x00000000ebd80000)
  from space 157184K, 82% used [0x00000000f5b00000,0x00000000fd9260f8,0x00000000ff480000)
  to   space 159232K, 0% used [0x00000000ebd80000,0x00000000ebd80000,0x00000000f5900000)
 ParOldGen       total 317952K, used 255941K [0x0000000084a00000, 0x0000000098080000, 0x00000000d6e00000)
  object space 317952K, 80% used [0x0000000084a00000,0x00000000943f16d0,0x0000000098080000)
 Metaspace       used 22676K, capacity 23224K, committed 23424K, reserved 1069056K
  class space    used 2749K, capacity 2915K, committed 2944K, reserved 1048576K
Event: 56.332 GC heap after
Heap after GC invocations=72 (full 5):
 PSYoungGen      total 502784K, used 133675K [0x00000000d6e00000, 0x0000000100000000, 0x0000000100000000)
  eden space 343552K, 0% used [0x00000000d6e00000,0x00000000d6e00000,0x00000000ebd80000)
  from space 159232K, 83% used [0x00000000ebd80000,0x00000000f400aeb0,0x00000000f5900000)
  to   space 159232K, 0% used [0x00000000f6480000,0x00000000f6480000,0x0000000100000000)
 ParOldGen       total 317952K, used 255973K [0x0000000084a00000, 0x0000000098080000, 0x00000000d6e00000)
  object space 317952K, 80% used [0x0000000084a00000,0x00000000943f96d0,0x0000000098080000)
 Metaspace       used 22676K, capacity 23224K, committed 23424K, reserved 1069056K
  class space    used 2749K, capacity 2915K, committed 2944K, reserved 1048576K
}
Event: 57.157 GC heap before
{Heap before GC invocations=73 (full 5):
 PSYoungGen      total 502784K, used 475169K [0x00000000d6e00000, 0x0000000100000000, 0x0000000100000000)
  eden space 343552K, 99% used [0x00000000d6e00000,0x00000000ebb7d8a0,0x00000000ebd80000)
  from space 159232K, 83% used [0x00000000ebd80000,0x00000000f400aeb0,0x00000000f5900000)
  to   space 159232K, 0% used [0x00000000f6480000,0x00000000f6480000,0x0000000100000000)
 ParOldGen       total 317952K, used 255973K [0x0000000084a00000, 0x0000000098080000, 0x00000000d6e00000)
  object space 317952K, 80% used [0x0000000084a00000,0x00000000943f96d0,0x0000000098080000)
 Metaspace       used 22692K, capacity 23288K, committed 23424K, reserved 1069056K
  class space    used 2749K, capacity 2915K, committed 2944K, reserved 1048576K
Event: 57.190 GC heap after
Heap after GC invocations=73 (full 5):
 PSYoungGen      total 513536K, used 132303K [0x00000000d6e00000, 0x00000000fff00000, 0x0000000100000000)
  eden space 355328K, 0% used [0x00000000d6e00000,0x00000000d6e00000,0x00000000ec900000)
  from space 158208K, 83% used [0x00000000f6480000,0x00000000fe5b3eb0,0x00000000fff00000)
  to   space 158720K, 0% used [0x00000000ec900000,0x00000000ec900000,0x00000000f6400000)
 ParOldGen       total 317952K, used 255997K [0x0000000084a00000, 0x0000000098080000, 0x00000000d6e00000)
  object space 317952K, 80% used [0x0000000084a00000,0x00000000943ff6d0,0x0000000098080000)
 Metaspace       used 22692K, capacity 23288K, committed 23424K, reserved 1069056K
  class space    used 2749K, capacity 2915K, committed 2944K, reserved 1048576K
}

