# JRE version: Java(TM) SE Runtime Environment (8.0_91-b14) (build 1.8.0_91-b14)
# Java VM: Java HotSpot(TM) 64-Bit Server VM (25.91-b14 mixed mode windows-amd64 compressed oops)
Heap:
 PSYoungGen      total 492544K, used 153799K [0x00000000d6e00000, 0x0000000100000000, 0x0000000100000000)
  eden space 315904K, 1% used [0x00000000d6e00000,0x00000000d72d6480,0x00000000ea280000)
  from space 176640K, 84% used [0x00000000ea280000,0x00000000f33db828,0x00000000f4f00000)
  to   space 176640K, 0% used [0x00000000f5380000,0x00000000f5380000,0x0000000100000000)
 ParOldGen       total 335360K, used 240837K [0x0000000084a00000, 0x0000000099180000, 0x00000000d6e00000)
  object space 335360K, 71% used [0x0000000084a00000,0x00000000935314f0,0x0000000099180000)
 Metaspace       used 25479K, capacity 26096K, committed 26240K, reserved 1073152K
  class space    used 3148K, capacity 3341K, committed 3456K, reserved 1048576K
GC Heap History (10 events):
Event: 88.337 GC heap before
{Heap before GC invocations=93 (full 6):
 PSYoungGen      total 488960K, used 473512K [0x00000000d6e00000, 0x0000000100000000, 0x0000000100000000)
  eden space 308224K, 99% used [0x00000000d6e00000,0x00000000e99dc2f8,0x00000000e9b00000)
  from space 180736K, 92% used [0x00000000f4c00000,0x00000000fee8ddb0,0x00000000ffc80000)
  to   space 181248K, 0% used [0x00000000e9b00000,0x00000000e9b00000,0x00000000f4c00000)
 ParOldGen       total 335360K, used 187606K [0x0000000084a00000, 0x0000000099180000, 0x00000000d6e00000)
  object space 335360K, 55% used [0x0000000084a00000,0x0000000090135a18,0x0000000099180000)
 Metaspace       used 25461K, capacity 26096K, committed 26240K, reserved 1073152K
  class space    used 3148K, capacity 3341K, committed 3456K, reserved 1048576K
Event: 88.375 GC heap after
Heap after GC invocations=93 (full 6):
 PSYoungGen      total 489472K, used 163171K [0x00000000d6e00000, 0x00000000ffd80000, 0x0000000100000000)
  eden space 308224K, 0% used [0x00000000d6e00000,0x00000000d6e00000,0x00000000e9b00000)
  from space 181248K, 90% used [0x00000000e9b00000,0x00000000f3a58e28,0x00000000f4c00000)
  to   space 179712K, 0% used [0x00000000f4e00000,0x00000000f4e00000,0x00000000ffd80000)
 ParOldGen       total 335360K, used 187630K [0x0000000084a00000, 0x0000000099180000, 0x00000000d6e00000)
  object space 335360K, 55% used [0x0000000084a00000,0x000000009013ba18,0x0000000099180000)
 Metaspace       used 25461K, capacity 26096K, committed 26240K, reserved 1073152K
  class space    used 3148K, capacity 3341K, committed 3456K, reserved 1048576K
}
Event: 89.375 GC heap before
{Heap before GC invocations=94 (full 6):
 PSYoungGen      total 489472K, used 468343K [0x00000000d6e00000, 0x00000000ffd80000, 0x0000000100000000)
  eden space 308224K, 99% used [0x00000000d6e00000,0x00000000e9804e60,0x00000000e9b00000)
  from space 181248K, 90% used [0x00000000e9b00000,0x00000000f3a58e28,0x00000000f4c00000)
  to   space 179712K, 0% used [0x00000000f4e00000,0x00000000f4e00000,0x00000000ffd80000)
 ParOldGen       total 335360K, used 187630K [0x0000000084a00000, 0x0000000099180000, 0x00000000d6e00000)
  object space 335360K, 55% used [0x0000000084a00000,0x000000009013ba18,0x0000000099180000)
 Metaspace       used 25461K, capacity 26096K, committed 26240K, reserved 1073152K
  class space    used 3148K, capacity 3341K, committed 3456K, reserved 1048576K
Event: 89.414 GC heap after
Heap after GC invocations=94 (full 6):
 PSYoungGen      total 491520K, used 151793K [0x00000000d6e00000, 0x00000000ffe80000, 0x0000000100000000)
  eden space 311808K, 0% used [0x00000000d6e00000,0x00000000d6e00000,0x00000000e9e80000)
  from space 179712K, 84% used [0x00000000f4e00000,0x00000000fe23c478,0x00000000ffd80000)
  to   space 179712K, 0% used [0x00000000e9e80000,0x00000000e9e80000,0x00000000f4e00000)
 ParOldGen       total 335360K, used 187662K [0x0000000084a00000, 0x0000000099180000, 0x00000000d6e00000)
  object space 335360K, 55% used [0x0000000084a00000,0x0000000090143a18,0x0000000099180000)
 Metaspace       used 25461K, capacity 26096K, committed 26240K, reserved 1073152K
  class space    used 3148K, capacity 3341K, committed 3456K, reserved 1048576K
}
Event: 90.466 GC heap before
{Heap before GC invocations=95 (full 6):
 PSYoungGen      total 491520K, used 462009K [0x00000000d6e00000, 0x00000000ffe80000, 0x0000000100000000)
  eden space 311808K, 99% used [0x00000000d6e00000,0x00000000e9cf1ff8,0x00000000e9e80000)
  from space 179712K, 84% used [0x00000000f4e00000,0x00000000fe23c478,0x00000000ffd80000)
  to   space 179712K, 0% used [0x00000000e9e80000,0x00000000e9e80000,0x00000000f4e00000)
 ParOldGen       total 335360K, used 187662K [0x0000000084a00000, 0x0000000099180000, 0x00000000d6e00000)
  object space 335360K, 55% used [0x0000000084a00000,0x0000000090143a18,0x0000000099180000)
 Metaspace       used 25463K, capacity 26096K, committed 26240K, reserved 1073152K
  class space    used 3148K, capacity 3341K, committed 3456K, reserved 1048576K
Event: 90.502 GC heap after
Heap after GC invocations=95 (full 6):
 PSYoungGen      total 491520K, used 157302K [0x00000000d6e00000, 0x00000000ffd00000, 0x0000000100000000)
  eden space 311808K, 0% used [0x00000000d6e00000,0x00000000d6e00000,0x00000000e9e80000)
  from space 179712K, 87% used [0x00000000e9e80000,0x00000000f381dbe8,0x00000000f4e00000)
  to   space 178176K, 0% used [0x00000000f4f00000,0x00000000f4f00000,0x00000000ffd00000)
 ParOldGen       total 335360K, used 187694K [0x0000000084a00000, 0x0000000099180000, 0x00000000d6e00000)
  object space 335360K, 55% used [0x0000000084a00000,0x000000009014ba18,0x0000000099180000)
 Metaspace       used 25463K, capacity 26096K, committed 26240K, reserved 1073152K
  class space    used 3148K, capacity 3341K, committed 3456K, reserved 1048576K
}
Event: 91.568 GC heap before
{Heap before GC invocations=96 (full 6):
 PSYoungGen      total 491520K, used 469066K [0x00000000d6e00000, 0x00000000ffd00000, 0x0000000100000000)
  eden space 311808K, 99% used [0x00000000d6e00000,0x00000000e9e74d20,0x00000000e9e80000)
  from space 179712K, 87% used [0x00000000e9e80000,0x00000000f381dbe8,0x00000000f4e00000)
  to   space 178176K, 0% used [0x00000000f4f00000,0x00000000f4f00000,0x00000000ffd00000)
 ParOldGen       total 335360K, used 191744K [0x0000000084a00000, 0x0000000099180000, 0x00000000d6e00000)
  object space 335360K, 57% used [0x0000000084a00000,0x0000000090540268,0x0000000099180000)
 Metaspace       used 25479K, capacity 26096K, committed 26240K, reserved 1073152K
  class space    used 3148K, capacity 3341K, committed 3456K, reserved 1048576K
Event: 91.609 GC heap after
Heap after GC invocations=96 (full 6):
 PSYoungGen      total 492544K, used 160081K [0x00000000d6e00000, 0x00000000ffb80000, 0x0000000100000000)
  eden space 315904K, 0% used [0x00000000d6e00000,0x00000000d6e00000,0x00000000ea280000)
  from space 176640K, 90% used [0x00000000f4f00000,0x00000000feb545b0,0x00000000ffb80000)
  to   space 176640K, 0% used [0x00000000ea280000,0x00000000ea280000,0x00000000f4f00000)
 ParOldGen       total 335360K, used 191768K [0x0000000084a00000, 0x0000000099180000, 0x00000000d6e00000)
  object space 335360K, 57% used [0x0000000084a00000,0x0000000090546268,0x0000000099180000)
 Metaspace       used 25479K, capacity 26096K, committed 26240K, reserved 1073152K
  class space    used 3148K, capacity 3341K, committed 3456K, reserved 1048576K
}
Event: 92.839 GC heap before
{Heap before GC invocations=97 (full 6):
 PSYoungGen      total 492544K, used 475985K [0x00000000d6e00000, 0x00000000ffb80000, 0x0000000100000000)
  eden space 315904K, 100% used [0x00000000d6e00000,0x00000000ea280000,0x00000000ea280000)
  from space 176640K, 90% used [0x00000000f4f00000,0x00000000feb545b0,0x00000000ffb80000)
  to   space 176640K, 0% used [0x00000000ea280000,0x00000000ea280000,0x00000000f4f00000)
 ParOldGen       total 335360K, used 240821K [0x0000000084a00000, 0x0000000099180000, 0x00000000d6e00000)
  object space 335360K, 71% used [0x0000000084a00000,0x000000009352d4f0,0x0000000099180000)
 Metaspace       used 25479K, capacity 26096K, committed 26240K, reserved 1073152K
  class space    used 3148K, capacity 3341K, committed 3456K, reserved 1048576K
Event: 92.874 GC heap after
Heap after GC invocations=97 (full 6):
 PSYoungGen      total 492544K, used 148846K [0x00000000d6e00000, 0x0000000100000000, 0x0000000100000000)
  eden space 315904K, 0% used [0x00000000d6e00000,0x00000000d6e00000,0x00000000ea280000)
  from space 176640K, 84% used [0x00000000ea280000,0x00000000f33db828,0x00000000f4f00000)
  to   space 176640K, 0% used [0x00000000f5380000,0x00000000f5380000,0x0000000100000000)
 ParOldGen       total 335360K, used 240837K [0x0000000084a00000, 0x0000000099180000, 0x00000000d6e00000)
  object space 335360K, 71% used [0x0000000084a00000,0x00000000935314f0,0x0000000099180000)
 Metaspace       used 25479K, capacity 26096K, committed 26240K, reserved 1073152K
  class space    used 3148K, capacity 3341K, committed 3456K, reserved 1048576K
}

