# JRE version: Java(TM) SE Runtime Environment (8.0_91-b14) (build 1.8.0_91-b14)
# Java VM: Java HotSpot(TM) 64-Bit Server VM (25.91-b14 mixed mode windows-amd64 compressed oops)
Heap:
 PSYoungGen      total 492032K, used 145726K [0x00000000d6e00000, 0x00000000ff880000, 0x0000000100000000)
  eden space 320000K, 4% used [0x00000000d6e00000,0x00000000d7b78938,0x00000000ea680000)
  from space 172032K, 76% used [0x00000000f5080000,0x00000000fd156f90,0x00000000ff880000)
  to   space 173056K, 0% used [0x00000000ea680000,0x00000000ea680000,0x00000000f4f80000)
 ParOldGen       total 322048K, used 178459K [0x0000000084a00000, 0x0000000098480000, 0x00000000d6e00000)
  object space 322048K, 55% used [0x0000000084a00000,0x000000008f846e30,0x0000000098480000)
 Metaspace       used 25475K, capacity 26096K, committed 26496K, reserved 1073152K
  class space    used 3147K, capacity 3351K, committed 3456K, reserved 1048576K
GC Heap History (10 events):
Event: 43.438 GC heap before
{Heap before GC invocations=56 (full 6):
 PSYoungGen      total 493056K, used 461866K [0x00000000d6e00000, 0x0000000100000000, 0x0000000100000000)
  eden space 314368K, 100% used [0x00000000d6e00000,0x00000000ea100000,0x00000000ea100000)
  from space 178688K, 82% used [0x00000000ea100000,0x00000000f310a8e0,0x00000000f4f80000)
  to   space 180224K, 0% used [0x00000000f5000000,0x00000000f5000000,0x0000000100000000)
 ParOldGen       total 322048K, used 150450K [0x0000000084a00000, 0x0000000098480000, 0x00000000d6e00000)
  object space 322048K, 46% used [0x0000000084a00000,0x000000008dcec998,0x0000000098480000)
 Metaspace       used 25304K, capacity 25904K, committed 26240K, reserved 1073152K
  class space    used 3146K, capacity 3351K, committed 3456K, reserved 1048576K
Event: 43.476 GC heap after
Heap after GC invocations=56 (full 6):
 PSYoungGen      total 492544K, used 147000K [0x00000000d6e00000, 0x0000000100000000, 0x0000000100000000)
  eden space 312320K, 0% used [0x00000000d6e00000,0x00000000d6e00000,0x00000000e9f00000)
  from space 180224K, 81% used [0x00000000f5000000,0x00000000fdf8e090,0x0000000100000000)
  to   space 180736K, 0% used [0x00000000e9f00000,0x00000000e9f00000,0x00000000f4f80000)
 ParOldGen       total 322048K, used 150466K [0x0000000084a00000, 0x0000000098480000, 0x00000000d6e00000)
  object space 322048K, 46% used [0x0000000084a00000,0x000000008dcf0998,0x0000000098480000)
 Metaspace       used 25304K, capacity 25904K, committed 26240K, reserved 1073152K
  class space    used 3146K, capacity 3351K, committed 3456K, reserved 1048576K
}
Event: 44.448 GC heap before
{Heap before GC invocations=57 (full 6):
 PSYoungGen      total 492544K, used 459320K [0x00000000d6e00000, 0x0000000100000000, 0x0000000100000000)
  eden space 312320K, 100% used [0x00000000d6e00000,0x00000000e9f00000,0x00000000e9f00000)
  from space 180224K, 81% used [0x00000000f5000000,0x00000000fdf8e090,0x0000000100000000)
  to   space 180736K, 0% used [0x00000000e9f00000,0x00000000e9f00000,0x00000000f4f80000)
 ParOldGen       total 322048K, used 156768K [0x0000000084a00000, 0x0000000098480000, 0x00000000d6e00000)
  object space 322048K, 48% used [0x0000000084a00000,0x000000008e3183c8,0x0000000098480000)
 Metaspace       used 25334K, capacity 25904K, committed 26240K, reserved 1073152K
  class space    used 3147K, capacity 3351K, committed 3456K, reserved 1048576K
Event: 44.481 GC heap after
Heap after GC invocations=57 (full 6):
 PSYoungGen      total 452096K, used 139450K [0x00000000d6e00000, 0x00000000ffb80000, 0x0000000100000000)
  eden space 312320K, 0% used [0x00000000d6e00000,0x00000000d6e00000,0x00000000e9f00000)
  from space 139776K, 99% used [0x00000000e9f00000,0x00000000f272e8a0,0x00000000f2780000)
  to   space 178176K, 0% used [0x00000000f4d80000,0x00000000f4d80000,0x00000000ffb80000)
 ParOldGen       total 322048K, used 156784K [0x0000000084a00000, 0x0000000098480000, 0x00000000d6e00000)
  object space 322048K, 48% used [0x0000000084a00000,0x000000008e31c3c8,0x0000000098480000)
 Metaspace       used 25334K, capacity 25904K, committed 26240K, reserved 1073152K
  class space    used 3147K, capacity 3351K, committed 3456K, reserved 1048576K
}
Event: 45.406 GC heap before
{Heap before GC invocations=58 (full 6):
 PSYoungGen      total 452096K, used 449695K [0x00000000d6e00000, 0x00000000ffb80000, 0x0000000100000000)
  eden space 312320K, 99% used [0x00000000d6e00000,0x00000000e9cf9378,0x00000000e9f00000)
  from space 139776K, 99% used [0x00000000e9f00000,0x00000000f272e8a0,0x00000000f2780000)
  to   space 178176K, 0% used [0x00000000f4d80000,0x00000000f4d80000,0x00000000ffb80000)
 ParOldGen       total 322048K, used 156784K [0x0000000084a00000, 0x0000000098480000, 0x00000000d6e00000)
  object space 322048K, 48% used [0x0000000084a00000,0x000000008e31c3c8,0x0000000098480000)
 Metaspace       used 25361K, capacity 26032K, committed 26496K, reserved 1073152K
  class space    used 3147K, capacity 3351K, committed 3456K, reserved 1048576K
Event: 45.437 GC heap after
Heap after GC invocations=58 (full 6):
 PSYoungGen      total 491520K, used 144884K [0x00000000d6e00000, 0x0000000100000000, 0x0000000100000000)
  eden space 313344K, 0% used [0x00000000d6e00000,0x00000000d6e00000,0x00000000ea000000)
  from space 178176K, 81% used [0x00000000f4d80000,0x00000000fdafd040,0x00000000ffb80000)
  to   space 177664K, 0% used [0x00000000ea000000,0x00000000ea000000,0x00000000f4d80000)
 ParOldGen       total 322048K, used 156808K [0x0000000084a00000, 0x0000000098480000, 0x00000000d6e00000)
  object space 322048K, 48% used [0x0000000084a00000,0x000000008e3223c8,0x0000000098480000)
 Metaspace       used 25361K, capacity 26032K, committed 26496K, reserved 1073152K
  class space    used 3147K, capacity 3351K, committed 3456K, reserved 1048576K
}
Event: 46.374 GC heap before
{Heap before GC invocations=59 (full 6):
 PSYoungGen      total 491520K, used 457472K [0x00000000d6e00000, 0x0000000100000000, 0x0000000100000000)
  eden space 313344K, 99% used [0x00000000d6e00000,0x00000000e9f43240,0x00000000ea000000)
  from space 178176K, 81% used [0x00000000f4d80000,0x00000000fdafd040,0x00000000ffb80000)
  to   space 177664K, 0% used [0x00000000ea000000,0x00000000ea000000,0x00000000f4d80000)
 ParOldGen       total 322048K, used 159508K [0x0000000084a00000, 0x0000000098480000, 0x00000000d6e00000)
  object space 322048K, 49% used [0x0000000084a00000,0x000000008e5c53d8,0x0000000098480000)
 Metaspace       used 25362K, capacity 26032K, committed 26496K, reserved 1073152K
  class space    used 3147K, capacity 3351K, committed 3456K, reserved 1048576K
Event: 46.407 GC heap after
Heap after GC invocations=59 (full 6):
 PSYoungGen      total 491008K, used 143256K [0x00000000d6e00000, 0x00000000ffc80000, 0x0000000100000000)
  eden space 313344K, 0% used [0x00000000d6e00000,0x00000000d6e00000,0x00000000ea000000)
  from space 177664K, 80% used [0x00000000ea000000,0x00000000f2be6060,0x00000000f4d80000)
  to   space 176128K, 0% used [0x00000000f5080000,0x00000000f5080000,0x00000000ffc80000)
 ParOldGen       total 322048K, used 159532K [0x0000000084a00000, 0x0000000098480000, 0x00000000d6e00000)
  object space 322048K, 49% used [0x0000000084a00000,0x000000008e5cb3d8,0x0000000098480000)
 Metaspace       used 25362K, capacity 26032K, committed 26496K, reserved 1073152K
  class space    used 3147K, capacity 3351K, committed 3456K, reserved 1048576K
}
Event: 47.702 GC heap before
{Heap before GC invocations=60 (full 6):
 PSYoungGen      total 491008K, used 456600K [0x00000000d6e00000, 0x00000000ffc80000, 0x0000000100000000)
  eden space 313344K, 100% used [0x00000000d6e00000,0x00000000ea000000,0x00000000ea000000)
  from space 177664K, 80% used [0x00000000ea000000,0x00000000f2be6060,0x00000000f4d80000)
  to   space 176128K, 0% used [0x00000000f5080000,0x00000000f5080000,0x00000000ffc80000)
 ParOldGen       total 322048K, used 178435K [0x0000000084a00000, 0x0000000098480000, 0x00000000d6e00000)
  object space 322048K, 55% used [0x0000000084a00000,0x000000008f840e30,0x0000000098480000)
 Metaspace       used 25475K, capacity 26096K, committed 26496K, reserved 1073152K
  class space    used 3147K, capacity 3351K, committed 3456K, reserved 1048576K
Event: 47.734 GC heap after
Heap after GC invocations=60 (full 6):
 PSYoungGen      total 492032K, used 131931K [0x00000000d6e00000, 0x00000000ff880000, 0x0000000100000000)
  eden space 320000K, 0% used [0x00000000d6e00000,0x00000000d6e00000,0x00000000ea680000)
  from space 172032K, 76% used [0x00000000f5080000,0x00000000fd156f90,0x00000000ff880000)
  to   space 173056K, 0% used [0x00000000ea680000,0x00000000ea680000,0x00000000f4f80000)
 ParOldGen       total 322048K, used 178459K [0x0000000084a00000, 0x0000000098480000, 0x00000000d6e00000)
  object space 322048K, 55% used [0x0000000084a00000,0x000000008f846e30,0x0000000098480000)
 Metaspace       used 25475K, capacity 26096K, committed 26496K, reserved 1073152K
  class space    used 3147K, capacity 3351K, committed 3456K, reserved 1048576K
}

