# JRE version: Java(TM) SE Runtime Environment (8.0_45-b15) (build 1.8.0_45-b15)
# Java VM: Java HotSpot(TM) 64-Bit Server VM (25.45-b02 mixed mode windows-amd64 compressed oops)
Heap:
 PSYoungGen      total 501760K, used 142144K [0x00000000d5c00000, 0x00000000ffe80000, 0x0000000100000000)
  eden space 308736K, 4% used [0x00000000d5c00000,0x00000000d6a7a5d0,0x00000000e8980000)
  from space 193024K, 65% used [0x00000000f4200000,0x00000000fbe55de8,0x00000000ffe80000)
  to   space 188928K, 0% used [0x00000000e8980000,0x00000000e8980000,0x00000000f4200000)
 ParOldGen       total 388608K, used 217803K [0x0000000081400000, 0x0000000098f80000, 0x00000000d5c00000)
  object space 388608K, 56% used [0x0000000081400000,0x000000008e8b2da8,0x0000000098f80000)
 Metaspace       used 25035K, capacity 25574K, committed 25856K, reserved 1071104K
  class space    used 3118K, capacity 3306K, committed 3328K, reserved 1048576K
GC Heap History (10 events):
Event: 36.065 GC heap before
{Heap before GC invocations=54 (full 10):
 PSYoungGen      total 478720K, used 405134K [0x00000000d5c00000, 0x00000000ffb80000, 0x0000000100000000)
  eden space 279552K, 99% used [0x00000000d5c00000,0x00000000e6b026e0,0x00000000e6d00000)
  from space 199168K, 64% used [0x00000000e6d00000,0x00000000ee9a1310,0x00000000f2f80000)
  to   space 195584K, 0% used [0x00000000f3c80000,0x00000000f3c80000,0x00000000ffb80000)
 ParOldGen       total 388608K, used 217587K [0x0000000081400000, 0x0000000098f80000, 0x00000000d5c00000)
  object space 388608K, 55% used [0x0000000081400000,0x000000008e87cda8,0x0000000098f80000)
 Metaspace       used 25002K, capacity 25574K, committed 25856K, reserved 1071104K
  class space    used 3117K, capacity 3306K, committed 3328K, reserved 1048576K
Event: 36.095 GC heap after
Heap after GC invocations=54 (full 10):
 PSYoungGen      total 485888K, used 128614K [0x00000000d5c00000, 0x00000000ff500000, 0x0000000100000000)
  eden space 296960K, 0% used [0x00000000d5c00000,0x00000000d5c00000,0x00000000e7e00000)
  from space 188928K, 68% used [0x00000000f3c80000,0x00000000fba19850,0x00000000ff500000)
  to   space 192000K, 0% used [0x00000000e7e00000,0x00000000e7e00000,0x00000000f3980000)
 ParOldGen       total 388608K, used 217627K [0x0000000081400000, 0x0000000098f80000, 0x00000000d5c00000)
  object space 388608K, 56% used [0x0000000081400000,0x000000008e886da8,0x0000000098f80000)
 Metaspace       used 25002K, capacity 25574K, committed 25856K, reserved 1071104K
  class space    used 3117K, capacity 3306K, committed 3328K, reserved 1048576K
}
Event: 36.960 GC heap before
{Heap before GC invocations=55 (full 10):
 PSYoungGen      total 485888K, used 423538K [0x00000000d5c00000, 0x00000000ff500000, 0x0000000100000000)
  eden space 296960K, 99% used [0x00000000d5c00000,0x00000000e7c030e8,0x00000000e7e00000)
  from space 188928K, 68% used [0x00000000f3c80000,0x00000000fba19850,0x00000000ff500000)
  to   space 192000K, 0% used [0x00000000e7e00000,0x00000000e7e00000,0x00000000f3980000)
 ParOldGen       total 388608K, used 217627K [0x0000000081400000, 0x0000000098f80000, 0x00000000d5c00000)
  object space 388608K, 56% used [0x0000000081400000,0x000000008e886da8,0x0000000098f80000)
 Metaspace       used 25011K, capacity 25574K, committed 25856K, reserved 1071104K
  class space    used 3117K, capacity 3306K, committed 3328K, reserved 1048576K
Event: 36.993 GC heap after
Heap after GC invocations=55 (full 10):
 PSYoungGen      total 488960K, used 132908K [0x00000000d5c00000, 0x0000000100000000, 0x0000000100000000)
  eden space 296960K, 0% used [0x00000000d5c00000,0x00000000d5c00000,0x00000000e7e00000)
  from space 192000K, 69% used [0x00000000e7e00000,0x00000000effcb248,0x00000000f3980000)
  to   space 190464K, 0% used [0x00000000f4600000,0x00000000f4600000,0x0000000100000000)
 ParOldGen       total 388608K, used 217675K [0x0000000081400000, 0x0000000098f80000, 0x00000000d5c00000)
  object space 388608K, 56% used [0x0000000081400000,0x000000008e892da8,0x0000000098f80000)
 Metaspace       used 25011K, capacity 25574K, committed 25856K, reserved 1071104K
  class space    used 3117K, capacity 3306K, committed 3328K, reserved 1048576K
}
Event: 38.618 GC heap before
{Heap before GC invocations=56 (full 10):
 PSYoungGen      total 488960K, used 428772K [0x00000000d5c00000, 0x0000000100000000, 0x0000000100000000)
  eden space 296960K, 99% used [0x00000000d5c00000,0x00000000e7cee068,0x00000000e7e00000)
  from space 192000K, 69% used [0x00000000e7e00000,0x00000000effcb248,0x00000000f3980000)
  to   space 190464K, 0% used [0x00000000f4600000,0x00000000f4600000,0x0000000100000000)
 ParOldGen       total 388608K, used 217675K [0x0000000081400000, 0x0000000098f80000, 0x00000000d5c00000)
  object space 388608K, 56% used [0x0000000081400000,0x000000008e892da8,0x0000000098f80000)
 Metaspace       used 25023K, capacity 25574K, committed 25856K, reserved 1071104K
  class space    used 3118K, capacity 3306K, committed 3328K, reserved 1048576K
Event: 38.650 GC heap after
Heap after GC invocations=56 (full 10):
 PSYoungGen      total 487424K, used 123351K [0x00000000d5c00000, 0x00000000ff380000, 0x0000000100000000)
  eden space 309760K, 0% used [0x00000000d5c00000,0x00000000d5c00000,0x00000000e8a80000)
  from space 177664K, 69% used [0x00000000f4600000,0x00000000fbe75d80,0x00000000ff380000)
  to   space 184832K, 0% used [0x00000000e8a80000,0x00000000e8a80000,0x00000000f3f00000)
 ParOldGen       total 388608K, used 217723K [0x0000000081400000, 0x0000000098f80000, 0x00000000d5c00000)
  object space 388608K, 56% used [0x0000000081400000,0x000000008e89eda8,0x0000000098f80000)
 Metaspace       used 25023K, capacity 25574K, committed 25856K, reserved 1071104K
  class space    used 3118K, capacity 3306K, committed 3328K, reserved 1048576K
}
Event: 39.375 GC heap before
{Heap before GC invocations=57 (full 10):
 PSYoungGen      total 487424K, used 429946K [0x00000000d5c00000, 0x00000000ff380000, 0x0000000100000000)
  eden space 309760K, 98% used [0x00000000d5c00000,0x00000000e8768bd8,0x00000000e8a80000)
  from space 177664K, 69% used [0x00000000f4600000,0x00000000fbe75d80,0x00000000ff380000)
  to   space 184832K, 0% used [0x00000000e8a80000,0x00000000e8a80000,0x00000000f3f00000)
 ParOldGen       total 388608K, used 217723K [0x0000000081400000, 0x0000000098f80000, 0x00000000d5c00000)
  object space 388608K, 56% used [0x0000000081400000,0x000000008e89eda8,0x0000000098f80000)
 Metaspace       used 25023K, capacity 25574K, committed 25856K, reserved 1071104K
  class space    used 3118K, capacity 3306K, committed 3328K, reserved 1048576K
Event: 39.411 GC heap after
Heap after GC invocations=57 (full 10):
 PSYoungGen      total 494592K, used 163417K [0x00000000d5c00000, 0x0000000100000000, 0x0000000100000000)
  eden space 309760K, 0% used [0x00000000d5c00000,0x00000000d5c00000,0x00000000e8a80000)
  from space 184832K, 88% used [0x00000000e8a80000,0x00000000f2a16520,0x00000000f3f00000)
  to   space 194560K, 0% used [0x00000000f4200000,0x00000000f4200000,0x0000000100000000)
 ParOldGen       total 388608K, used 217771K [0x0000000081400000, 0x0000000098f80000, 0x00000000d5c00000)
  object space 388608K, 56% used [0x0000000081400000,0x000000008e8aada8,0x0000000098f80000)
 Metaspace       used 25023K, capacity 25574K, committed 25856K, reserved 1071104K
  class space    used 3118K, capacity 3306K, committed 3328K, reserved 1048576K
}
Event: 40.282 GC heap before
{Heap before GC invocations=58 (full 10):
 PSYoungGen      total 494592K, used 472783K [0x00000000d5c00000, 0x0000000100000000, 0x0000000100000000)
  eden space 309760K, 99% used [0x00000000d5c00000,0x00000000e8a1d830,0x00000000e8a80000)
  from space 184832K, 88% used [0x00000000e8a80000,0x00000000f2a16520,0x00000000f3f00000)
  to   space 194560K, 0% used [0x00000000f4200000,0x00000000f4200000,0x0000000100000000)
 ParOldGen       total 388608K, used 217771K [0x0000000081400000, 0x0000000098f80000, 0x00000000d5c00000)
  object space 388608K, 56% used [0x0000000081400000,0x000000008e8aada8,0x0000000098f80000)
 Metaspace       used 25035K, capacity 25574K, committed 25856K, reserved 1071104K
  class space    used 3118K, capacity 3306K, committed 3328K, reserved 1048576K
Event: 40.313 GC heap after
Heap after GC invocations=58 (full 10):
 PSYoungGen      total 501760K, used 127319K [0x00000000d5c00000, 0x00000000ffe80000, 0x0000000100000000)
  eden space 308736K, 0% used [0x00000000d5c00000,0x00000000d5c00000,0x00000000e8980000)
  from space 193024K, 65% used [0x00000000f4200000,0x00000000fbe55de8,0x00000000ffe80000)
  to   space 188928K, 0% used [0x00000000e8980000,0x00000000e8980000,0x00000000f4200000)
 ParOldGen       total 388608K, used 217803K [0x0000000081400000, 0x0000000098f80000, 0x00000000d5c00000)
  object space 388608K, 56% used [0x0000000081400000,0x000000008e8b2da8,0x0000000098f80000)
 Metaspace       used 25035K, capacity 25574K, committed 25856K, reserved 1071104K
  class space    used 3118K, capacity 3306K, committed 3328K, reserved 1048576K
}

