# JRE version: Java(TM) SE Runtime Environment (8.0_66-b17) (build 1.8.0_66-b17)
# Java VM: Java HotSpot(TM) 64-Bit Server VM (25.66-b17 mixed mode linux-amd64 compressed oops)
Heap:
 PSYoungGen      total 94208K, used 53062K [0x00000000d6f80000, 0x00000000dd500000, 0x0000000100000000)
  eden space 87552K, 57% used [0x00000000d6f80000,0x00000000da10c9d0,0x00000000dc500000)
  from space 6656K, 34% used [0x00000000dce80000,0x00000000dd0c5020,0x00000000dd500000)
  to   space 8192K, 0% used [0x00000000dc500000,0x00000000dc500000,0x00000000dcd00000)
 ParOldGen       total 57344K, used 6952K [0x0000000084e00000, 0x0000000088600000, 0x00000000d6f80000)
  object space 57344K, 12% used [0x0000000084e00000,0x00000000854ca048,0x0000000088600000)
 Metaspace       used 22122K, capacity 22702K, committed 23088K, reserved 1069056K
  class space    used 2819K, capacity 3016K, committed 3120K, reserved 1048576K
GC Heap History (10 events):
Event: 5.614 GC heap before
{Heap before GC invocations=7 (full 1):
 PSYoungGen      total 49152K, used 44410K [0x00000000d6f80000, 0x00000000db980000, 0x0000000100000000)
  eden space 44032K, 97% used [0x00000000d6f80000,0x00000000d99729f0,0x00000000d9a80000)
  from space 5120K, 28% used [0x00000000d9a80000,0x00000000d9bec010,0x00000000d9f80000)
  to   space 8192K, 0% used [0x00000000db180000,0x00000000db180000,0x00000000db980000)
 ParOldGen       total 57344K, used 6912K [0x0000000084e00000, 0x0000000088600000, 0x00000000d6f80000)
  object space 57344K, 12% used [0x0000000084e00000,0x00000000854c0048,0x0000000088600000)
 Metaspace       used 21787K, capacity 22380K, committed 22576K, reserved 1069056K
  class space    used 2818K, capacity 3015K, committed 3120K, reserved 1048576K
Event: 5.618 GC heap after
Heap after GC invocations=7 (full 1):
 PSYoungGen      total 67584K, used 4724K [0x00000000d6f80000, 0x00000000db980000, 0x0000000100000000)
  eden space 59392K, 0% used [0x00000000d6f80000,0x00000000d6f80000,0x00000000da980000)
  from space 8192K, 57% used [0x00000000db180000,0x00000000db61d040,0x00000000db980000)
  to   space 8192K, 0% used [0x00000000da980000,0x00000000da980000,0x00000000db180000)
 ParOldGen       total 57344K, used 6920K [0x0000000084e00000, 0x0000000088600000, 0x00000000d6f80000)
  object space 57344K, 12% used [0x0000000084e00000,0x00000000854c2048,0x0000000088600000)
 Metaspace       used 21787K, capacity 22380K, committed 22576K, reserved 1069056K
  class space    used 2818K, capacity 3015K, committed 3120K, reserved 1048576K
}
Event: 6.515 GC heap before
{Heap before GC invocations=8 (full 1):
 PSYoungGen      total 67584K, used 63447K [0x00000000d6f80000, 0x00000000db980000, 0x0000000100000000)
  eden space 59392K, 98% used [0x00000000d6f80000,0x00000000da8d8c48,0x00000000da980000)
  from space 8192K, 57% used [0x00000000db180000,0x00000000db61d040,0x00000000db980000)
  to   space 8192K, 0% used [0x00000000da980000,0x00000000da980000,0x00000000db180000)
 ParOldGen       total 57344K, used 6920K [0x0000000084e00000, 0x0000000088600000, 0x00000000d6f80000)
  object space 57344K, 12% used [0x0000000084e00000,0x00000000854c2048,0x0000000088600000)
 Metaspace       used 21828K, capacity 22444K, committed 22832K, reserved 1069056K
  class space    used 2818K, capacity 3015K, committed 3120K, reserved 1048576K
Event: 6.517 GC heap after
Heap after GC invocations=8 (full 1):
 PSYoungGen      total 67584K, used 2356K [0x00000000d6f80000, 0x00000000dca80000, 0x0000000100000000)
  eden space 59392K, 0% used [0x00000000d6f80000,0x00000000d6f80000,0x00000000da980000)
  from space 8192K, 28% used [0x00000000da980000,0x00000000dabcd020,0x00000000db180000)
  to   space 7680K, 0% used [0x00000000dc300000,0x00000000dc300000,0x00000000dca80000)
 ParOldGen       total 57344K, used 6928K [0x0000000084e00000, 0x0000000088600000, 0x00000000d6f80000)
  object space 57344K, 12% used [0x0000000084e00000,0x00000000854c4048,0x0000000088600000)
 Metaspace       used 21828K, capacity 22444K, committed 22832K, reserved 1069056K
  class space    used 2818K, capacity 3015K, committed 3120K, reserved 1048576K
}
Event: 7.366 GC heap before
{Heap before GC invocations=9 (full 1):
 PSYoungGen      total 67584K, used 60681K [0x00000000d6f80000, 0x00000000dca80000, 0x0000000100000000)
  eden space 59392K, 98% used [0x00000000d6f80000,0x00000000da875718,0x00000000da980000)
  from space 8192K, 28% used [0x00000000da980000,0x00000000dabcd020,0x00000000db180000)
  to   space 7680K, 0% used [0x00000000dc300000,0x00000000dc300000,0x00000000dca80000)
 ParOldGen       total 57344K, used 6928K [0x0000000084e00000, 0x0000000088600000, 0x00000000d6f80000)
  object space 57344K, 12% used [0x0000000084e00000,0x00000000854c4048,0x0000000088600000)
 Metaspace       used 21930K, capacity 22508K, committed 22832K, reserved 1069056K
  class space    used 2818K, capacity 3015K, committed 3120K, reserved 1048576K
Event: 7.370 GC heap after
Heap after GC invocations=9 (full 1):
 PSYoungGen      total 84480K, used 5924K [0x00000000d6f80000, 0x00000000dca80000, 0x0000000100000000)
  eden space 76800K, 0% used [0x00000000d6f80000,0x00000000d6f80000,0x00000000dba80000)
  from space 7680K, 77% used [0x00000000dc300000,0x00000000dc8c9050,0x00000000dca80000)
  to   space 8192K, 0% used [0x00000000dba80000,0x00000000dba80000,0x00000000dc280000)
 ParOldGen       total 57344K, used 6936K [0x0000000084e00000, 0x0000000088600000, 0x00000000d6f80000)
  object space 57344K, 12% used [0x0000000084e00000,0x00000000854c6048,0x0000000088600000)
 Metaspace       used 21930K, capacity 22508K, committed 22832K, reserved 1069056K
  class space    used 2818K, capacity 3015K, committed 3120K, reserved 1048576K
}
Event: 8.521 GC heap before
{Heap before GC invocations=10 (full 1):
 PSYoungGen      total 84480K, used 81978K [0x00000000d6f80000, 0x00000000dca80000, 0x0000000100000000)
  eden space 76800K, 99% used [0x00000000d6f80000,0x00000000db9c5ad8,0x00000000dba80000)
  from space 7680K, 77% used [0x00000000dc300000,0x00000000dc8c9050,0x00000000dca80000)
  to   space 8192K, 0% used [0x00000000dba80000,0x00000000dba80000,0x00000000dc280000)
 ParOldGen       total 57344K, used 6936K [0x0000000084e00000, 0x0000000088600000, 0x00000000d6f80000)
  object space 57344K, 12% used [0x0000000084e00000,0x00000000854c6048,0x0000000088600000)
 Metaspace       used 21983K, capacity 22574K, committed 22832K, reserved 1069056K
  class space    used 2818K, capacity 3016K, committed 3120K, reserved 1048576K
Event: 8.524 GC heap after
Heap after GC invocations=10 (full 1):
 PSYoungGen      total 84992K, used 2388K [0x00000000d6f80000, 0x00000000dd680000, 0x0000000100000000)
  eden space 76800K, 0% used [0x00000000d6f80000,0x00000000d6f80000,0x00000000dba80000)
  from space 8192K, 29% used [0x00000000dba80000,0x00000000dbcd5020,0x00000000dc280000)
  to   space 8192K, 0% used [0x00000000dce80000,0x00000000dce80000,0x00000000dd680000)
 ParOldGen       total 57344K, used 6944K [0x0000000084e00000, 0x0000000088600000, 0x00000000d6f80000)
  object space 57344K, 12% used [0x0000000084e00000,0x00000000854c8048,0x0000000088600000)
 Metaspace       used 21983K, capacity 22574K, committed 22832K, reserved 1069056K
  class space    used 2818K, capacity 3016K, committed 3120K, reserved 1048576K
}
Event: 9.674 GC heap before
{Heap before GC invocations=11 (full 1):
 PSYoungGen      total 84992K, used 79015K [0x00000000d6f80000, 0x00000000dd680000, 0x0000000100000000)
  eden space 76800K, 99% used [0x00000000d6f80000,0x00000000dba54c18,0x00000000dba80000)
  from space 8192K, 29% used [0x00000000dba80000,0x00000000dbcd5020,0x00000000dc280000)
  to   space 8192K, 0% used [0x00000000dce80000,0x00000000dce80000,0x00000000dd680000)
 ParOldGen       total 57344K, used 6944K [0x0000000084e00000, 0x0000000088600000, 0x00000000d6f80000)
  object space 57344K, 12% used [0x0000000084e00000,0x00000000854c8048,0x0000000088600000)
 Metaspace       used 22052K, capacity 22638K, committed 22832K, reserved 1069056K
  class space    used 2818K, capacity 3016K, committed 3120K, reserved 1048576K
Event: 9.676 GC heap after
Heap after GC invocations=11 (full 1):
 PSYoungGen      total 94208K, used 2324K [0x00000000d6f80000, 0x00000000dd500000, 0x0000000100000000)
  eden space 87552K, 0% used [0x00000000d6f80000,0x00000000d6f80000,0x00000000dc500000)
  from space 6656K, 34% used [0x00000000dce80000,0x00000000dd0c5020,0x00000000dd500000)
  to   space 8192K, 0% used [0x00000000dc500000,0x00000000dc500000,0x00000000dcd00000)
 ParOldGen       total 57344K, used 6952K [0x0000000084e00000, 0x0000000088600000, 0x00000000d6f80000)
  object space 57344K, 12% used [0x0000000084e00000,0x00000000854ca048,0x0000000088600000)
 Metaspace       used 22052K, capacity 22638K, committed 22832K, reserved 1069056K
  class space    used 2818K, capacity 3016K, committed 3120K, reserved 1048576K
}

